I191206 09:40:19.325967 39 util/log/clog.go:1196  [config] file created at: 2019/12/06 09:40:19
I191206 09:40:19.325967 39 util/log/clog.go:1196  [config] running on machine: DESKTOP-U6UPKGJ
I191206 09:40:19.325967 39 util/log/clog.go:1196  [config] binary: CockroachDB CCL v19.2.0 (x86_64-w64-mingw32, built 2019/11/12 05:23:23, go1.12.12)
I191206 09:40:19.325967 39 util/log/clog.go:1196  [config] arguments: [cockroach start-single-node --insecure --listen-addr=localhost:26257 --http-addr=localhost:9000]
I191206 09:40:19.325967 39 util/log/clog.go:1196  line format: [IWEF]yymmdd hh:mm:ss.uuuuuu goid file:line msg utf8=✓
I191206 09:40:19.325961 39 storage/engine/rocksdb.go:119  RocksDB version: 6.2.1
I191206 09:40:19.375744 39 storage/engine/rocksdb.go:119  Git sha rocksdb_build_git_sha:@@
I191206 09:40:19.375756 39 storage/engine/rocksdb.go:119  Compile date Nov 12 2019
I191206 09:40:19.375784 39 storage/engine/rocksdb.go:119  DB SUMMARY
I191206 09:40:19.375984 39 storage/engine/rocksdb.go:119  SST files in E:\Praxis-Project-Bootcamp\databases\cockroach-data\cockroach-temp341666515 dir, Total Num: 0, files: 
I191206 09:40:19.376005 39 storage/engine/rocksdb.go:119  Write Ahead Log file in E:\Praxis-Project-Bootcamp\databases\cockroach-data\cockroach-temp341666515: 
I191206 09:40:19.376017 39 storage/engine/rocksdb.go:119                          Options.error_if_exists: 0
I191206 09:40:19.376027 39 storage/engine/rocksdb.go:119                        Options.create_if_missing: 1
I191206 09:40:19.376038 39 storage/engine/rocksdb.go:119                          Options.paranoid_checks: 1
I191206 09:40:19.376048 39 storage/engine/rocksdb.go:119                                      Options.env: 00000000001bb280
I191206 09:40:19.376064 39 storage/engine/rocksdb.go:119                                 Options.info_log: 000000000fdee460
I191206 09:40:19.376074 39 storage/engine/rocksdb.go:119                 Options.max_file_opening_threads: 16
I191206 09:40:19.376084 39 storage/engine/rocksdb.go:119                               Options.statistics: 00000000001ca6b0
I191206 09:40:19.376094 39 storage/engine/rocksdb.go:119                                Options.use_fsync: 0
I191206 09:40:19.376103 39 storage/engine/rocksdb.go:119                        Options.max_log_file_size: 0
I191206 09:40:19.376119 39 storage/engine/rocksdb.go:119                   Options.max_manifest_file_size: 134217728
I191206 09:40:19.376129 39 storage/engine/rocksdb.go:119                    Options.log_file_time_to_roll: 0
I191206 09:40:19.376138 39 storage/engine/rocksdb.go:119                        Options.keep_log_file_num: 1000
I191206 09:40:19.376148 39 storage/engine/rocksdb.go:119                     Options.recycle_log_file_num: 1
I191206 09:40:19.376158 39 storage/engine/rocksdb.go:119                          Options.allow_fallocate: 1
I191206 09:40:19.376167 39 storage/engine/rocksdb.go:119                         Options.allow_mmap_reads: 0
I191206 09:40:19.376183 39 storage/engine/rocksdb.go:119                        Options.allow_mmap_writes: 0
I191206 09:40:19.376192 39 storage/engine/rocksdb.go:119                         Options.use_direct_reads: 0
I191206 09:40:19.376202 39 storage/engine/rocksdb.go:119                         Options.use_direct_io_for_flush_and_compaction: 0
I191206 09:40:19.376212 39 storage/engine/rocksdb.go:119           Options.create_missing_column_families: 0
I191206 09:40:19.376221 39 storage/engine/rocksdb.go:119                               Options.db_log_dir: 
I191206 09:40:19.376237 39 storage/engine/rocksdb.go:119                                  Options.wal_dir: E:\Praxis-Project-Bootcamp\databases\cockroach-data\cockroach-temp341666515
I191206 09:40:19.376247 39 storage/engine/rocksdb.go:119                 Options.table_cache_numshardbits: 6
I191206 09:40:19.376257 39 storage/engine/rocksdb.go:119                       Options.max_subcompactions: 1
I191206 09:40:19.376266 39 storage/engine/rocksdb.go:119                   Options.max_background_flushes: -1
I191206 09:40:19.376276 39 storage/engine/rocksdb.go:119                          Options.WAL_ttl_seconds: 0
I191206 09:40:19.376291 39 storage/engine/rocksdb.go:119                        Options.WAL_size_limit_MB: 0
I191206 09:40:19.376301 39 storage/engine/rocksdb.go:119              Options.manifest_preallocation_size: 4194304
I191206 09:40:19.376310 39 storage/engine/rocksdb.go:119                      Options.is_fd_close_on_exec: 1
I191206 09:40:19.376320 39 storage/engine/rocksdb.go:119                    Options.advise_random_on_open: 1
I191206 09:40:19.376329 39 storage/engine/rocksdb.go:119                     Options.db_write_buffer_size: 0
I191206 09:40:19.376339 39 storage/engine/rocksdb.go:119                     Options.write_buffer_manager: 00000000001e62e0
I191206 09:40:19.376357 39 storage/engine/rocksdb.go:119          Options.access_hint_on_compaction_start: 1
I191206 09:40:19.376367 39 storage/engine/rocksdb.go:119   Options.new_table_reader_for_compaction_inputs: 0
I191206 09:40:19.376377 39 storage/engine/rocksdb.go:119            Options.random_access_max_buffer_size: 1048576
I191206 09:40:19.376387 39 storage/engine/rocksdb.go:119                       Options.use_adaptive_mutex: 0
I191206 09:40:19.376404 39 storage/engine/rocksdb.go:119                             Options.rate_limiter: 0000000000000000
I191206 09:40:19.376427 39 storage/engine/rocksdb.go:119      Options.sst_file_manager.rate_bytes_per_sec: 0
I191206 09:40:19.376442 39 storage/engine/rocksdb.go:119                        Options.wal_recovery_mode: 0
I191206 09:40:19.376467 39 storage/engine/rocksdb.go:119                   Options.enable_thread_tracking: 0
I191206 09:40:19.376483 39 storage/engine/rocksdb.go:119                   Options.enable_pipelined_write: 0
I191206 09:40:19.376493 39 storage/engine/rocksdb.go:119          Options.allow_concurrent_memtable_write: 1
I191206 09:40:19.376509 39 storage/engine/rocksdb.go:119       Options.enable_write_thread_adaptive_yield: 1
I191206 09:40:19.376519 39 storage/engine/rocksdb.go:119              Options.write_thread_max_yield_usec: 100
I191206 09:40:19.376529 39 storage/engine/rocksdb.go:119             Options.write_thread_slow_yield_usec: 3
I191206 09:40:19.376552 39 storage/engine/rocksdb.go:119                                Options.row_cache: None
I191206 09:40:19.376563 39 storage/engine/rocksdb.go:119                               Options.wal_filter: None
I191206 09:40:19.376574 39 storage/engine/rocksdb.go:119              Options.avoid_flush_during_recovery: 0
I191206 09:40:19.376590 39 storage/engine/rocksdb.go:119              Options.allow_ingest_behind: 0
I191206 09:40:19.376600 39 storage/engine/rocksdb.go:119              Options.preserve_deletes: 0
I191206 09:40:19.376610 39 storage/engine/rocksdb.go:119              Options.two_write_queues: 0
I191206 09:40:19.376619 39 storage/engine/rocksdb.go:119              Options.manual_wal_flush: 1
I191206 09:40:19.376629 39 storage/engine/rocksdb.go:119              Options.atomic_flush: 0
I191206 09:40:19.376645 39 storage/engine/rocksdb.go:119              Options.avoid_unnecessary_blocking_io: 0
I191206 09:40:19.376655 39 storage/engine/rocksdb.go:119              Options.max_background_jobs: 4
I191206 09:40:19.376666 39 storage/engine/rocksdb.go:119              Options.max_background_compactions: -1
I191206 09:40:19.376676 39 storage/engine/rocksdb.go:119              Options.avoid_flush_during_shutdown: 0
I191206 09:40:19.376686 39 storage/engine/rocksdb.go:119            Options.writable_file_max_buffer_size: 1048576
I191206 09:40:19.376702 39 storage/engine/rocksdb.go:119              Options.delayed_write_rate : 16777216
I191206 09:40:19.376715 39 storage/engine/rocksdb.go:119              Options.max_total_wal_size: 0
I191206 09:40:19.376726 39 storage/engine/rocksdb.go:119              Options.delete_obsolete_files_period_micros: 21600000000
I191206 09:40:19.376735 39 storage/engine/rocksdb.go:119                    Options.stats_dump_period_sec: 0
I191206 09:40:19.376745 39 storage/engine/rocksdb.go:119                  Options.stats_persist_period_sec: 600
I191206 09:40:19.376755 39 storage/engine/rocksdb.go:119                  Options.stats_history_buffer_size: 1048576
I191206 09:40:19.376771 39 storage/engine/rocksdb.go:119                           Options.max_open_files: 128
I191206 09:40:19.376780 39 storage/engine/rocksdb.go:119                           Options.bytes_per_sync: 524288
I191206 09:40:19.376790 39 storage/engine/rocksdb.go:119                       Options.wal_bytes_per_sync: 0
I191206 09:40:19.376800 39 storage/engine/rocksdb.go:119                    Options.strict_bytes_per_sync: 1
I191206 09:40:19.376810 39 storage/engine/rocksdb.go:119        Options.compaction_readahead_size: 0
I191206 09:40:19.376828 39 storage/engine/rocksdb.go:119  Compression algorithms supported:
I191206 09:40:19.376839 39 storage/engine/rocksdb.go:119  	kZSTDNotFinalCompression supported: 0
I191206 09:40:19.376849 39 storage/engine/rocksdb.go:119  	kZSTD supported: 0
I191206 09:40:19.376859 39 storage/engine/rocksdb.go:119  	kXpressCompression supported: 0
I191206 09:40:19.376869 39 storage/engine/rocksdb.go:119  	kLZ4HCCompression supported: 0
I191206 09:40:19.376884 39 storage/engine/rocksdb.go:119  	kLZ4Compression supported: 0
I191206 09:40:19.376894 39 storage/engine/rocksdb.go:119  	kBZip2Compression supported: 0
I191206 09:40:19.376904 39 storage/engine/rocksdb.go:119  	kZlibCompression supported: 0
I191206 09:40:19.376913 39 storage/engine/rocksdb.go:119  	kSnappyCompression supported: 1
I191206 09:40:19.376945 39 storage/engine/rocksdb.go:119  Fast CRC32 supported: Supported on x86
I191206 09:40:19.536026 39 storage/engine/rocksdb.go:119  [db/db_impl_open.cc:242] Creating manifest 1 
I191206 09:40:20.240611 39 storage/engine/rocksdb.go:119  [db/version_set.cc:4072] Recovering from manifest file: E:\Praxis-Project-Bootcamp\databases\cockroach-data\cockroach-temp341666515/MANIFEST-000001
I191206 09:40:20.271592 39 storage/engine/rocksdb.go:119  [db/column_family.cc:488] --------------- Options for column family [default]:
I191206 09:40:20.271610 39 storage/engine/rocksdb.go:119                Options.comparator: cockroach_comparator
I191206 09:40:20.280161 39 storage/engine/rocksdb.go:119            Options.merge_operator: cockroach_merge_operator
I191206 09:40:20.280175 39 storage/engine/rocksdb.go:119         Options.compaction_filter: None
I191206 09:40:20.280184 39 storage/engine/rocksdb.go:119         Options.compaction_filter_factory: None
I191206 09:40:20.280193 39 storage/engine/rocksdb.go:119          Options.memtable_factory: SkipListFactory
I191206 09:40:20.280201 39 storage/engine/rocksdb.go:119             Options.table_factory: BlockBasedTable
I191206 09:40:20.280313 39 storage/engine/rocksdb.go:119             table_factory options:   flush_block_policy_factory: FlushBlockBySizePolicyFactory (000000000019d048)
  cache_index_and_filter_blocks: 0
  cache_index_and_filter_blocks_with_high_priority: 0
  pin_l0_filter_and_index_blocks_in_cache: 0
  pin_top_level_index_and_filter: 1
  index_type: 0
  data_block_index_type: 0
  index_shortening: 1
  data_block_hash_table_util_ratio: 0.750000
  hash_index_allow_collision: 1
  checksum: 1
  no_block_cache: 0
  block_cache: 000000000fdeb370
  block_cache_name: LRUCache
  block_cache_options:
    capacity : 1048576
    num_shard_bits : 4
    strict_capacity_limit : 0
    memory_allocator : None
    high_pri_pool_ratio: 0.000
  block_cache_compressed: 0000000000000000
  persistent_cache: 0000000000000000
  block_size: 32768
  block_size_deviation: 10
  block_restart_interval: 16
  index_block_restart_interval: 1
  metadata_block_size: 4096
  partition_filters: 0
  use_delta_encoding: 1
  filter_policy: rocksdb.BuiltinBloomFilter
  whole_key_filtering: 0
  verify_compression: 0
  read_amp_bytes_per_bit: 0
  format_version: 2
  enable_index_compression: 1
  block_align: 0
I191206 09:40:20.280326 39 storage/engine/rocksdb.go:119         Options.write_buffer_size: 67108864
I191206 09:40:20.280336 39 storage/engine/rocksdb.go:119   Options.max_write_buffer_number: 4
I191206 09:40:20.280345 39 storage/engine/rocksdb.go:119           Options.compression: Snappy
I191206 09:40:20.280357 39 storage/engine/rocksdb.go:119                   Options.bottommost_compression: Disabled
I191206 09:40:20.280365 39 storage/engine/rocksdb.go:119        Options.prefix_extractor: cockroach_prefix_extractor
I191206 09:40:20.280374 39 storage/engine/rocksdb.go:119    Options.memtable_insert_with_hint_prefix_extractor: nullptr
I191206 09:40:20.280382 39 storage/engine/rocksdb.go:119              Options.num_levels: 7
I191206 09:40:20.280390 39 storage/engine/rocksdb.go:119         Options.min_write_buffer_number_to_merge: 1
I191206 09:40:20.280398 39 storage/engine/rocksdb.go:119      Options.max_write_buffer_number_to_maintain: 0
I191206 09:40:20.280406 39 storage/engine/rocksdb.go:119             Options.bottommost_compression_opts.window_bits: -14
I191206 09:40:20.280414 39 storage/engine/rocksdb.go:119                   Options.bottommost_compression_opts.level: 32767
I191206 09:40:20.280422 39 storage/engine/rocksdb.go:119                Options.bottommost_compression_opts.strategy: 0
I191206 09:40:20.280430 39 storage/engine/rocksdb.go:119          Options.bottommost_compression_opts.max_dict_bytes: 0
I191206 09:40:20.280438 39 storage/engine/rocksdb.go:119          Options.bottommost_compression_opts.zstd_max_train_bytes: 0
I191206 09:40:20.280446 39 storage/engine/rocksdb.go:119                   Options.bottommost_compression_opts.enabled: false
I191206 09:40:20.280454 39 storage/engine/rocksdb.go:119             Options.compression_opts.window_bits: -14
I191206 09:40:20.280462 39 storage/engine/rocksdb.go:119                   Options.compression_opts.level: 32767
I191206 09:40:20.280470 39 storage/engine/rocksdb.go:119                Options.compression_opts.strategy: 0
I191206 09:40:20.280478 39 storage/engine/rocksdb.go:119          Options.compression_opts.max_dict_bytes: 0
I191206 09:40:20.280486 39 storage/engine/rocksdb.go:119          Options.compression_opts.zstd_max_train_bytes: 0
I191206 09:40:20.280494 39 storage/engine/rocksdb.go:119                   Options.compression_opts.enabled: false
I191206 09:40:20.280502 39 storage/engine/rocksdb.go:119       Options.level0_file_num_compaction_trigger: 2
I191206 09:40:20.280509 39 storage/engine/rocksdb.go:119           Options.level0_slowdown_writes_trigger: 950
I191206 09:40:20.280517 39 storage/engine/rocksdb.go:119               Options.level0_stop_writes_trigger: 1000
I191206 09:40:20.280525 39 storage/engine/rocksdb.go:119                    Options.target_file_size_base: 4194304
I191206 09:40:20.280533 39 storage/engine/rocksdb.go:119              Options.target_file_size_multiplier: 2
I191206 09:40:20.280541 39 storage/engine/rocksdb.go:119                 Options.max_bytes_for_level_base: 67108864
I191206 09:40:20.280549 39 storage/engine/rocksdb.go:119  Options.level_compaction_dynamic_level_bytes: 1
I191206 09:40:20.280558 39 storage/engine/rocksdb.go:119           Options.max_bytes_for_level_multiplier: 10.000000
I191206 09:40:20.280567 39 storage/engine/rocksdb.go:119  Options.max_bytes_for_level_multiplier_addtl[0]: 1
I191206 09:40:20.280575 39 storage/engine/rocksdb.go:119  Options.max_bytes_for_level_multiplier_addtl[1]: 1
I191206 09:40:20.280582 39 storage/engine/rocksdb.go:119  Options.max_bytes_for_level_multiplier_addtl[2]: 1
I191206 09:40:20.280590 39 storage/engine/rocksdb.go:119  Options.max_bytes_for_level_multiplier_addtl[3]: 1
I191206 09:40:20.280598 39 storage/engine/rocksdb.go:119  Options.max_bytes_for_level_multiplier_addtl[4]: 1
I191206 09:40:20.280609 39 storage/engine/rocksdb.go:119  Options.max_bytes_for_level_multiplier_addtl[5]: 1
I191206 09:40:20.280618 39 storage/engine/rocksdb.go:119  Options.max_bytes_for_level_multiplier_addtl[6]: 1
I191206 09:40:20.280626 39 storage/engine/rocksdb.go:119        Options.max_sequential_skip_in_iterations: 8
I191206 09:40:20.280634 39 storage/engine/rocksdb.go:119                     Options.max_compaction_bytes: 104857600
I191206 09:40:20.280642 39 storage/engine/rocksdb.go:119                         Options.arena_block_size: 8388608
I191206 09:40:20.280651 39 storage/engine/rocksdb.go:119    Options.soft_pending_compaction_bytes_limit: 2199023255552
I191206 09:40:20.280660 39 storage/engine/rocksdb.go:119    Options.hard_pending_compaction_bytes_limit: 4400193994752
I191206 09:40:20.280668 39 storage/engine/rocksdb.go:119        Options.rate_limit_delay_max_milliseconds: 100
I191206 09:40:20.280676 39 storage/engine/rocksdb.go:119                 Options.disable_auto_compactions: 0
I191206 09:40:20.280686 39 storage/engine/rocksdb.go:119                         Options.compaction_style: kCompactionStyleLevel
I191206 09:40:20.280695 39 storage/engine/rocksdb.go:119                           Options.compaction_pri: kMinOverlappingRatio
I191206 09:40:20.280703 39 storage/engine/rocksdb.go:119  Options.compaction_options_universal.size_ratio: 1
I191206 09:40:20.280711 39 storage/engine/rocksdb.go:119  Options.compaction_options_universal.min_merge_width: 2
I191206 09:40:20.280719 39 storage/engine/rocksdb.go:119  Options.compaction_options_universal.max_merge_width: 4294967295
I191206 09:40:20.280727 39 storage/engine/rocksdb.go:119  Options.compaction_options_universal.max_size_amplification_percent: 200
I191206 09:40:20.280735 39 storage/engine/rocksdb.go:119  Options.compaction_options_universal.compression_size_percent: -1
I191206 09:40:20.280744 39 storage/engine/rocksdb.go:119  Options.compaction_options_universal.stop_style: kCompactionStopStyleTotalSize
I191206 09:40:20.280752 39 storage/engine/rocksdb.go:119  Options.compaction_options_fifo.max_table_files_size: 1073741824
I191206 09:40:20.280760 39 storage/engine/rocksdb.go:119  Options.compaction_options_fifo.allow_compaction: 0
I191206 09:40:20.280784 39 storage/engine/rocksdb.go:119                    Options.table_properties_collectors: TimeBoundTblPropCollectorFactory; DeleteRangeTblPropCollectorFactory; 
I191206 09:40:20.280794 39 storage/engine/rocksdb.go:119                    Options.inplace_update_support: 0
I191206 09:40:20.280803 39 storage/engine/rocksdb.go:119                  Options.inplace_update_num_locks: 10000
I191206 09:40:20.280811 39 storage/engine/rocksdb.go:119                Options.memtable_prefix_bloom_size_ratio: 0.000000
I191206 09:40:20.280819 39 storage/engine/rocksdb.go:119                Options.memtable_whole_key_filtering: 0
I191206 09:40:20.280827 39 storage/engine/rocksdb.go:119    Options.memtable_huge_page_size: 0
I191206 09:40:20.280835 39 storage/engine/rocksdb.go:119                            Options.bloom_locality: 0
I191206 09:40:20.280843 39 storage/engine/rocksdb.go:119                     Options.max_successive_merges: 0
I191206 09:40:20.280851 39 storage/engine/rocksdb.go:119                 Options.optimize_filters_for_hits: 1
I191206 09:40:20.280859 39 storage/engine/rocksdb.go:119                 Options.paranoid_file_checks: 0
I191206 09:40:20.280867 39 storage/engine/rocksdb.go:119                 Options.force_consistency_checks: 0
I191206 09:40:20.280875 39 storage/engine/rocksdb.go:119                 Options.report_bg_io_stats: 0
I191206 09:40:20.280883 39 storage/engine/rocksdb.go:119                                Options.ttl: 0
I191206 09:40:20.280891 39 storage/engine/rocksdb.go:119           Options.periodic_compaction_seconds: 0
I191206 09:40:20.297673 39 storage/engine/rocksdb.go:119  [db/version_set.cc:4286] Recovered from manifest file:E:\Praxis-Project-Bootcamp\databases\cockroach-data\cockroach-temp341666515/MANIFEST-000001 succeeded,manifest_file_number is 1, next_file_number is 3, last_sequence is 0, log_number is 0,prev_log_number is 0,max_column_family is 0,min_log_number_to_keep is 0
I191206 09:40:20.297713 39 storage/engine/rocksdb.go:119  [db/version_set.cc:4295] Column family [default] (ID 0), log number is 0
I191206 09:40:20.742139 39 storage/engine/rocksdb.go:119  DB pointer 000000001491c000
I191206 09:40:24.708436 39 storage/engine/rocksdb.go:119  RocksDB version: 6.2.1
I191206 09:40:24.708474 39 storage/engine/rocksdb.go:119  Git sha rocksdb_build_git_sha:@@
I191206 09:40:24.708498 39 storage/engine/rocksdb.go:119  Compile date Nov 12 2019
I191206 09:40:24.708522 39 storage/engine/rocksdb.go:119  DB SUMMARY
I191206 09:40:24.743101 39 storage/engine/rocksdb.go:119  CURRENT file:  CURRENT
I191206 09:40:24.743139 39 storage/engine/rocksdb.go:119  IDENTITY file:  IDENTITY
I191206 09:40:24.743294 39 storage/engine/rocksdb.go:119  MANIFEST file:  MANIFEST-000107 size: 1435 Bytes
I191206 09:40:24.743328 39 storage/engine/rocksdb.go:119  SST files in E:\Praxis-Project-Bootcamp\databases\cockroach-data dir, Total Num: 3, files: 000126.sst 000127.sst 000128.sst 
I191206 09:40:24.743354 39 storage/engine/rocksdb.go:119  Write Ahead Log file in E:\Praxis-Project-Bootcamp\databases\cockroach-data: 000122.log size: 59931257 ; 000124.log size: 28356509 ; 
I191206 09:40:24.743381 39 storage/engine/rocksdb.go:119                          Options.error_if_exists: 0
I191206 09:40:24.743403 39 storage/engine/rocksdb.go:119                        Options.create_if_missing: 1
I191206 09:40:24.743425 39 storage/engine/rocksdb.go:119                          Options.paranoid_checks: 1
I191206 09:40:24.743448 39 storage/engine/rocksdb.go:119                                      Options.env: 00000000001bb280
I191206 09:40:24.743470 39 storage/engine/rocksdb.go:119                                 Options.info_log: 0000000015ab10c0
I191206 09:40:24.743492 39 storage/engine/rocksdb.go:119                 Options.max_file_opening_threads: 16
I191206 09:40:24.743514 39 storage/engine/rocksdb.go:119                               Options.statistics: 0000000015ac9010
I191206 09:40:24.743536 39 storage/engine/rocksdb.go:119                                Options.use_fsync: 0
I191206 09:40:24.743558 39 storage/engine/rocksdb.go:119                        Options.max_log_file_size: 0
I191206 09:40:24.743580 39 storage/engine/rocksdb.go:119                   Options.max_manifest_file_size: 134217728
I191206 09:40:24.743601 39 storage/engine/rocksdb.go:119                    Options.log_file_time_to_roll: 0
I191206 09:40:24.743622 39 storage/engine/rocksdb.go:119                        Options.keep_log_file_num: 1000
I191206 09:40:24.743644 39 storage/engine/rocksdb.go:119                     Options.recycle_log_file_num: 1
I191206 09:40:24.743665 39 storage/engine/rocksdb.go:119                          Options.allow_fallocate: 1
I191206 09:40:24.743687 39 storage/engine/rocksdb.go:119                         Options.allow_mmap_reads: 0
I191206 09:40:24.743708 39 storage/engine/rocksdb.go:119                        Options.allow_mmap_writes: 0
I191206 09:40:24.743729 39 storage/engine/rocksdb.go:119                         Options.use_direct_reads: 0
I191206 09:40:24.743751 39 storage/engine/rocksdb.go:119                         Options.use_direct_io_for_flush_and_compaction: 0
I191206 09:40:24.743772 39 storage/engine/rocksdb.go:119           Options.create_missing_column_families: 0
I191206 09:40:24.743793 39 storage/engine/rocksdb.go:119                               Options.db_log_dir: 
I191206 09:40:24.743816 39 storage/engine/rocksdb.go:119                                  Options.wal_dir: E:\Praxis-Project-Bootcamp\databases\cockroach-data
I191206 09:40:24.743837 39 storage/engine/rocksdb.go:119                 Options.table_cache_numshardbits: 6
I191206 09:40:24.743878 39 storage/engine/rocksdb.go:119                       Options.max_subcompactions: 1
I191206 09:40:24.743902 39 storage/engine/rocksdb.go:119                   Options.max_background_flushes: -1
I191206 09:40:24.743924 39 storage/engine/rocksdb.go:119                          Options.WAL_ttl_seconds: 0
I191206 09:40:24.743946 39 storage/engine/rocksdb.go:119                        Options.WAL_size_limit_MB: 0
I191206 09:40:24.743969 39 storage/engine/rocksdb.go:119              Options.manifest_preallocation_size: 4194304
I191206 09:40:24.743990 39 storage/engine/rocksdb.go:119                      Options.is_fd_close_on_exec: 1
I191206 09:40:24.744016 39 storage/engine/rocksdb.go:119                    Options.advise_random_on_open: 1
I191206 09:40:24.744039 39 storage/engine/rocksdb.go:119                     Options.db_write_buffer_size: 0
I191206 09:40:24.744062 39 storage/engine/rocksdb.go:119                     Options.write_buffer_manager: 0000000015b31030
I191206 09:40:24.744083 39 storage/engine/rocksdb.go:119          Options.access_hint_on_compaction_start: 1
I191206 09:40:24.744104 39 storage/engine/rocksdb.go:119   Options.new_table_reader_for_compaction_inputs: 0
I191206 09:40:24.744125 39 storage/engine/rocksdb.go:119            Options.random_access_max_buffer_size: 1048576
I191206 09:40:24.744148 39 storage/engine/rocksdb.go:119                       Options.use_adaptive_mutex: 0
I191206 09:40:24.744171 39 storage/engine/rocksdb.go:119                             Options.rate_limiter: 0000000000000000
I191206 09:40:24.744194 39 storage/engine/rocksdb.go:119      Options.sst_file_manager.rate_bytes_per_sec: 0
I191206 09:40:24.744215 39 storage/engine/rocksdb.go:119                        Options.wal_recovery_mode: 0
I191206 09:40:24.744237 39 storage/engine/rocksdb.go:119                   Options.enable_thread_tracking: 0
I191206 09:40:24.744258 39 storage/engine/rocksdb.go:119                   Options.enable_pipelined_write: 0
I191206 09:40:24.744280 39 storage/engine/rocksdb.go:119          Options.allow_concurrent_memtable_write: 1
I191206 09:40:24.744302 39 storage/engine/rocksdb.go:119       Options.enable_write_thread_adaptive_yield: 1
I191206 09:40:24.744323 39 storage/engine/rocksdb.go:119              Options.write_thread_max_yield_usec: 100
I191206 09:40:24.744344 39 storage/engine/rocksdb.go:119             Options.write_thread_slow_yield_usec: 3
I191206 09:40:24.744365 39 storage/engine/rocksdb.go:119                                Options.row_cache: None
I191206 09:40:24.744387 39 storage/engine/rocksdb.go:119                               Options.wal_filter: None
I191206 09:40:24.744408 39 storage/engine/rocksdb.go:119              Options.avoid_flush_during_recovery: 0
I191206 09:40:24.744429 39 storage/engine/rocksdb.go:119              Options.allow_ingest_behind: 0
I191206 09:40:24.744452 39 storage/engine/rocksdb.go:119              Options.preserve_deletes: 0
I191206 09:40:24.744474 39 storage/engine/rocksdb.go:119              Options.two_write_queues: 0
I191206 09:40:24.744495 39 storage/engine/rocksdb.go:119              Options.manual_wal_flush: 1
I191206 09:40:24.744516 39 storage/engine/rocksdb.go:119              Options.atomic_flush: 0
I191206 09:40:24.744538 39 storage/engine/rocksdb.go:119              Options.avoid_unnecessary_blocking_io: 0
I191206 09:40:24.744559 39 storage/engine/rocksdb.go:119              Options.max_background_jobs: 4
I191206 09:40:24.744580 39 storage/engine/rocksdb.go:119              Options.max_background_compactions: -1
I191206 09:40:24.744601 39 storage/engine/rocksdb.go:119              Options.avoid_flush_during_shutdown: 0
I191206 09:40:24.744623 39 storage/engine/rocksdb.go:119            Options.writable_file_max_buffer_size: 1048576
I191206 09:40:24.744645 39 storage/engine/rocksdb.go:119              Options.delayed_write_rate : 16777216
I191206 09:40:24.744665 39 storage/engine/rocksdb.go:119              Options.max_total_wal_size: 0
I191206 09:40:24.744689 39 storage/engine/rocksdb.go:119              Options.delete_obsolete_files_period_micros: 21600000000
I191206 09:40:24.744711 39 storage/engine/rocksdb.go:119                    Options.stats_dump_period_sec: 0
I191206 09:40:24.744733 39 storage/engine/rocksdb.go:119                  Options.stats_persist_period_sec: 600
I191206 09:40:24.744754 39 storage/engine/rocksdb.go:119                  Options.stats_history_buffer_size: 1048576
I191206 09:40:24.744775 39 storage/engine/rocksdb.go:119                           Options.max_open_files: 10000
I191206 09:40:24.744796 39 storage/engine/rocksdb.go:119                           Options.bytes_per_sync: 524288
I191206 09:40:24.744817 39 storage/engine/rocksdb.go:119                       Options.wal_bytes_per_sync: 0
I191206 09:40:24.744839 39 storage/engine/rocksdb.go:119                    Options.strict_bytes_per_sync: 1
I191206 09:40:24.744876 39 storage/engine/rocksdb.go:119        Options.compaction_readahead_size: 0
I191206 09:40:24.744899 39 storage/engine/rocksdb.go:119  Compression algorithms supported:
I191206 09:40:24.744922 39 storage/engine/rocksdb.go:119  	kZSTDNotFinalCompression supported: 0
I191206 09:40:24.744944 39 storage/engine/rocksdb.go:119  	kZSTD supported: 0
I191206 09:40:24.744965 39 storage/engine/rocksdb.go:119  	kXpressCompression supported: 0
I191206 09:40:24.744987 39 storage/engine/rocksdb.go:119  	kLZ4HCCompression supported: 0
I191206 09:40:24.745008 39 storage/engine/rocksdb.go:119  	kLZ4Compression supported: 0
I191206 09:40:24.745029 39 storage/engine/rocksdb.go:119  	kBZip2Compression supported: 0
I191206 09:40:24.745051 39 storage/engine/rocksdb.go:119  	kZlibCompression supported: 0
I191206 09:40:24.745072 39 storage/engine/rocksdb.go:119  	kSnappyCompression supported: 1
I191206 09:40:24.745103 39 storage/engine/rocksdb.go:119  Fast CRC32 supported: Supported on x86
I191206 09:40:24.822107 39 storage/engine/rocksdb.go:119  [db/version_set.cc:4072] Recovering from manifest file: E:\Praxis-Project-Bootcamp\databases\cockroach-data/MANIFEST-000107
I191206 09:40:24.931900 39 storage/engine/rocksdb.go:119  [db/column_family.cc:488] --------------- Options for column family [default]:
I191206 09:40:24.931956 39 storage/engine/rocksdb.go:119                Options.comparator: cockroach_comparator
I191206 09:40:24.931996 39 storage/engine/rocksdb.go:119            Options.merge_operator: cockroach_merge_operator
I191206 09:40:24.932034 39 storage/engine/rocksdb.go:119         Options.compaction_filter: None
I191206 09:40:24.932071 39 storage/engine/rocksdb.go:119         Options.compaction_filter_factory: None
I191206 09:40:24.932107 39 storage/engine/rocksdb.go:119          Options.memtable_factory: SkipListFactory
I191206 09:40:24.932145 39 storage/engine/rocksdb.go:119             Options.table_factory: BlockBasedTable
I191206 09:40:24.932425 39 storage/engine/rocksdb.go:119             table_factory options:   flush_block_policy_factory: FlushBlockBySizePolicyFactory (0000000015ac8028)
  cache_index_and_filter_blocks: 0
  cache_index_and_filter_blocks_with_high_priority: 0
  pin_l0_filter_and_index_blocks_in_cache: 0
  pin_top_level_index_and_filter: 1
  index_type: 0
  data_block_index_type: 0
  index_shortening: 1
  data_block_hash_table_util_ratio: 0.750000
  hash_index_allow_collision: 1
  checksum: 1
  no_block_cache: 0
  block_cache: 0000000015ab2010
  block_cache_name: LRUCache
  block_cache_options:
    capacity : 67108864
    num_shard_bits : 4
    strict_capacity_limit : 0
    memory_allocator : None
    high_pri_pool_ratio: 0.000
  block_cache_compressed: 0000000000000000
  persistent_cache: 0000000000000000
  block_size: 32768
  block_size_deviation: 10
  block_restart_interval: 16
  index_block_restart_interval: 1
  metadata_block_size: 4096
  partition_filters: 0
  use_delta_encoding: 1
  filter_policy: rocksdb.BuiltinBloomFilter
  whole_key_filtering: 0
  verify_compression: 0
  read_amp_bytes_per_bit: 0
  format_version: 2
  enable_index_compression: 1
  block_align: 0
I191206 09:40:24.932476 39 storage/engine/rocksdb.go:119         Options.write_buffer_size: 67108864
I191206 09:40:24.932519 39 storage/engine/rocksdb.go:119   Options.max_write_buffer_number: 4
I191206 09:40:24.932557 39 storage/engine/rocksdb.go:119           Options.compression: Snappy
I191206 09:40:24.932595 39 storage/engine/rocksdb.go:119                   Options.bottommost_compression: Disabled
I191206 09:40:24.932631 39 storage/engine/rocksdb.go:119        Options.prefix_extractor: cockroach_prefix_extractor
I191206 09:40:24.932668 39 storage/engine/rocksdb.go:119    Options.memtable_insert_with_hint_prefix_extractor: nullptr
I191206 09:40:24.932703 39 storage/engine/rocksdb.go:119              Options.num_levels: 7
I191206 09:40:24.932752 39 storage/engine/rocksdb.go:119         Options.min_write_buffer_number_to_merge: 1
I191206 09:40:24.932789 39 storage/engine/rocksdb.go:119      Options.max_write_buffer_number_to_maintain: 0
I191206 09:40:24.932825 39 storage/engine/rocksdb.go:119             Options.bottommost_compression_opts.window_bits: -14
I191206 09:40:24.932863 39 storage/engine/rocksdb.go:119                   Options.bottommost_compression_opts.level: 32767
I191206 09:40:24.932901 39 storage/engine/rocksdb.go:119                Options.bottommost_compression_opts.strategy: 0
I191206 09:40:24.932935 39 storage/engine/rocksdb.go:119          Options.bottommost_compression_opts.max_dict_bytes: 0
I191206 09:40:24.932972 39 storage/engine/rocksdb.go:119          Options.bottommost_compression_opts.zstd_max_train_bytes: 0
I191206 09:40:24.933008 39 storage/engine/rocksdb.go:119                   Options.bottommost_compression_opts.enabled: false
I191206 09:40:24.933043 39 storage/engine/rocksdb.go:119             Options.compression_opts.window_bits: -14
I191206 09:40:24.933083 39 storage/engine/rocksdb.go:119                   Options.compression_opts.level: 32767
I191206 09:40:24.933119 39 storage/engine/rocksdb.go:119                Options.compression_opts.strategy: 0
I191206 09:40:24.933155 39 storage/engine/rocksdb.go:119          Options.compression_opts.max_dict_bytes: 0
I191206 09:40:24.933191 39 storage/engine/rocksdb.go:119          Options.compression_opts.zstd_max_train_bytes: 0
I191206 09:40:24.933233 39 storage/engine/rocksdb.go:119                   Options.compression_opts.enabled: false
I191206 09:40:24.933270 39 storage/engine/rocksdb.go:119       Options.level0_file_num_compaction_trigger: 2
I191206 09:40:24.933306 39 storage/engine/rocksdb.go:119           Options.level0_slowdown_writes_trigger: 950
I191206 09:40:24.933342 39 storage/engine/rocksdb.go:119               Options.level0_stop_writes_trigger: 1000
I191206 09:40:24.933379 39 storage/engine/rocksdb.go:119                    Options.target_file_size_base: 4194304
I191206 09:40:24.933417 39 storage/engine/rocksdb.go:119              Options.target_file_size_multiplier: 2
I191206 09:40:24.933453 39 storage/engine/rocksdb.go:119                 Options.max_bytes_for_level_base: 67108864
I191206 09:40:24.933490 39 storage/engine/rocksdb.go:119  Options.level_compaction_dynamic_level_bytes: 1
I191206 09:40:24.933532 39 storage/engine/rocksdb.go:119           Options.max_bytes_for_level_multiplier: 10.000000
I191206 09:40:24.933664 39 storage/engine/rocksdb.go:119  Options.max_bytes_for_level_multiplier_addtl[0]: 1
I191206 09:40:24.933722 39 storage/engine/rocksdb.go:119  Options.max_bytes_for_level_multiplier_addtl[1]: 1
I191206 09:40:24.933773 39 storage/engine/rocksdb.go:119  Options.max_bytes_for_level_multiplier_addtl[2]: 1
I191206 09:40:24.933816 39 storage/engine/rocksdb.go:119  Options.max_bytes_for_level_multiplier_addtl[3]: 1
I191206 09:40:24.933860 39 storage/engine/rocksdb.go:119  Options.max_bytes_for_level_multiplier_addtl[4]: 1
I191206 09:40:24.933903 39 storage/engine/rocksdb.go:119  Options.max_bytes_for_level_multiplier_addtl[5]: 1
I191206 09:40:24.933945 39 storage/engine/rocksdb.go:119  Options.max_bytes_for_level_multiplier_addtl[6]: 1
I191206 09:40:24.933987 39 storage/engine/rocksdb.go:119        Options.max_sequential_skip_in_iterations: 8
I191206 09:40:24.934064 39 storage/engine/rocksdb.go:119                     Options.max_compaction_bytes: 104857600
I191206 09:40:24.934146 39 storage/engine/rocksdb.go:119                         Options.arena_block_size: 8388608
I191206 09:40:24.934195 39 storage/engine/rocksdb.go:119    Options.soft_pending_compaction_bytes_limit: 2199023255552
I191206 09:40:24.934260 39 storage/engine/rocksdb.go:119    Options.hard_pending_compaction_bytes_limit: 4400193994752
I191206 09:40:24.934302 39 storage/engine/rocksdb.go:119        Options.rate_limit_delay_max_milliseconds: 100
I191206 09:40:24.934344 39 storage/engine/rocksdb.go:119                 Options.disable_auto_compactions: 0
I191206 09:40:24.934408 39 storage/engine/rocksdb.go:119                         Options.compaction_style: kCompactionStyleLevel
I191206 09:40:24.934455 39 storage/engine/rocksdb.go:119                           Options.compaction_pri: kMinOverlappingRatio
I191206 09:40:24.934498 39 storage/engine/rocksdb.go:119  Options.compaction_options_universal.size_ratio: 1
I191206 09:40:24.934541 39 storage/engine/rocksdb.go:119  Options.compaction_options_universal.min_merge_width: 2
I191206 09:40:24.934582 39 storage/engine/rocksdb.go:119  Options.compaction_options_universal.max_merge_width: 4294967295
I191206 09:40:24.934622 39 storage/engine/rocksdb.go:119  Options.compaction_options_universal.max_size_amplification_percent: 200
I191206 09:40:24.934665 39 storage/engine/rocksdb.go:119  Options.compaction_options_universal.compression_size_percent: -1
I191206 09:40:24.934713 39 storage/engine/rocksdb.go:119  Options.compaction_options_universal.stop_style: kCompactionStopStyleTotalSize
I191206 09:40:24.934800 39 storage/engine/rocksdb.go:119  Options.compaction_options_fifo.max_table_files_size: 1073741824
I191206 09:40:24.934909 39 storage/engine/rocksdb.go:119  Options.compaction_options_fifo.allow_compaction: 0
I191206 09:40:24.935054 39 storage/engine/rocksdb.go:119                    Options.table_properties_collectors: TimeBoundTblPropCollectorFactory; DeleteRangeTblPropCollectorFactory; 
I191206 09:40:24.935133 39 storage/engine/rocksdb.go:119                    Options.inplace_update_support: 0
I191206 09:40:24.935228 39 storage/engine/rocksdb.go:119                  Options.inplace_update_num_locks: 10000
I191206 09:40:24.935354 39 storage/engine/rocksdb.go:119                Options.memtable_prefix_bloom_size_ratio: 0.000000
I191206 09:40:24.935446 39 storage/engine/rocksdb.go:119                Options.memtable_whole_key_filtering: 0
I191206 09:40:24.935533 39 storage/engine/rocksdb.go:119    Options.memtable_huge_page_size: 0
I191206 09:40:24.935619 39 storage/engine/rocksdb.go:119                            Options.bloom_locality: 0
I191206 09:40:24.935675 39 storage/engine/rocksdb.go:119                     Options.max_successive_merges: 0
I191206 09:40:24.935720 39 storage/engine/rocksdb.go:119                 Options.optimize_filters_for_hits: 1
I191206 09:40:24.935759 39 storage/engine/rocksdb.go:119                 Options.paranoid_file_checks: 0
I191206 09:40:24.935804 39 storage/engine/rocksdb.go:119                 Options.force_consistency_checks: 0
I191206 09:40:24.935846 39 storage/engine/rocksdb.go:119                 Options.report_bg_io_stats: 0
I191206 09:40:24.935888 39 storage/engine/rocksdb.go:119                                Options.ttl: 0
I191206 09:40:24.935931 39 storage/engine/rocksdb.go:119           Options.periodic_compaction_seconds: 0
I191206 09:40:25.139370 39 storage/engine/rocksdb.go:119  [db/version_set.cc:4286] Recovered from manifest file:E:\Praxis-Project-Bootcamp\databases\cockroach-data/MANIFEST-000107 succeeded,manifest_file_number is 107, next_file_number is 130, last_sequence is 6766815, log_number is 124,prev_log_number is 0,max_column_family is 0,min_log_number_to_keep is 0
I191206 09:40:25.139415 39 storage/engine/rocksdb.go:119  [db/version_set.cc:4295] Column family [default] (ID 0), log number is 124
I191206 09:40:25.181396 39 storage/engine/rocksdb.go:119  EVENT_LOG_v1 {"time_micros": 1575625225167448, "job": 1, "event": "recovery_started", "log_files": [122, 124]}
I191206 09:40:25.182080 39 storage/engine/rocksdb.go:119  [db/db_impl_open.cc:586] Skipping log #122 since it is older than min log to keep #124
I191206 09:40:25.182127 39 storage/engine/rocksdb.go:119  [db/db_impl_open.cc:598] Recovering log #124 mode 0
I191206 09:40:30.375483 39 storage/engine/rocksdb.go:119  EVENT_LOG_v1 {"time_micros": 1575625230373949, "cf_name": "default", "job": 1, "event": "table_file_creation", "file_number": 130, "file_size": 238169, "table_properties": {"data_size": 230888, "index_size": 2366, "index_partitions": 0, "top_level_index_size": 0, "index_key_is_user_key": 0, "index_value_is_delta_encoded": 0, "filter_size": 4933, "raw_key_size": 146050, "raw_average_key_size": 30, "raw_value_size": 1237755, "raw_average_value_size": 258, "num_data_blocks": 40, "num_entries": 4792, "num_deletions": 3413, "num_merge_operands": 664, "num_range_deletions": 664, "format_version": 0, "fixed_key_len": 0, "filter_policy": "rocksdb.BuiltinBloomFilter", "column_family_name": "default", "column_family_id": 0, "comparator": "cockroach_comparator", "merge_operator": "cockroach_merge_operator", "prefix_extractor_name": "cockroach_prefix_extractor", "property_collectors": "[TimeBoundTblPropCollectorFactory,DeleteRangeTblPropCollectorFactory]", "compression": "Snappy", "compression_options": "window_bits=-14; level=32767; strategy=0; max_dict_bytes=0; zstd_max_train_bytes=0; enabled=0; ", "creation_time": 1575625229, "oldest_key_time": 3, "file_creation_time": 0}}
I191206 09:40:30.448764 39 storage/engine/rocksdb.go:119  [db/version_set.cc:3560] Creating manifest 131
I191206 09:40:30.704099 39 storage/engine/rocksdb.go:119  EVENT_LOG_v1 {"time_micros": 1575625230703028, "job": 1, "event": "recovery_finished"}
I191206 09:40:30.792080 39 storage/engine/rocksdb.go:119  DB pointer 0000000015b41000
