I191203 04:19:48.019137 1 util/log/clog.go:1196  [config] file created at: 2019/12/03 04:19:48
I191203 04:19:48.019137 1 util/log/clog.go:1196  [config] running on machine: DESKTOP-U6UPKGJ
I191203 04:19:48.019137 1 util/log/clog.go:1196  [config] binary: CockroachDB CCL v19.2.0 (x86_64-w64-mingw32, built 2019/11/12 05:23:23, go1.12.12)
I191203 04:19:48.019137 1 util/log/clog.go:1196  [config] arguments: [cockroach start-single-node --insecure --listen-addr=localhost:26257 --http-addr=localhost:8080]
I191203 04:19:48.019137 1 util/log/clog.go:1196  line format: [IWEF]yymmdd hh:mm:ss.uuuuuu goid file:line msg utf8=✓
I191203 04:19:48.010150 1 cli/start.go:1138  logging to directory E:\Praxis-Bootcamp\pertemuan\minggu-5\micronaut-crud\databases\cockroach-data\logs
W191203 04:19:48.488519 1 cli/start.go:1176  RUNNING IN INSECURE MODE!

- Your cluster is open for any client that can access localhost.
- Any user, even root, can log in without providing a password.
- Any user, connecting as root, can read or write any data in your cluster.
- There is no network encryption nor authentication, and thus no confidentiality.

Check out how to secure your cluster: https://www.cockroachlabs.com/docs/v19.2/secure-a-cluster.html
W191203 04:19:48.499395 1 cli/start.go:1046  Using the default setting for --cache (128 MiB).
  A significantly larger value is usually needed for good performance.
  If you have a dedicated server a reasonable setting is --cache=.25 (1011 MiB).
W191203 04:19:48.499610 1 cli/start.go:1059  Using the default setting for --max-sql-memory (128 MiB).
  A significantly larger value is usually needed in production.
  If you have a dedicated server a reasonable setting is --max-sql-memory=.25 (1011 MiB).
I191203 04:19:48.499667 1 cli/start.go:1190  CockroachDB CCL v19.2.0 (x86_64-w64-mingw32, built 2019/11/12 05:23:23, go1.12.12)
I191203 04:19:49.094332 1 server/config.go:394  system total memory: 3.9 GiB
I191203 04:19:49.100877 1 server/config.go:396  server configuration:
max offset             500000000
cache size             128 MiB
SQL memory pool size   128 MiB
scan interval          10m0s
scan min idle time     10ms
scan max idle time     1s
event log enabled      true
I191203 04:19:49.100985 1 cli/start.go:1031  process identity: uid S-1-5-21-2449740816-3576412861-2486932756-1001, gid S-1-5-21-2449740816-3576412861-2486932756-513
E191203 04:19:49.102252 1 cli/start.go:1014  unable to load named time zones, time zone support will be degraded.
Hint: check that the time zone database is installed on your system, or
set the ZONEINFO environment variable to a Go time zone .zip archive.
I191203 04:19:49.112869 1 cli/start.go:638  starting cockroach node
I191203 04:19:50.082147 23 storage/engine/rocksdb.go:621  opening rocksdb instance at "E:\\Praxis-Bootcamp\\pertemuan\\minggu-5\\micronaut-crud\\databases\\cockroach-data\\cockroach-temp828921631"
E191203 04:19:56.506648 23 server/status/runtime.go:326  [n?] could not get initial disk IO counters: context deadline exceeded
I191203 04:19:58.550499 23 server/server.go:927  [n?] monitoring forward clock jumps based on server.clock.forward_jump_check_enabled
I191203 04:19:58.843823 23 storage/engine/rocksdb.go:621  opening rocksdb instance at "E:\\Praxis-Bootcamp\\pertemuan\\minggu-5\\micronaut-crud\\databases\\cockroach-data"
I191203 04:20:06.368669 23 server/config.go:502  [n?] 1 storage engine initialized
I191203 04:20:06.368778 23 server/config.go:505  [n?] RocksDB cache size: 128 MiB
I191203 04:20:06.368832 23 server/config.go:505  [n?] store 0: RocksDB, max size 0 B, max open file limit 10000
I191203 04:20:07.817518 23 gossip/gossip.go:394  [n1] NodeDescriptor set to node_id:1 address:<network_field:"tcp" address_field:"localhost:26257" > attrs:<> locality:<> ServerVersion:<major_val:19 minor_val:2 patch:0 unstable:0 > build_tag:"v19.2.0" started_at:1575346807458141600 cluster_name:"" sql_address:<network_field:"tcp" address_field:"localhost:26257" > 
I191203 04:20:09.892153 23 server/node.go:431  [n1] initialized store [n1,s1]: disk (capacity=297 GiB, available=293 GiB, used=1.5 MiB, logicalBytes=22 MiB), ranges=25, leases=0, queries=0.00, writes=0.00, bytesPerReplica={p10=0.00 p25=0.00 p50=146.00 p75=1784.00 p90=12886.00 pMax=22495384.00}, writesPerReplica={p10=0.00 p25=0.00 p50=0.00 p75=0.00 p90=0.00 pMax=0.00}
W191203 04:20:09.916565 145 storage/replica_range_lease.go:554  can't determine lease status due to node liveness error: node not in the liveness table
github.com/cockroachdb/cockroach/pkg/storage.init.ializers
	/go/src/github.com/cockroachdb/cockroach/pkg/storage/node_liveness.go:44
runtime.main
	/usr/local/go/src/runtime/proc.go:188
runtime.goexit
	/usr/local/go/src/runtime/asm_amd64.s:1337
W191203 04:20:09.923510 145 storage/store.go:1530  [n1,s1,r6/1:/Table/{SystemCon…-11}] could not gossip system config: [NotLeaseHolderError] r6: replica (n1,s1):1 not lease holder; lease holder unknown
I191203 04:20:09.948397 23 storage/stores.go:240  [n1] read 0 node addresses from persistent storage
I191203 04:20:09.955022 23 server/node.go:645  [n1] connecting to gossip network to verify cluster ID...
I191203 04:20:09.955110 23 server/node.go:665  [n1] node connected via gossip and verified as part of cluster "47eae165-4b47-489e-9e79-f732f82f2bad"
I191203 04:20:09.955478 23 server/node.go:512  [n1] node=1: started with [<no-attributes>=E:\Praxis-Bootcamp\pertemuan\minggu-5\micronaut-crud\databases\cockroach-data] engine(s) and attributes []
W191203 04:20:10.001910 145 storage/store.go:1530  [n1,s1,r6/1:/Table/{SystemCon…-11}] could not gossip system config: [NotLeaseHolderError] r6: replica (n1,s1):1 not lease holder; lease holder unknown
W191203 04:20:10.182317 145 storage/store.go:1530  [n1,s1,r6/1:/Table/{SystemCon…-11}] could not gossip system config: [NotLeaseHolderError] r6: replica (n1,s1):1 not lease holder; lease holder unknown
I191203 04:20:10.182485 23 server/server.go:1513  [n1] starting http server at 127.0.0.1:8080 (use: localhost:8080)
I191203 04:20:10.182560 23 server/server.go:1520  [n1] starting grpc/postgres server at 127.0.0.1:26257
I191203 04:20:10.182620 23 server/server.go:1521  [n1] advertising CockroachDB node at localhost:26257
W191203 04:20:10.416526 145 storage/store.go:1530  [n1,s1,r6/1:/Table/{SystemCon…-11}] could not gossip system config: [NotLeaseHolderError] r6: replica (n1,s1):1 not lease holder; lease holder unknown
W191203 04:20:10.816165 145 storage/store.go:1530  [n1,s1,r6/1:/Table/{SystemCon…-11}] could not gossip system config: [NotLeaseHolderError] r6: replica (n1,s1):1 not lease holder; lease holder unknown
W191203 04:20:11.582159 45 storage/store_raft.go:514  [n1,s1,r2/1:/System/NodeLiveness{-Max}] handle raft ready: 0.6s [applied=1, batches=1, state_assertions=1]
W191203 04:20:11.881910 181 storage/node_liveness.go:559  [n1,liveness-hb] slow heartbeat took 1.7s
I191203 04:20:11.881947 181 storage/node_liveness.go:474  [n1,liveness-hb] heartbeat failed on epoch increment; retrying
I191203 04:20:12.348656 181 storage/node_liveness.go:474  [n1,liveness-hb] heartbeat failed on epoch increment; retrying
I191203 04:20:13.198524 81 gossip/gossip.go:1531  [n1] node has connected to cluster via gossip
I191203 04:20:13.325575 81 storage/stores.go:259  [n1] wrote 0 node addresses to persistent storage
I191203 04:20:13.761181 23 server/server.go:1589  [n1] done ensuring all necessary migrations have run
I191203 04:20:13.761425 23 server/server.go:1840  [n1] serving sql connections
I191203 04:20:13.959395 23 cli/start.go:797  [config] clusterID: 47eae165-4b47-489e-9e79-f732f82f2bad
I191203 04:20:13.959511 23 cli/start.go:806  node startup completed:
CockroachDB node starting at 2019-12-03 04:20:13.9466892 +0000 UTC (took 26.0s)
build:               CCL v19.2.0 @ 2019/11/12 05:23:23 (go1.12.12)
webui:               http://localhost:8080
sql:                 postgresql://root@localhost:26257?sslmode=disable
RPC client flags:    cockroach <client cmd> --host=localhost:26257 --insecure
logs:                E:\Praxis-Bootcamp\pertemuan\minggu-5\micronaut-crud\databases\cockroach-data\logs
temp dir:            E:\Praxis-Bootcamp\pertemuan\minggu-5\micronaut-crud\databases\cockroach-data\cockroach-temp828921631
external I/O path:   E:\Praxis-Bootcamp\pertemuan\minggu-5\micronaut-crud\databases\cockroach-data\extern
store[0]:            path=E:\Praxis-Bootcamp\pertemuan\minggu-5\micronaut-crud\databases\cockroach-data
status:              restarted pre-existing node
clusterID:           47eae165-4b47-489e-9e79-f732f82f2bad
nodeID:              1
I191203 04:20:17.562702 308 server/server_update.go:53  [n1] no need to upgrade, cluster already at the newest version
W191203 04:20:19.090988 127 storage/store_raft.go:514  [n1,s1,r2/1:/System/NodeLiveness{-Max}] handle raft ready: 0.7s [applied=1, batches=1, state_assertions=0]
W191203 04:20:19.091115 118 storage/store_raft.go:514  [n1,s1,r8/1:/Table/1{2-3}] handle raft ready: 0.5s [applied=1, batches=1, state_assertions=0]
I191203 04:20:19.186165 310 sql/event_log.go:130  [n1] Event: "node_restart", target: 1, info: {Descriptor:{NodeID:1 Address:localhost:26257 Attrs: Locality: ServerVersion:19.2 BuildTag:v19.2.0 StartedAt:1575346807458141600 LocalityAddress:[] ClusterName: SQLAddress:localhost:26257} ClusterID:47eae165-4b47-489e-9e79-f732f82f2bad StartedAt:1575346807458141600 LastUp:1575296574251393500}
W191203 04:20:19.190655 296 storage/replica_raft.go:105  [n1,s1,r8/1:/Table/1{2-3}] context canceled before proposing: 1 HeartbeatTxn
W191203 04:20:19.598603 118 storage/store_raft.go:514  [n1,s1,r8/1:/Table/1{2-3}] handle raft ready: 0.5s [applied=1, batches=1, state_assertions=0]
W191203 04:20:19.598841 127 storage/store_raft.go:514  [n1,s1,r2/1:/System/NodeLiveness{-Max}] handle raft ready: 0.5s [applied=1, batches=1, state_assertions=0]
W191203 04:20:20.116573 134 storage/store_raft.go:514  [n1,s1,r2/1:/System/NodeLiveness{-Max}] handle raft ready: 0.5s [applied=2, batches=2, state_assertions=1]
W191203 04:20:20.283299 181 storage/node_liveness.go:559  [n1,liveness-hb] slow heartbeat took 1.1s
W191203 04:20:20.442255 105 server/status/runtime.go:420  [n1] unable to get file descriptor usage (will not try again): not implemented on windows
I191203 04:20:20.861482 105 server/status/runtime.go:498  [n1] runtime stats: 76 MiB RSS, 135 goroutines, 85 MiB/2.1 MiB/98 MiB GO alloc/idle/total, 15 MiB/18 MiB CGO alloc/total, 0.0 CGO/sec, 0.0/0.0 %(u/s)time, 0.0 %gc (8x), 99 KiB/24 KiB (r/w)net
I191203 04:20:23.240490 323 server/updates.go:267  [n1] A new version is available: 19.2.1, details: https://www.cockroachlabs.com/docs/releases/v19.2.1.html
I191203 04:20:29.968030 100 storage/store.go:2364  [n1,s1] sstables (read amplification = 2):
0 [ 187K 1 ]: 187K
6 [ 626K 1 ]: 626K
I191203 04:20:30.022764 100 storage/store.go:2365  [n1,s1] 
** Compaction Stats [default] **
Level    Files   Size     Score Read(GB)  Rn(GB) Rnp1(GB) Write(GB) Wnew(GB) Moved(GB) W-Amp Rd(MB/s) Wr(MB/s) Comp(sec) CompMergeCPU(sec) Comp(cnt) Avg(sec) KeyIn KeyDrop
----------------------------------------------------------------------------------------------------------------------------------------------------------------------------
  L0      1/0   187.44 KB   0.5      0.0     0.0      0.0       0.0      0.0       0.0   1.0      0.0      0.1      1.50              0.00         1    1.505       0      0
  L6      1/0   625.80 KB   0.0      0.0     0.0      0.0       0.0      0.0       0.0   0.0      0.0      0.0      0.00              0.00         0    0.000       0      0
 Sum      2/0   813.24 KB   0.0      0.0     0.0      0.0       0.0      0.0       0.0   1.0      0.0      0.1      1.50              0.00         1    1.505       0      0
 Int      0/0    0.00 KB   0.0      0.0     0.0      0.0       0.0      0.0       0.0   1.0      0.0      0.1      1.50              0.00         1    1.505       0      0

** Compaction Stats [default] **
Priority    Files   Size     Score Read(GB)  Rn(GB) Rnp1(GB) Write(GB) Wnew(GB) Moved(GB) W-Amp Rd(MB/s) Wr(MB/s) Comp(sec) CompMergeCPU(sec) Comp(cnt) Avg(sec) KeyIn KeyDrop
-------------------------------------------------------------------------------------------------------------------------------------------------------------------------------
User      0/0    0.00 KB   0.0      0.0     0.0      0.0       0.0      0.0       0.0   0.0      0.0      0.1      1.50              0.00         1    1.505       0      0
Uptime(secs): 30.7 total, 30.7 interval
Flush(GB): cumulative 0.000, interval 0.000
AddFile(GB): cumulative 0.000, interval 0.000
AddFile(Total Files): cumulative 0, interval 0
AddFile(L0 Files): cumulative 0, interval 0
AddFile(Keys): cumulative 0, interval 0
Cumulative compaction: 0.00 GB write, 0.01 MB/s write, 0.00 GB read, 0.00 MB/s read, 1.5 seconds
Interval compaction: 0.00 GB write, 0.01 MB/s write, 0.00 GB read, 0.00 MB/s read, 1.5 seconds
Stalls(count): 0 level0_slowdown, 0 level0_slowdown_with_compaction, 0 level0_numfiles, 0 level0_numfiles_with_compaction, 0 stop for pending_compaction_bytes, 0 slowdown for pending_compaction_bytes, 0 memtable_compaction, 0 memtable_slowdown, interval 0 total count
estimated_pending_compaction_bytes: 0 B
I191203 04:20:30.692190 105 server/status/runtime.go:498  [n1] runtime stats: 82 MiB RSS, 135 goroutines, 86 MiB/496 KiB/98 MiB GO alloc/idle/total, 15 MiB/18 MiB CGO alloc/total, 767.9 CGO/sec, 3.5/1.7 %(u/s)time, 0.0 %gc (1x), 530 KiB/118 KiB (r/w)net
I191203 04:20:40.708965 105 server/status/runtime.go:498  [n1] runtime stats: 89 MiB RSS, 132 goroutines, 94 MiB/560 KiB/106 MiB GO alloc/idle/total, 15 MiB/18 MiB CGO alloc/total, 911.1 CGO/sec, 1.1/1.2 %(u/s)time, 0.0 %gc (0x), 206 KiB/87 KiB (r/w)net
I191203 04:20:50.661110 105 server/status/runtime.go:498  [n1] runtime stats: 97 MiB RSS, 133 goroutines, 103 MiB/3.8 MiB/118 MiB GO alloc/idle/total, 16 MiB/18 MiB CGO alloc/total, 915.5 CGO/sec, 2.2/0.9 %(u/s)time, 0.0 %gc (0x), 484 KiB/112 KiB (r/w)net
I191203 04:21:00.709971 105 server/status/runtime.go:498  [n1] runtime stats: 107 MiB RSS, 133 goroutines, 111 MiB/3.3 MiB/127 MiB GO alloc/idle/total, 16 MiB/19 MiB CGO alloc/total, 888.4 CGO/sec, 1.7/0.2 %(u/s)time, 0.0 %gc (0x), 556 KiB/130 KiB (r/w)net
I191203 04:21:09.974279 101 gossip/gossip.go:566  [n1] gossip status (ok, 1 node)
gossip client (0/3 cur/max conns)
gossip server (0/3 cur/max conns, infos 0/0 sent/received, bytes 0B/0B sent/received)
gossip connectivity
  n1 [sentinel];
I191203 04:21:10.683834 105 server/status/runtime.go:498  [n1] runtime stats: 115 MiB RSS, 133 goroutines, 77 MiB/43 MiB/135 MiB GO alloc/idle/total, 16 MiB/19 MiB CGO alloc/total, 899.0 CGO/sec, 2.2/1.1 %(u/s)time, 0.0 %gc (1x), 355 KiB/127 KiB (r/w)net
I191203 04:21:20.698406 105 server/status/runtime.go:498  [n1] runtime stats: 116 MiB RSS, 132 goroutines, 86 MiB/36 MiB/135 MiB GO alloc/idle/total, 16 MiB/19 MiB CGO alloc/total, 878.6 CGO/sec, 1.6/1.7 %(u/s)time, 0.0 %gc (0x), 50 KiB/36 KiB (r/w)net
I191203 04:21:30.693158 105 server/status/runtime.go:498  [n1] runtime stats: 116 MiB RSS, 130 goroutines, 92 MiB/30 MiB/135 MiB GO alloc/idle/total, 16 MiB/19 MiB CGO alloc/total, 690.5 CGO/sec, 0.8/0.3 %(u/s)time, 0.0 %gc (0x), 146 KiB/108 KiB (r/w)net
I191203 04:21:40.747212 105 server/status/runtime.go:498  [n1] runtime stats: 118 MiB RSS, 130 goroutines, 99 MiB/23 MiB/135 MiB GO alloc/idle/total, 16 MiB/19 MiB CGO alloc/total, 709.6 CGO/sec, 1.9/0.3 %(u/s)time, 0.0 %gc (0x), 23 KiB/22 KiB (r/w)net
I191203 04:21:50.739296 105 server/status/runtime.go:498  [n1] runtime stats: 135 MiB RSS, 133 goroutines, 86 MiB/51 MiB/152 MiB GO alloc/idle/total, 16 MiB/19 MiB CGO alloc/total, 699.8 CGO/sec, 3.8/0.8 %(u/s)time, 0.0 %gc (1x), 18 KiB/13 KiB (r/w)net
I191203 04:22:00.717395 105 server/status/runtime.go:498  [n1] runtime stats: 135 MiB RSS, 133 goroutines, 94 MiB/44 MiB/152 MiB GO alloc/idle/total, 16 MiB/19 MiB CGO alloc/total, 644.7 CGO/sec, 2.0/0.5 %(u/s)time, 0.0 %gc (0x), 12 KiB/28 KiB (r/w)net
I191203 04:22:09.961494 101 gossip/gossip.go:566  [n1] gossip status (ok, 1 node)
gossip client (0/3 cur/max conns)
gossip server (0/3 cur/max conns, infos 0/0 sent/received, bytes 0B/0B sent/received)
I191203 04:22:10.713127 105 server/status/runtime.go:498  [n1] runtime stats: 136 MiB RSS, 133 goroutines, 101 MiB/37 MiB/152 MiB GO alloc/idle/total, 16 MiB/20 MiB CGO alloc/total, 695.7 CGO/sec, 2.4/0.9 %(u/s)time, 0.0 %gc (0x), 62 KiB/22 KiB (r/w)net
I191203 04:22:20.708705 105 server/status/runtime.go:498  [n1] runtime stats: 136 MiB RSS, 132 goroutines, 109 MiB/29 MiB/152 MiB GO alloc/idle/total, 16 MiB/20 MiB CGO alloc/total, 756.5 CGO/sec, 1.6/0.6 %(u/s)time, 0.0 %gc (0x), 32 KiB/8.3 KiB (r/w)net
I191203 04:22:30.712484 105 server/status/runtime.go:498  [n1] runtime stats: 138 MiB RSS, 132 goroutines, 117 MiB/22 MiB/152 MiB GO alloc/idle/total, 16 MiB/20 MiB CGO alloc/total, 648.3 CGO/sec, 1.4/0.6 %(u/s)time, 0.0 %gc (0x), 3.5 KiB/7.6 KiB (r/w)net
I191203 04:22:40.741009 105 server/status/runtime.go:498  [n1] runtime stats: 139 MiB RSS, 132 goroutines, 125 MiB/13 MiB/152 MiB GO alloc/idle/total, 16 MiB/20 MiB CGO alloc/total, 667.7 CGO/sec, 1.6/0.5 %(u/s)time, 0.0 %gc (0x), 4.3 KiB/6.9 KiB (r/w)net
I191203 04:22:50.713597 105 server/status/runtime.go:498  [n1] runtime stats: 141 MiB RSS, 133 goroutines, 134 MiB/4.1 MiB/152 MiB GO alloc/idle/total, 16 MiB/20 MiB CGO alloc/total, 674.9 CGO/sec, 1.4/0.8 %(u/s)time, 0.0 %gc (0x), 2.4 KiB/5.6 KiB (r/w)net
I191203 04:23:00.720974 105 server/status/runtime.go:498  [n1] runtime stats: 147 MiB RSS, 133 goroutines, 143 MiB/3.2 MiB/160 MiB GO alloc/idle/total, 16 MiB/20 MiB CGO alloc/total, 648.8 CGO/sec, 1.9/0.8 %(u/s)time, 0.0 %gc (0x), 3.4 KiB/6.2 KiB (r/w)net
I191203 04:23:09.962132 101 gossip/gossip.go:566  [n1] gossip status (ok, 1 node)
gossip client (0/3 cur/max conns)
gossip server (0/3 cur/max conns, infos 0/0 sent/received, bytes 0B/0B sent/received)
I191203 04:23:10.714568 105 server/status/runtime.go:498  [n1] runtime stats: 149 MiB RSS, 133 goroutines, 89 MiB/55 MiB/160 MiB GO alloc/idle/total, 16 MiB/20 MiB CGO alloc/total, 699.7 CGO/sec, 3.8/1.4 %(u/s)time, 0.0 %gc (1x), 8.2 KiB/8.7 KiB (r/w)net
I191203 04:23:20.714780 105 server/status/runtime.go:498  [n1] runtime stats: 150 MiB RSS, 132 goroutines, 97 MiB/48 MiB/160 MiB GO alloc/idle/total, 16 MiB/20 MiB CGO alloc/total, 763.8 CGO/sec, 1.7/0.3 %(u/s)time, 0.0 %gc (0x), 2.9 KiB/6.2 KiB (r/w)net
I191203 04:23:30.706713 105 server/status/runtime.go:498  [n1] runtime stats: 150 MiB RSS, 132 goroutines, 105 MiB/41 MiB/160 MiB GO alloc/idle/total, 16 MiB/20 MiB CGO alloc/total, 644.7 CGO/sec, 1.4/0.6 %(u/s)time, 0.0 %gc (0x), 3.0 KiB/6.2 KiB (r/w)net
I191203 04:23:40.716229 105 server/status/runtime.go:498  [n1] runtime stats: 150 MiB RSS, 132 goroutines, 112 MiB/34 MiB/160 MiB GO alloc/idle/total, 16 MiB/20 MiB CGO alloc/total, 638.6 CGO/sec, 1.2/0.3 %(u/s)time, 0.0 %gc (0x), 9.5 KiB/5.2 KiB (r/w)net
I191203 04:23:50.715959 105 server/status/runtime.go:498  [n1] runtime stats: 151 MiB RSS, 133 goroutines, 119 MiB/27 MiB/160 MiB GO alloc/idle/total, 16 MiB/20 MiB CGO alloc/total, 650.3 CGO/sec, 1.7/0.6 %(u/s)time, 0.0 %gc (0x), 3.4 KiB/7.1 KiB (r/w)net
I191203 04:24:00.725895 105 server/status/runtime.go:498  [n1] runtime stats: 152 MiB RSS, 135 goroutines, 126 MiB/20 MiB/160 MiB GO alloc/idle/total, 16 MiB/20 MiB CGO alloc/total, 683.8 CGO/sec, 2.0/0.2 %(u/s)time, 0.0 %gc (0x), 3.6 KiB/6.1 KiB (r/w)net
I191203 04:24:09.984600 101 gossip/gossip.go:566  [n1] gossip status (ok, 1 node)
gossip client (0/3 cur/max conns)
gossip server (0/3 cur/max conns, infos 0/0 sent/received, bytes 0B/0B sent/received)
I191203 04:24:10.757251 105 server/status/runtime.go:498  [n1] runtime stats: 153 MiB RSS, 135 goroutines, 134 MiB/13 MiB/160 MiB GO alloc/idle/total, 16 MiB/20 MiB CGO alloc/total, 669.3 CGO/sec, 1.2/1.1 %(u/s)time, 0.0 %gc (0x), 4.5 KiB/8.2 KiB (r/w)net
I191203 04:24:20.685372 105 server/status/runtime.go:498  [n1] runtime stats: 160 MiB RSS, 137 goroutines, 110 MiB/56 MiB/171 MiB GO alloc/idle/total, 16 MiB/20 MiB CGO alloc/total, 769.4 CGO/sec, 5.2/1.3 %(u/s)time, 0.0 %gc (1x), 71 KiB/19 KiB (r/w)net
I191203 04:24:30.692799 105 server/status/runtime.go:498  [n1] runtime stats: 181 MiB RSS, 147 goroutines, 99 MiB/68 MiB/186 MiB GO alloc/idle/total, 16 MiB/20 MiB CGO alloc/total, 2726.4 CGO/sec, 20.8/1.2 %(u/s)time, 0.1 %gc (2x), 11 KiB/14 KiB (r/w)net
I191203 04:24:40.718543 105 server/status/runtime.go:498  [n1] runtime stats: 181 MiB RSS, 143 goroutines, 106 MiB/62 MiB/186 MiB GO alloc/idle/total, 16 MiB/20 MiB CGO alloc/total, 662.8 CGO/sec, 1.4/0.9 %(u/s)time, 0.0 %gc (0x), 20 KiB/16 KiB (r/w)net
I191203 04:24:50.718327 105 server/status/runtime.go:498  [n1] runtime stats: 181 MiB RSS, 144 goroutines, 113 MiB/56 MiB/186 MiB GO alloc/idle/total, 16 MiB/20 MiB CGO alloc/total, 674.7 CGO/sec, 1.7/0.9 %(u/s)time, 0.0 %gc (0x), 16 KiB/8.3 KiB (r/w)net
I191203 04:25:00.720065 105 server/status/runtime.go:498  [n1] runtime stats: 182 MiB RSS, 144 goroutines, 120 MiB/49 MiB/186 MiB GO alloc/idle/total, 16 MiB/20 MiB CGO alloc/total, 646.4 CGO/sec, 1.9/0.6 %(u/s)time, 0.0 %gc (0x), 2.1 KiB/5.6 KiB (r/w)net
I191203 04:25:09.957054 101 gossip/gossip.go:566  [n1] gossip status (ok, 1 node)
gossip client (0/3 cur/max conns)
gossip server (0/3 cur/max conns, infos 0/0 sent/received, bytes 0B/0B sent/received)
I191203 04:25:10.717876 105 server/status/runtime.go:498  [n1] runtime stats: 182 MiB RSS, 144 goroutines, 126 MiB/43 MiB/186 MiB GO alloc/idle/total, 16 MiB/20 MiB CGO alloc/total, 679.8 CGO/sec, 1.6/0.9 %(u/s)time, 0.0 %gc (0x), 5.0 KiB/7.6 KiB (r/w)net
I191203 04:25:20.718274 105 server/status/runtime.go:498  [n1] runtime stats: 182 MiB RSS, 143 goroutines, 134 MiB/36 MiB/186 MiB GO alloc/idle/total, 15 MiB/20 MiB CGO alloc/total, 750.6 CGO/sec, 2.0/0.5 %(u/s)time, 0.0 %gc (0x), 12 KiB/14 KiB (r/w)net
I191203 04:25:30.717798 105 server/status/runtime.go:498  [n1] runtime stats: 182 MiB RSS, 143 goroutines, 141 MiB/29 MiB/186 MiB GO alloc/idle/total, 15 MiB/20 MiB CGO alloc/total, 659.7 CGO/sec, 1.1/0.9 %(u/s)time, 0.0 %gc (0x), 3.5 KiB/5.8 KiB (r/w)net
I191203 04:25:40.720984 105 server/status/runtime.go:498  [n1] runtime stats: 182 MiB RSS, 143 goroutines, 147 MiB/23 MiB/186 MiB GO alloc/idle/total, 15 MiB/20 MiB CGO alloc/total, 661.5 CGO/sec, 1.4/0.8 %(u/s)time, 0.0 %gc (0x), 16 KiB/9.9 KiB (r/w)net
I191203 04:25:50.731113 105 server/status/runtime.go:498  [n1] runtime stats: 183 MiB RSS, 144 goroutines, 80 MiB/84 MiB/186 MiB GO alloc/idle/total, 15 MiB/20 MiB CGO alloc/total, 680.2 CGO/sec, 3.0/0.9 %(u/s)time, 0.0 %gc (1x), 7.6 KiB/9.6 KiB (r/w)net
I191203 04:26:00.730429 105 server/status/runtime.go:498  [n1] runtime stats: 183 MiB RSS, 144 goroutines, 88 MiB/77 MiB/186 MiB GO alloc/idle/total, 15 MiB/20 MiB CGO alloc/total, 644.4 CGO/sec, 0.8/0.8 %(u/s)time, 0.0 %gc (0x), 5.0 KiB/7.5 KiB (r/w)net
I191203 04:26:09.957288 101 gossip/gossip.go:566  [n1] gossip status (ok, 1 node)
gossip client (0/3 cur/max conns)
gossip server (0/3 cur/max conns, infos 0/0 sent/received, bytes 0B/0B sent/received)
I191203 04:26:10.720942 105 server/status/runtime.go:498  [n1] runtime stats: 183 MiB RSS, 144 goroutines, 95 MiB/72 MiB/186 MiB GO alloc/idle/total, 23 MiB/28 MiB CGO alloc/total, 695.8 CGO/sec, 1.6/1.1 %(u/s)time, 0.0 %gc (0x), 10 KiB/9.3 KiB (r/w)net
I191203 04:26:20.721734 105 server/status/runtime.go:498  [n1] runtime stats: 184 MiB RSS, 143 goroutines, 102 MiB/65 MiB/186 MiB GO alloc/idle/total, 23 MiB/28 MiB CGO alloc/total, 763.1 CGO/sec, 1.6/0.5 %(u/s)time, 0.0 %gc (0x), 2.3 KiB/5.6 KiB (r/w)net
I191203 04:26:30.713439 105 server/status/runtime.go:498  [n1] runtime stats: 184 MiB RSS, 143 goroutines, 109 MiB/58 MiB/186 MiB GO alloc/idle/total, 23 MiB/27 MiB CGO alloc/total, 644.0 CGO/sec, 1.3/0.9 %(u/s)time, 0.0 %gc (0x), 3.5 KiB/7.1 KiB (r/w)net
I191203 04:26:40.718253 105 server/status/runtime.go:498  [n1] runtime stats: 184 MiB RSS, 143 goroutines, 117 MiB/51 MiB/186 MiB GO alloc/idle/total, 23 MiB/27 MiB CGO alloc/total, 654.0 CGO/sec, 1.9/0.1 %(u/s)time, 0.0 %gc (0x), 37 KiB/26 KiB (r/w)net
I191203 04:26:50.729184 105 server/status/runtime.go:498  [n1] runtime stats: 184 MiB RSS, 144 goroutines, 123 MiB/45 MiB/186 MiB GO alloc/idle/total, 23 MiB/27 MiB CGO alloc/total, 662.7 CGO/sec, 1.6/0.3 %(u/s)time, 0.0 %gc (0x), 2.8 KiB/6.1 KiB (r/w)net
I191203 04:27:00.729609 105 server/status/runtime.go:498  [n1] runtime stats: 184 MiB RSS, 144 goroutines, 130 MiB/39 MiB/186 MiB GO alloc/idle/total, 23 MiB/27 MiB CGO alloc/total, 672.5 CGO/sec, 0.9/0.9 %(u/s)time, 0.0 %gc (0x), 3.1 KiB/6.9 KiB (r/w)net
I191203 04:27:09.961921 101 gossip/gossip.go:566  [n1] gossip status (ok, 1 node)
gossip client (0/3 cur/max conns)
gossip server (0/3 cur/max conns, infos 0/0 sent/received, bytes 0B/0B sent/received)
I191203 04:27:10.730653 105 server/status/runtime.go:498  [n1] runtime stats: 185 MiB RSS, 144 goroutines, 137 MiB/32 MiB/186 MiB GO alloc/idle/total, 23 MiB/27 MiB CGO alloc/total, 665.9 CGO/sec, 1.6/0.6 %(u/s)time, 0.0 %gc (0x), 5.2 KiB/7.7 KiB (r/w)net
I191203 04:27:20.729031 105 server/status/runtime.go:498  [n1] runtime stats: 185 MiB RSS, 143 goroutines, 144 MiB/25 MiB/186 MiB GO alloc/idle/total, 23 MiB/27 MiB CGO alloc/total, 756.5 CGO/sec, 2.3/0.6 %(u/s)time, 0.0 %gc (0x), 3.2 KiB/5.6 KiB (r/w)net
I191203 04:27:30.738218 105 server/status/runtime.go:498  [n1] runtime stats: 185 MiB RSS, 143 goroutines, 80 MiB/84 MiB/186 MiB GO alloc/idle/total, 23 MiB/27 MiB CGO alloc/total, 654.3 CGO/sec, 2.5/0.5 %(u/s)time, 0.0 %gc (1x), 3.2 KiB/8.9 KiB (r/w)net
I191203 04:27:40.777378 105 server/status/runtime.go:498  [n1] runtime stats: 186 MiB RSS, 143 goroutines, 88 MiB/77 MiB/186 MiB GO alloc/idle/total, 22 MiB/28 MiB CGO alloc/total, 653.0 CGO/sec, 1.7/0.5 %(u/s)time, 0.0 %gc (0x), 149 KiB/30 KiB (r/w)net
I191203 04:27:50.694589 105 server/status/runtime.go:498  [n1] runtime stats: 186 MiB RSS, 142 goroutines, 95 MiB/71 MiB/186 MiB GO alloc/idle/total, 22 MiB/28 MiB CGO alloc/total, 662.2 CGO/sec, 1.1/0.9 %(u/s)time, 0.0 %gc (0x), 377 KiB/176 KiB (r/w)net
I191203 04:28:01.070502 105 server/status/runtime.go:498  [n1] runtime stats: 186 MiB RSS, 143 goroutines, 102 MiB/64 MiB/186 MiB GO alloc/idle/total, 22 MiB/27 MiB CGO alloc/total, 644.9 CGO/sec, 1.3/0.3 %(u/s)time, 0.0 %gc (0x), 931 KiB/142 KiB (r/w)net
I191203 04:28:09.957744 101 gossip/gossip.go:566  [n1] gossip status (ok, 1 node)
gossip client (0/3 cur/max conns)
gossip server (0/3 cur/max conns, infos 0/0 sent/received, bytes 0B/0B sent/received)
I191203 04:28:10.785401 105 server/status/runtime.go:498  [n1] runtime stats: 186 MiB RSS, 144 goroutines, 109 MiB/58 MiB/186 MiB GO alloc/idle/total, 22 MiB/27 MiB CGO alloc/total, 690.3 CGO/sec, 1.1/1.1 %(u/s)time, 0.0 %gc (0x), 79 KiB/32 KiB (r/w)net
W191203 04:28:18.512862 117 storage/store_raft.go:514  [n1,s1,r1/1:/{Min-System/NodeL…}] handle raft ready: 0.5s [applied=1, batches=1, state_assertions=1]
I191203 04:28:20.905569 105 server/status/runtime.go:498  [n1] runtime stats: 186 MiB RSS, 143 goroutines, 117 MiB/51 MiB/186 MiB GO alloc/idle/total, 22 MiB/27 MiB CGO alloc/total, 757.7 CGO/sec, 1.4/0.9 %(u/s)time, 0.0 %gc (0x), 30 KiB/15 KiB (r/w)net
I191203 04:28:30.774657 105 server/status/runtime.go:498  [n1] runtime stats: 187 MiB RSS, 142 goroutines, 124 MiB/45 MiB/186 MiB GO alloc/idle/total, 22 MiB/27 MiB CGO alloc/total, 676.6 CGO/sec, 1.0/0.6 %(u/s)time, 0.0 %gc (0x), 121 KiB/23 KiB (r/w)net
I191203 04:28:40.716750 105 server/status/runtime.go:498  [n1] runtime stats: 187 MiB RSS, 143 goroutines, 131 MiB/38 MiB/186 MiB GO alloc/idle/total, 22 MiB/27 MiB CGO alloc/total, 655.7 CGO/sec, 1.7/0.3 %(u/s)time, 0.0 %gc (0x), 40 KiB/19 KiB (r/w)net
I191203 04:28:50.743197 105 server/status/runtime.go:498  [n1] runtime stats: 187 MiB RSS, 144 goroutines, 138 MiB/32 MiB/186 MiB GO alloc/idle/total, 22 MiB/27 MiB CGO alloc/total, 659.5 CGO/sec, 1.6/0.6 %(u/s)time, 0.0 %gc (0x), 124 KiB/79 KiB (r/w)net
W191203 04:28:53.887234 48 storage/store_raft.go:514  [n1,s1,r4/1:/System{/tsd-tse}] handle raft ready: 0.7s [applied=1, batches=1, state_assertions=0]
W191203 04:28:53.887592 139 storage/store_raft.go:514  [n1,s1,r3/1:/System/{NodeLive…-tsd}] handle raft ready: 0.7s [applied=1, batches=1, state_assertions=0]
W191203 04:28:56.984569 49 storage/store_raft.go:514  [n1,s1,r1/1:/{Min-System/NodeL…}] handle raft ready: 0.5s [applied=1, batches=1, state_assertions=0]
I191203 04:29:00.763223 105 server/status/runtime.go:498  [n1] runtime stats: 187 MiB RSS, 144 goroutines, 144 MiB/25 MiB/186 MiB GO alloc/idle/total, 22 MiB/27 MiB CGO alloc/total, 660.7 CGO/sec, 1.4/0.1 %(u/s)time, 0.0 %gc (0x), 4.7 KiB/7.8 KiB (r/w)net
I191203 04:29:09.956687 101 gossip/gossip.go:566  [n1] gossip status (ok, 1 node)
gossip client (0/3 cur/max conns)
gossip server (0/3 cur/max conns, infos 0/0 sent/received, bytes 0B/0B sent/received)
I191203 04:29:10.759723 105 server/status/runtime.go:498  [n1] runtime stats: 188 MiB RSS, 144 goroutines, 80 MiB/83 MiB/186 MiB GO alloc/idle/total, 22 MiB/27 MiB CGO alloc/total, 682.6 CGO/sec, 2.5/0.9 %(u/s)time, 0.0 %gc (1x), 12 KiB/10 KiB (r/w)net
I191203 04:29:20.722528 105 server/status/runtime.go:498  [n1] runtime stats: 188 MiB RSS, 143 goroutines, 90 MiB/76 MiB/186 MiB GO alloc/idle/total, 22 MiB/27 MiB CGO alloc/total, 761.7 CGO/sec, 1.4/1.1 %(u/s)time, 0.0 %gc (0x), 2.3 KiB/5.7 KiB (r/w)net
I191203 04:29:30.765646 105 server/status/runtime.go:498  [n1] runtime stats: 188 MiB RSS, 143 goroutines, 98 MiB/69 MiB/186 MiB GO alloc/idle/total, 22 MiB/27 MiB CGO alloc/total, 653.4 CGO/sec, 1.7/0.2 %(u/s)time, 0.0 %gc (0x), 10 KiB/7.0 KiB (r/w)net
I191203 04:29:40.759481 105 server/status/runtime.go:498  [n1] runtime stats: 188 MiB RSS, 143 goroutines, 104 MiB/63 MiB/186 MiB GO alloc/idle/total, 22 MiB/27 MiB CGO alloc/total, 646.6 CGO/sec, 1.6/0.5 %(u/s)time, 0.0 %gc (0x), 3.6 KiB/7.8 KiB (r/w)net
I191203 04:29:50.772673 105 server/status/runtime.go:498  [n1] runtime stats: 185 MiB RSS, 144 goroutines, 111 MiB/56 MiB/183 MiB GO alloc/idle/total, 22 MiB/27 MiB CGO alloc/total, 653.2 CGO/sec, 1.1/0.5 %(u/s)time, 0.0 %gc (0x), 3.4 KiB/6.5 KiB (r/w)net
I191203 04:30:00.741871 105 server/status/runtime.go:498  [n1] runtime stats: 186 MiB RSS, 144 goroutines, 118 MiB/50 MiB/183 MiB GO alloc/idle/total, 22 MiB/27 MiB CGO alloc/total, 665.3 CGO/sec, 1.6/0.6 %(u/s)time, 0.0 %gc (0x), 3.1 KiB/5.8 KiB (r/w)net
I191203 04:30:09.956259 101 gossip/gossip.go:566  [n1] gossip status (ok, 1 node)
gossip client (0/3 cur/max conns)
gossip server (0/3 cur/max conns, infos 0/0 sent/received, bytes 0B/0B sent/received)
I191203 04:30:10.761854 105 server/status/runtime.go:498  [n1] runtime stats: 186 MiB RSS, 144 goroutines, 125 MiB/44 MiB/183 MiB GO alloc/idle/total, 22 MiB/27 MiB CGO alloc/total, 663.2 CGO/sec, 1.4/0.8 %(u/s)time, 0.0 %gc (0x), 3.7 KiB/5.2 KiB (r/w)net
I191203 04:30:20.772690 105 server/status/runtime.go:498  [n1] runtime stats: 186 MiB RSS, 143 goroutines, 133 MiB/36 MiB/183 MiB GO alloc/idle/total, 22 MiB/27 MiB CGO alloc/total, 767.3 CGO/sec, 1.4/0.5 %(u/s)time, 0.0 %gc (0x), 9.8 KiB/10 KiB (r/w)net
I191203 04:30:29.961761 100 storage/store.go:2364  [n1,s1] sstables (read amplification = 2):
0 [ 187K 1 ]: 187K
6 [ 626K 1 ]: 626K
I191203 04:30:29.962218 100 storage/store.go:2365  [n1,s1] 
** Compaction Stats [default] **
Level    Files   Size     Score Read(GB)  Rn(GB) Rnp1(GB) Write(GB) Wnew(GB) Moved(GB) W-Amp Rd(MB/s) Wr(MB/s) Comp(sec) CompMergeCPU(sec) Comp(cnt) Avg(sec) KeyIn KeyDrop
----------------------------------------------------------------------------------------------------------------------------------------------------------------------------
  L0      1/0   187.44 KB   0.5      0.0     0.0      0.0       0.0      0.0       0.0   1.0      0.0      0.1      1.50              0.00         1    1.505       0      0
  L6      1/0   625.80 KB   0.0      0.0     0.0      0.0       0.0      0.0       0.0   0.0      0.0      0.0      0.00              0.00         0    0.000       0      0
 Sum      2/0   813.24 KB   0.0      0.0     0.0      0.0       0.0      0.0       0.0   1.0      0.0      0.1      1.50              0.00         1    1.505       0      0
 Int      0/0    0.00 KB   0.0      0.0     0.0      0.0       0.0      0.0       0.0   0.0      0.0      0.0      0.00              0.00         0    0.000       0      0

** Compaction Stats [default] **
Priority    Files   Size     Score Read(GB)  Rn(GB) Rnp1(GB) Write(GB) Wnew(GB) Moved(GB) W-Amp Rd(MB/s) Wr(MB/s) Comp(sec) CompMergeCPU(sec) Comp(cnt) Avg(sec) KeyIn KeyDrop
-------------------------------------------------------------------------------------------------------------------------------------------------------------------------------
User      0/0    0.00 KB   0.0      0.0     0.0      0.0       0.0      0.0       0.0   0.0      0.0      0.1      1.50              0.00         1    1.505       0      0
Uptime(secs): 630.7 total, 600.0 interval
Flush(GB): cumulative 0.000, interval 0.000
AddFile(GB): cumulative 0.000, interval 0.000
AddFile(Total Files): cumulative 0, interval 0
AddFile(L0 Files): cumulative 0, interval 0
AddFile(Keys): cumulative 0, interval 0
Cumulative compaction: 0.00 GB write, 0.00 MB/s write, 0.00 GB read, 0.00 MB/s read, 1.5 seconds
Interval compaction: 0.00 GB write, 0.00 MB/s write, 0.00 GB read, 0.00 MB/s read, 0.0 seconds
Stalls(count): 0 level0_slowdown, 0 level0_slowdown_with_compaction, 0 level0_numfiles, 0 level0_numfiles_with_compaction, 0 stop for pending_compaction_bytes, 0 slowdown for pending_compaction_bytes, 0 memtable_compaction, 0 memtable_slowdown, interval 0 total count
estimated_pending_compaction_bytes: 0 B
I191203 04:30:30.766565 105 server/status/runtime.go:498  [n1] runtime stats: 186 MiB RSS, 143 goroutines, 139 MiB/30 MiB/183 MiB GO alloc/idle/total, 22 MiB/27 MiB CGO alloc/total, 607.0 CGO/sec, 1.7/0.8 %(u/s)time, 0.0 %gc (0x), 8.0 KiB/9.9 KiB (r/w)net
I191203 04:30:40.766097 105 server/status/runtime.go:498  [n1] runtime stats: 187 MiB RSS, 143 goroutines, 146 MiB/24 MiB/183 MiB GO alloc/idle/total, 22 MiB/27 MiB CGO alloc/total, 629.8 CGO/sec, 1.3/0.5 %(u/s)time, 0.0 %gc (0x), 3.4 KiB/7.0 KiB (r/w)net
I191203 04:30:50.770903 105 server/status/runtime.go:498  [n1] runtime stats: 187 MiB RSS, 144 goroutines, 82 MiB/82 MiB/183 MiB GO alloc/idle/total, 22 MiB/27 MiB CGO alloc/total, 616.6 CGO/sec, 2.7/0.5 %(u/s)time, 0.0 %gc (1x), 3.2 KiB/6.8 KiB (r/w)net
I191203 04:31:00.767889 105 server/status/runtime.go:498  [n1] runtime stats: 188 MiB RSS, 144 goroutines, 90 MiB/75 MiB/183 MiB GO alloc/idle/total, 22 MiB/27 MiB CGO alloc/total, 611.2 CGO/sec, 1.4/0.6 %(u/s)time, 0.0 %gc (0x), 4.5 KiB/8.9 KiB (r/w)net
I191203 04:31:09.964966 101 gossip/gossip.go:566  [n1] gossip status (ok, 1 node)
gossip client (0/3 cur/max conns)
gossip server (0/3 cur/max conns, infos 0/0 sent/received, bytes 0B/0B sent/received)
I191203 04:31:10.769094 105 server/status/runtime.go:498  [n1] runtime stats: 187 MiB RSS, 144 goroutines, 96 MiB/69 MiB/183 MiB GO alloc/idle/total, 22 MiB/27 MiB CGO alloc/total, 615.3 CGO/sec, 0.9/1.2 %(u/s)time, 0.0 %gc (0x), 7.0 KiB/10 KiB (r/w)net
I191203 04:31:20.866490 105 server/status/runtime.go:498  [n1] runtime stats: 187 MiB RSS, 143 goroutines, 105 MiB/62 MiB/183 MiB GO alloc/idle/total, 22 MiB/27 MiB CGO alloc/total, 706.3 CGO/sec, 1.7/0.9 %(u/s)time, 0.0 %gc (0x), 3.9 KiB/22 KiB (r/w)net
I191203 04:31:30.735055 105 server/status/runtime.go:498  [n1] runtime stats: 187 MiB RSS, 143 goroutines, 112 MiB/56 MiB/183 MiB GO alloc/idle/total, 22 MiB/27 MiB CGO alloc/total, 630.9 CGO/sec, 1.6/0.8 %(u/s)time, 0.0 %gc (0x), 24 KiB/19 KiB (r/w)net
I191203 04:31:40.765426 105 server/status/runtime.go:498  [n1] runtime stats: 188 MiB RSS, 143 goroutines, 118 MiB/50 MiB/183 MiB GO alloc/idle/total, 22 MiB/27 MiB CGO alloc/total, 609.1 CGO/sec, 1.6/0.3 %(u/s)time, 0.0 %gc (0x), 29 KiB/15 KiB (r/w)net
I191203 04:31:50.785217 105 server/status/runtime.go:498  [n1] runtime stats: 188 MiB RSS, 144 goroutines, 125 MiB/44 MiB/183 MiB GO alloc/idle/total, 21 MiB/27 MiB CGO alloc/total, 617.1 CGO/sec, 2.3/0.3 %(u/s)time, 0.0 %gc (0x), 5.9 KiB/5.9 KiB (r/w)net
I191203 04:32:00.767507 105 server/status/runtime.go:498  [n1] runtime stats: 188 MiB RSS, 144 goroutines, 132 MiB/37 MiB/183 MiB GO alloc/idle/total, 29 MiB/35 MiB CGO alloc/total, 599.0 CGO/sec, 1.3/0.8 %(u/s)time, 0.0 %gc (0x), 20 KiB/8.0 KiB (r/w)net
I191203 04:32:09.962289 101 gossip/gossip.go:566  [n1] gossip status (ok, 1 node)
gossip client (0/3 cur/max conns)
gossip server (0/3 cur/max conns, infos 0/0 sent/received, bytes 0B/0B sent/received)
I191203 04:32:10.769297 105 server/status/runtime.go:498  [n1] runtime stats: 188 MiB RSS, 144 goroutines, 138 MiB/31 MiB/183 MiB GO alloc/idle/total, 29 MiB/35 MiB CGO alloc/total, 643.5 CGO/sec, 1.9/0.8 %(u/s)time, 0.0 %gc (0x), 11 KiB/9.6 KiB (r/w)net
I191203 04:32:20.782538 105 server/status/runtime.go:498  [n1] runtime stats: 181 MiB RSS, 143 goroutines, 146 MiB/24 MiB/174 MiB GO alloc/idle/total, 29 MiB/35 MiB CGO alloc/total, 713.3 CGO/sec, 1.9/0.9 %(u/s)time, 0.0 %gc (0x), 4.1 KiB/7.2 KiB (r/w)net
I191203 04:32:30.767276 105 server/status/runtime.go:498  [n1] runtime stats: 182 MiB RSS, 143 goroutines, 81 MiB/83 MiB/175 MiB GO alloc/idle/total, 29 MiB/35 MiB CGO alloc/total, 609.7 CGO/sec, 2.0/0.8 %(u/s)time, 0.0 %gc (1x), 5.2 KiB/8.1 KiB (r/w)net
I191203 04:32:40.769836 105 server/status/runtime.go:498  [n1] runtime stats: 183 MiB RSS, 143 goroutines, 89 MiB/75 MiB/175 MiB GO alloc/idle/total, 29 MiB/35 MiB CGO alloc/total, 602.5 CGO/sec, 1.4/0.3 %(u/s)time, 0.0 %gc (0x), 36 KiB/32 KiB (r/w)net
I191203 04:32:50.772097 105 server/status/runtime.go:498  [n1] runtime stats: 183 MiB RSS, 144 goroutines, 96 MiB/69 MiB/175 MiB GO alloc/idle/total, 29 MiB/35 MiB CGO alloc/total, 616.4 CGO/sec, 1.7/0.6 %(u/s)time, 0.0 %gc (0x), 18 KiB/7.0 KiB (r/w)net
I191203 04:33:00.774996 105 server/status/runtime.go:498  [n1] runtime stats: 183 MiB RSS, 144 goroutines, 103 MiB/63 MiB/175 MiB GO alloc/idle/total, 29 MiB/34 MiB CGO alloc/total, 620.7 CGO/sec, 1.1/1.4 %(u/s)time, 0.0 %gc (0x), 5.1 KiB/4.9 KiB (r/w)net
I191203 04:33:09.957416 101 gossip/gossip.go:566  [n1] gossip status (ok, 1 node)
gossip client (0/3 cur/max conns)
gossip server (0/3 cur/max conns, infos 0/0 sent/received, bytes 0B/0B sent/received)
I191203 04:33:10.770391 105 server/status/runtime.go:498  [n1] runtime stats: 183 MiB RSS, 144 goroutines, 110 MiB/57 MiB/175 MiB GO alloc/idle/total, 29 MiB/34 MiB CGO alloc/total, 620.9 CGO/sec, 1.1/0.6 %(u/s)time, 0.0 %gc (0x), 3.4 KiB/5.0 KiB (r/w)net
I191203 04:33:20.774443 105 server/status/runtime.go:498  [n1] runtime stats: 183 MiB RSS, 143 goroutines, 118 MiB/51 MiB/175 MiB GO alloc/idle/total, 29 MiB/34 MiB CGO alloc/total, 721.3 CGO/sec, 1.6/0.9 %(u/s)time, 0.0 %gc (0x), 9.4 KiB/9.1 KiB (r/w)net
I191203 04:33:30.769972 105 server/status/runtime.go:498  [n1] runtime stats: 184 MiB RSS, 143 goroutines, 124 MiB/44 MiB/175 MiB GO alloc/idle/total, 29 MiB/34 MiB CGO alloc/total, 617.9 CGO/sec, 1.7/1.1 %(u/s)time, 0.0 %gc (0x), 3.1 KiB/4.4 KiB (r/w)net
I191203 04:33:40.769980 105 server/status/runtime.go:498  [n1] runtime stats: 184 MiB RSS, 143 goroutines, 131 MiB/38 MiB/175 MiB GO alloc/idle/total, 29 MiB/34 MiB CGO alloc/total, 602.9 CGO/sec, 1.2/0.3 %(u/s)time, 0.0 %gc (0x), 5.6 KiB/6.5 KiB (r/w)net
I191203 04:33:50.774784 105 server/status/runtime.go:498  [n1] runtime stats: 184 MiB RSS, 144 goroutines, 138 MiB/32 MiB/175 MiB GO alloc/idle/total, 29 MiB/34 MiB CGO alloc/total, 624.6 CGO/sec, 1.9/0.5 %(u/s)time, 0.0 %gc (0x), 10 KiB/5.3 KiB (r/w)net
I191203 04:34:00.787935 105 server/status/runtime.go:498  [n1] runtime stats: 184 MiB RSS, 144 goroutines, 144 MiB/25 MiB/175 MiB GO alloc/idle/total, 29 MiB/34 MiB CGO alloc/total, 597.8 CGO/sec, 1.6/0.6 %(u/s)time, 0.0 %gc (0x), 3.3 KiB/4.3 KiB (r/w)net
I191203 04:34:09.957161 101 gossip/gossip.go:566  [n1] gossip status (ok, 1 node)
gossip client (0/3 cur/max conns)
gossip server (0/3 cur/max conns, infos 0/0 sent/received, bytes 0B/0B sent/received)
I191203 04:34:10.775709 105 server/status/runtime.go:498  [n1] runtime stats: 185 MiB RSS, 144 goroutines, 80 MiB/83 MiB/175 MiB GO alloc/idle/total, 29 MiB/34 MiB CGO alloc/total, 631.4 CGO/sec, 1.9/0.9 %(u/s)time, 0.0 %gc (1x), 7.9 KiB/11 KiB (r/w)net
I191203 04:34:20.772173 105 server/status/runtime.go:498  [n1] runtime stats: 185 MiB RSS, 143 goroutines, 89 MiB/76 MiB/175 MiB GO alloc/idle/total, 29 MiB/34 MiB CGO alloc/total, 722.7 CGO/sec, 2.2/0.5 %(u/s)time, 0.0 %gc (0x), 11 KiB/9.1 KiB (r/w)net
I191203 04:34:30.776666 105 server/status/runtime.go:498  [n1] runtime stats: 185 MiB RSS, 143 goroutines, 96 MiB/70 MiB/175 MiB GO alloc/idle/total, 29 MiB/34 MiB CGO alloc/total, 604.9 CGO/sec, 1.4/1.4 %(u/s)time, 0.0 %gc (0x), 7.9 KiB/7.8 KiB (r/w)net
I191203 04:34:40.784030 105 server/status/runtime.go:498  [n1] runtime stats: 185 MiB RSS, 143 goroutines, 104 MiB/63 MiB/175 MiB GO alloc/idle/total, 29 MiB/34 MiB CGO alloc/total, 615.8 CGO/sec, 1.4/0.8 %(u/s)time, 0.0 %gc (0x), 7.5 KiB/8.1 KiB (r/w)net
I191203 04:34:50.775456 105 server/status/runtime.go:498  [n1] runtime stats: 182 MiB RSS, 144 goroutines, 110 MiB/57 MiB/172 MiB GO alloc/idle/total, 29 MiB/34 MiB CGO alloc/total, 613.5 CGO/sec, 1.6/0.8 %(u/s)time, 0.0 %gc (0x), 3.2 KiB/4.4 KiB (r/w)net
I191203 04:35:00.782955 105 server/status/runtime.go:498  [n1] runtime stats: 183 MiB RSS, 144 goroutines, 117 MiB/51 MiB/172 MiB GO alloc/idle/total, 29 MiB/34 MiB CGO alloc/total, 601.5 CGO/sec, 1.1/0.6 %(u/s)time, 0.0 %gc (0x), 16 KiB/6.1 KiB (r/w)net
I191203 04:35:09.955962 101 gossip/gossip.go:566  [n1] gossip status (ok, 1 node)
gossip client (0/3 cur/max conns)
gossip server (0/3 cur/max conns, infos 0/0 sent/received, bytes 0B/0B sent/received)
I191203 04:35:10.777773 105 server/status/runtime.go:498  [n1] runtime stats: 183 MiB RSS, 144 goroutines, 124 MiB/45 MiB/172 MiB GO alloc/idle/total, 29 MiB/34 MiB CGO alloc/total, 641.3 CGO/sec, 1.3/1.3 %(u/s)time, 0.0 %gc (0x), 3.0 KiB/5.0 KiB (r/w)net
I191203 04:35:20.778905 105 server/status/runtime.go:498  [n1] runtime stats: 183 MiB RSS, 143 goroutines, 132 MiB/38 MiB/172 MiB GO alloc/idle/total, 29 MiB/34 MiB CGO alloc/total, 698.6 CGO/sec, 1.7/0.6 %(u/s)time, 0.0 %gc (0x), 2.1 KiB/4.4 KiB (r/w)net
I191203 04:35:30.766457 105 server/status/runtime.go:498  [n1] runtime stats: 184 MiB RSS, 143 goroutines, 138 MiB/32 MiB/172 MiB GO alloc/idle/total, 29 MiB/34 MiB CGO alloc/total, 609.3 CGO/sec, 1.1/0.5 %(u/s)time, 0.0 %gc (0x), 3.4 KiB/5.6 KiB (r/w)net
I191203 04:35:40.792307 105 server/status/runtime.go:498  [n1] runtime stats: 184 MiB RSS, 143 goroutines, 145 MiB/25 MiB/172 MiB GO alloc/idle/total, 29 MiB/34 MiB CGO alloc/total, 615.5 CGO/sec, 1.4/0.3 %(u/s)time, 0.0 %gc (0x), 10 KiB/9.8 KiB (r/w)net
I191203 04:35:51.863123 105 server/status/runtime.go:498  [n1] runtime stats: 184 MiB RSS, 144 goroutines, 81 MiB/83 MiB/172 MiB GO alloc/idle/total(stale), 29 MiB/34 MiB CGO alloc/total, 559.7 CGO/sec, 1.7/0.6 %(u/s)time, 0.0 %gc (1x), 27 KiB/11 KiB (r/w)net
W191203 04:35:53.670473 128 storage/store_raft.go:514  [n1,s1,r4/1:/System{/tsd-tse}] handle raft ready: 0.6s [applied=1, batches=1, state_assertions=0]
I191203 04:36:00.697212 105 server/status/runtime.go:498  [n1] runtime stats: 132 MiB RSS, 142 goroutines, 90 MiB/75 MiB/172 MiB GO alloc/idle/total, 29 MiB/34 MiB CGO alloc/total, 686.7 CGO/sec, 0.5/0.2 %(u/s)time, 0.0 %gc (0x), 23 KiB/14 KiB (r/w)net
W191203 04:36:03.066981 138 storage/store_raft.go:514  [n1,s1,r1/1:/{Min-System/NodeL…}] handle raft ready: 1.6s [applied=1, batches=1, state_assertions=1]
W191203 04:36:04.842525 131 storage/store_raft.go:514  [n1,s1,r2/1:/System/NodeLiveness{-Max}] handle raft ready: 0.7s [applied=1, batches=1, state_assertions=1]
I191203 04:51:25.567980 101 gossip/gossip.go:566  [n1] gossip status (stalled, 1 node)
gossip client (0/3 cur/max conns)
gossip server (0/3 cur/max conns, infos 0/0 sent/received, bytes 0B/0B sent/received)
gossip connectivity
W191203 04:51:25.609963 99 storage/closedts/provider/provider.go:150  [ct-closer] unable to move closed timestamp forward: not live
github.com/cockroachdb/cockroach/pkg/storage.init.ializers
	/go/src/github.com/cockroachdb/cockroach/pkg/storage/node_liveness.go:57
runtime.main
	/usr/local/go/src/runtime/proc.go:188
runtime.goexit
	/usr/local/go/src/runtime/asm_amd64.s:1337
I191203 04:51:25.956181 105 server/status/runtime.go:498  [n1] runtime stats: 135 MiB RSS, 145 goroutines, 99 MiB/67 MiB/172 MiB GO alloc/idle/total, 29 MiB/34 MiB CGO alloc/total, 6.8 CGO/sec, 0.0/0.0 %(u/s)time, 0.0 %gc (0x), 16 EiB/16 EiB (r/w)net
W191203 04:51:29.011649 151 storage/store_rebalancer.go:219  [n1,s1,store-rebalancer] StorePool missing descriptor for local store
W191203 04:51:30.073543 115 storage/engine/rocksdb.go:2075  batch [2/322/0] commit took 4.5000518s (>= warning threshold 500ms)
W191203 04:51:30.145257 181 storage/node_liveness.go:559  [n1,liveness-hb] slow heartbeat took 4.5s
W191203 04:51:30.490475 181 storage/node_liveness.go:484  [n1,liveness-hb] failed node liveness heartbeat: operation "node liveness heartbeat" timed out after 4.5s
W191203 04:51:30.949701 97 storage/engine/rocksdb.go:2075  batch [2/170/0] commit took 876.0705ms (>= warning threshold 500ms)
W191203 04:51:30.950146 132 storage/store_raft.go:514  [n1,s1,r1/1:/{Min-System/NodeL…}] handle raft ready: 5.4s [applied=1, batches=1, state_assertions=1]
W191203 04:51:32.163908 115 storage/engine/rocksdb.go:2075  batch [2/178/0] commit took 1.2141107s (>= warning threshold 500ms)
W191203 04:51:32.164334 115 storage/store_raft.go:514  [n1,s1,r2/1:/System/NodeLiveness{-Max}] handle raft ready: 6.6s [applied=1, batches=1, state_assertions=1]
I191203 04:51:32.785790 81 gossip/gossip.go:1531  [n1] node has connected to cluster via gossip
W191203 04:51:32.902248 115 storage/engine/rocksdb.go:2075  batch [2/107/0] commit took 737.7888ms (>= warning threshold 500ms)
W191203 04:51:33.881972 132 storage/engine/rocksdb.go:2075  batch [1/79/0] commit took 979.647ms (>= warning threshold 500ms)
W191203 04:51:33.882059 132 storage/store_raft.go:514  [n1,s1,r1/1:/{Min-System/NodeL…}] handle raft ready: 2.9s [applied=1, batches=1, state_assertions=0]
W191203 04:51:33.882175 115 storage/store_raft.go:514  [n1,s1,r2/1:/System/NodeLiveness{-Max}] handle raft ready: 1.7s [applied=1, batches=1, state_assertions=0]
W191203 04:51:34.990543 181 storage/node_liveness.go:559  [n1,liveness-hb] slow heartbeat took 4.5s
W191203 04:51:34.990597 181 storage/node_liveness.go:484  [n1,liveness-hb] failed node liveness heartbeat: operation "node liveness heartbeat" timed out after 4.5s
W191203 04:51:35.020591 132 storage/store_raft.go:514  [n1,s1,r1/1:/{Min-System/NodeL…}] handle raft ready: 1.1s [applied=1, batches=1, state_assertions=1]
W191203 04:51:35.020594 12000 storage/node_liveness.go:559  [n1,s1,r4/1:/System{/tsd-tse}] slow heartbeat took 9.4s
W191203 04:51:35.021028 115 storage/store_raft.go:514  [n1,s1,r2/1:/System/NodeLiveness{-Max}] handle raft ready: 1.1s [applied=3, batches=3, state_assertions=2]
I191203 04:51:35.280353 181 storage/node_liveness.go:474  [n1,liveness-hb] heartbeat failed on epoch increment; retrying
W191203 04:51:35.280359 12179 storage/node_liveness.go:559  [n1,s1,r25/1:/{Table/53-Max}] slow heartbeat took 9.4s
W191203 04:51:35.280376 12118 storage/node_liveness.go:559  [n1,s1,r6/1:/Table/{SystemCon…-11}] slow heartbeat took 9.4s
W191203 04:51:35.280402 12178 storage/node_liveness.go:559  [n1,s1,r3/1:/System/{NodeLive…-tsd}] slow heartbeat took 9.4s
E191203 04:51:35.280420 12179 storage/replica_range_lease.go:339  [n1,s1,r25/1:/{Table/53-Max}] heartbeat failed on epoch increment
E191203 04:51:35.280427 12178 storage/replica_range_lease.go:339  [n1,s1,r3/1:/System/{NodeLive…-tsd}] heartbeat failed on epoch increment
E191203 04:51:35.280508 12118 storage/replica_range_lease.go:339  [n1,s1,r6/1:/Table/{SystemCon…-11}] heartbeat failed on epoch increment
W191203 04:51:35.532359 47 storage/engine/rocksdb.go:2075  batch [2/5585/0] commit took 509.3248ms (>= warning threshold 500ms)
W191203 04:51:35.813464 129 storage/store_raft.go:514  [n1,s1,r4/1:/System{/tsd-tse}] handle raft ready: 0.8s [applied=1, batches=1, state_assertions=1]
W191203 04:51:35.814079 47 storage/store_raft.go:514  [n1,s1,r2/1:/System/NodeLiveness{-Max}] handle raft ready: 0.8s [applied=1, batches=1, state_assertions=0]
W191203 04:51:36.359232 129 storage/engine/rocksdb.go:2075  batch [2/107/0] commit took 545.2647ms (>= warning threshold 500ms)
W191203 04:51:36.791408 129 storage/store_raft.go:514  [n1,s1,r4/1:/System{/tsd-tse}] handle raft ready: 1.0s [applied=1, batches=1, state_assertions=0]
W191203 04:51:36.791481 47 storage/store_raft.go:514  [n1,s1,r2/1:/System/NodeLiveness{-Max}] handle raft ready: 1.0s [applied=1, batches=1, state_assertions=0]
W191203 04:51:36.991695 12346 storage/node_liveness.go:559  [n1,s1,r3/1:/System/{NodeLive…-tsd}] slow heartbeat took 1.7s
W191203 04:51:36.991735 181 storage/node_liveness.go:559  [n1,liveness-hb] slow heartbeat took 1.7s
W191203 04:51:36.991740 12389 storage/node_liveness.go:559  [n1,s1,r6/1:/Table/{SystemCon…-11}] slow heartbeat took 1.7s
W191203 04:51:36.991843 12408 storage/node_liveness.go:559  [n1,s1,r4/1:/System{/tsd-tse}] slow heartbeat took 1.2s
W191203 04:51:37.620965 45 storage/store_raft.go:514  [n1,s1,r4/1:/System{/tsd-tse}] handle raft ready: 0.6s [applied=1, batches=1, state_assertions=1]
W191203 04:51:37.621316 46 storage/store_raft.go:514  [n1,s1,r6/1:/Table/{SystemCon…-11}] handle raft ready: 0.6s [applied=1, batches=1, state_assertions=1]
W191203 04:51:37.622776 128 storage/store_raft.go:514  [n1,s1,r2/1:/System/NodeLiveness{-Max}] handle raft ready: 0.6s [applied=1, batches=1, state_assertions=1]
W191203 04:51:37.622968 125 storage/store_raft.go:514  [n1,s1,r3/1:/System/{NodeLive…-tsd}] handle raft ready: 0.6s [applied=1, batches=1, state_assertions=1]
W191203 04:51:37.991908 117 storage/store_raft.go:514  [n1,s1,r1/1:/{Min-System/NodeL…}] handle raft ready: 0.5s [applied=1, batches=1, state_assertions=1]
W191203 04:51:38.292876 123 storage/store_raft.go:514  [n1,s1,r4/1:/System{/tsd-tse}] handle raft ready: 0.7s [applied=1, batches=1, state_assertions=0]
W191203 04:51:38.294378 128 storage/store_raft.go:514  [n1,s1,r2/1:/System/NodeLiveness{-Max}] handle raft ready: 0.7s [applied=1, batches=1, state_assertions=0]
W191203 04:51:38.304902 125 storage/store_raft.go:514  [n1,s1,r3/1:/System/{NodeLive…-tsd}] handle raft ready: 0.7s [applied=1, batches=1, state_assertions=0]
W191203 04:51:38.565939 181 storage/node_liveness.go:559  [n1,liveness-hb] slow heartbeat took 1.6s
W191203 04:51:38.800144 117 storage/store_raft.go:514  [n1,s1,r1/1:/{Min-System/NodeL…}] handle raft ready: 0.8s [applied=1, batches=1, state_assertions=0]
W191203 04:51:38.814983 105 server/status/runtime.go:430  [n1] problem fetching disk stats: context deadline exceeded; disk stats will be empty.
I191203 04:51:38.819555 105 server/status/runtime.go:498  [n1] runtime stats: 120 MiB RSS, 151 goroutines, 80 MiB/84 MiB/122 MiB GO alloc/idle/total(stale), 29 MiB/35 MiB CGO alloc/total, 429.9 CGO/sec, 5.7/1.7 %(u/s)time, 23.2 %gc (1x), 20 MiB/4.8 MiB (r/w)net
W191203 04:51:39.161157 123 storage/store_raft.go:514  [n1,s1,r4/1:/System{/tsd-tse}] handle raft ready: 0.9s [applied=2, batches=1, state_assertions=0]
W191203 04:51:39.446747 124 storage/store_raft.go:514  [n1,s1,r3/1:/System/{NodeLive…-tsd}] handle raft ready: 1.1s [applied=1, batches=1, state_assertions=0]
W191203 04:51:39.447317 118 storage/store_raft.go:514  [n1,s1,r12/1:/Table/1{6-7}] handle raft ready: 0.9s [applied=1, batches=1, state_assertions=1]
W191203 04:51:40.380827 124 storage/store_raft.go:514  [n1,s1,r3/1:/System/{NodeLive…-tsd}] handle raft ready: 0.9s [applied=1, batches=1, state_assertions=0]
W191203 04:51:40.381017 47 storage/store_raft.go:514  [n1,s1,r4/1:/System{/tsd-tse}] handle raft ready: 1.2s [applied=1, batches=1, state_assertions=0]
W191203 04:51:40.381503 126 storage/store_raft.go:514  [n1,s1,r2/1:/System/NodeLiveness{-Max}] handle raft ready: 0.9s [applied=1, batches=1, state_assertions=0]
W191203 04:51:40.580077 12475 storage/node_liveness.go:559  [n1,s1,r5/1:/{Systemtse-Table/System…}] slow heartbeat took 1.1s
W191203 04:51:41.536505 121 storage/store_raft.go:514  [n1,s1,r5/1:/{Systemtse-Table/System…}] handle raft ready: 1.0s [applied=1, batches=1, state_assertions=1]
W191203 04:51:41.536551 48 storage/store_raft.go:514  [n1,s1,r4/1:/System{/tsd-tse}] handle raft ready: 0.7s [applied=1, batches=1, state_assertions=0]
W191203 04:51:42.803175 115 storage/store_raft.go:514  [n1,s1,r1/1:/{Min-System/NodeL…}] handle raft ready: 0.8s [applied=1, batches=1, state_assertions=1]
W191203 04:51:42.803394 44 storage/store_raft.go:514  [n1,s1,r2/1:/System/NodeLiveness{-Max}] handle raft ready: 0.5s [applied=1, batches=1, state_assertions=0]
W191203 04:51:43.483627 115 storage/store_raft.go:514  [n1,s1,r1/1:/{Min-System/NodeL…}] handle raft ready: 0.7s [applied=1, batches=1, state_assertions=0]
W191203 04:51:43.483780 44 storage/store_raft.go:514  [n1,s1,r2/1:/System/NodeLiveness{-Max}] handle raft ready: 0.7s [applied=1, batches=1, state_assertions=0]
W191203 04:51:43.483977 135 storage/store_raft.go:514  [n1,s1,r4/1:/System{/tsd-tse}] handle raft ready: 0.8s [applied=1, batches=1, state_assertions=0]
W191203 04:51:44.126952 46 storage/store_raft.go:514  [n1,s1,r3/1:/System/{NodeLive…-tsd}] handle raft ready: 0.9s [applied=1, batches=1, state_assertions=0]
W191203 04:51:44.127054 135 storage/store_raft.go:514  [n1,s1,r4/1:/System{/tsd-tse}] handle raft ready: 0.6s [applied=1, batches=1, state_assertions=0]
W191203 04:51:44.127598 120 storage/store_raft.go:514  [n1,s1,r13/1:/Table/1{7-8}] handle raft ready: 1.0s [applied=1, batches=1, state_assertions=1]
W191203 04:51:44.727662 135 storage/store_raft.go:514  [n1,s1,r4/1:/System{/tsd-tse}] handle raft ready: 0.6s [applied=1, batches=1, state_assertions=0]
W191203 04:51:44.727744 46 storage/store_raft.go:514  [n1,s1,r3/1:/System/{NodeLive…-tsd}] handle raft ready: 0.6s [applied=1, batches=1, state_assertions=0]
W191203 04:51:44.727896 138 storage/store_raft.go:514  [n1,s1,r2/1:/System/NodeLiveness{-Max}] handle raft ready: 0.6s [applied=1, batches=1, state_assertions=0]
W191203 04:51:45.492200 138 storage/store_raft.go:514  [n1,s1,r2/1:/System/NodeLiveness{-Max}] handle raft ready: 0.8s [applied=1, batches=1, state_assertions=0]
W191203 04:51:45.492413 46 storage/store_raft.go:514  [n1,s1,r3/1:/System/{NodeLive…-tsd}] handle raft ready: 0.8s [applied=1, batches=1, state_assertions=0]
W191203 04:51:45.492738 125 storage/store_raft.go:514  [n1,s1,r17/1:/Table/2{1-2}] handle raft ready: 0.8s [applied=1, batches=1, state_assertions=1]
W191203 04:51:46.490169 128 storage/store_raft.go:514  [n1,s1,r25/1:/{Table/53-Max}] handle raft ready: 0.6s [applied=1, batches=1, state_assertions=1]
W191203 04:51:46.992914 139 storage/store_raft.go:514  [n1,s1,r2/1:/System/NodeLiveness{-Max}] handle raft ready: 0.5s [applied=2, batches=2, state_assertions=1]
W191203 04:51:48.613247 105 server/status/runtime.go:430  [n1] problem fetching disk stats: context deadline exceeded; disk stats will be empty.
I191203 04:51:49.029246 105 server/status/runtime.go:498  [n1] runtime stats: 128 MiB RSS, 146 goroutines, 96 MiB/70 MiB/123 MiB GO alloc/idle/total(stale), 29 MiB/35 MiB CGO alloc/total, 692.5 CGO/sec, 0.5/0.2 %(u/s)time, 0.0 %gc (0x), 13 KiB/30 KiB (r/w)net
W191203 04:51:58.613298 105 server/status/runtime.go:430  [n1] problem fetching disk stats: context deadline exceeded; disk stats will be empty.
I191203 04:51:58.617494 105 server/status/runtime.go:498  [n1] runtime stats: 130 MiB RSS, 147 goroutines, 102 MiB/64 MiB/124 MiB GO alloc/idle/total(stale), 29 MiB/35 MiB CGO alloc/total, 326.4 CGO/sec, 0.5/0.2 %(u/s)time, 0.0 %gc (0x), 4.8 KiB/10 KiB (r/w)net
W191203 04:52:08.613738 105 server/status/runtime.go:430  [n1] problem fetching disk stats: context deadline exceeded; disk stats will be empty.
I191203 04:52:08.618053 105 server/status/runtime.go:498  [n1] runtime stats: 135 MiB RSS, 147 goroutines, 109 MiB/58 MiB/129 MiB GO alloc/idle/total(stale), 29 MiB/35 MiB CGO alloc/total, 265.0 CGO/sec, 0.5/0.2 %(u/s)time, 0.0 %gc (0x), 2.0 KiB/4.6 KiB (r/w)net
I191203 04:52:09.958182 101 gossip/gossip.go:566  [n1] gossip status (ok, 1 node)
gossip client (0/3 cur/max conns)
gossip server (0/3 cur/max conns, infos 0/0 sent/received, bytes 0B/0B sent/received)
gossip connectivity
  n1 [sentinel];
I191203 04:52:15.942610 105 server/status/runtime.go:498  [n1] runtime stats: 140 MiB RSS, 144 goroutines, 115 MiB/52 MiB/135 MiB GO alloc/idle/total, 29 MiB/35 MiB CGO alloc/total, 581.6 CGO/sec, 1.3/1.3 %(u/s)time, 0.0 %gc (0x), 670 B/1.2 KiB (r/w)net
I191203 04:52:23.057169 1 cli/start.go:859  received signal 'interrupt'
I191203 04:52:23.117187 1 cli/start.go:924  initiating graceful shutdown of server
I191203 04:52:24.265822 13049 util/stop/stopper.go:542  [server drain process] quiescing; tasks left:
1      [async] stats.Refresher: maybeRefreshStats
1      [async] intent_resolver_ir_batcher
1      [async] intent_resolver_gc_batcher
1      [async] closedts-rangefeed-subscriber
I191203 04:52:24.327741 13049 util/stop/stopper.go:542  [server drain process] quiescing; tasks left:
1      [async] closedts-rangefeed-subscriber
I191203 04:52:24.464637 13049 storage/engine/rocksdb.go:761  closing rocksdb instance at "E:\\Praxis-Bootcamp\\pertemuan\\minggu-5\\micronaut-crud\\databases\\cockroach-data\\cockroach-temp828921631"
I191203 04:52:24.838612 13049 storage/engine/rocksdb.go:761  closing rocksdb instance at "E:\\Praxis-Bootcamp\\pertemuan\\minggu-5\\micronaut-crud\\databases\\cockroach-data"
I191203 04:52:25.417487 1 cli/start.go:970  server drained and shutdown completed
E191203 04:52:25.547927 1 cli/error.go:233  interrupted
