I191203 04:53:55.014069 51 util/log/clog.go:1196  [config] file created at: 2019/12/03 04:53:55
I191203 04:53:55.014069 51 util/log/clog.go:1196  [config] running on machine: DESKTOP-U6UPKGJ
I191203 04:53:55.014069 51 util/log/clog.go:1196  [config] binary: CockroachDB CCL v19.2.0 (x86_64-w64-mingw32, built 2019/11/12 05:23:23, go1.12.12)
I191203 04:53:55.014069 51 util/log/clog.go:1196  [config] arguments: [cockroach start --insecure --http-port=9000]
I191203 04:53:55.014069 51 util/log/clog.go:1196  line format: [IWEF]yymmdd hh:mm:ss.uuuuuu goid file:line msg utf8=✓
I191203 04:53:55.014065 51 storage/engine/rocksdb.go:119  RocksDB version: 6.2.1
I191203 04:53:55.034460 51 storage/engine/rocksdb.go:119  Git sha rocksdb_build_git_sha:@@
I191203 04:53:55.035215 51 storage/engine/rocksdb.go:119  Compile date Nov 12 2019
I191203 04:53:55.035245 51 storage/engine/rocksdb.go:119  DB SUMMARY
I191203 04:53:55.035508 51 storage/engine/rocksdb.go:119  SST files in E:\Praxis-Bootcamp\pertemuan\minggu-5\micronaut-crud\databases\cockroach-data\cockroach-temp933232807 dir, Total Num: 0, files: 
I191203 04:53:55.035529 51 storage/engine/rocksdb.go:119  Write Ahead Log file in E:\Praxis-Bootcamp\pertemuan\minggu-5\micronaut-crud\databases\cockroach-data\cockroach-temp933232807: 
I191203 04:53:55.035547 51 storage/engine/rocksdb.go:119                          Options.error_if_exists: 0
I191203 04:53:55.035563 51 storage/engine/rocksdb.go:119                        Options.create_if_missing: 1
I191203 04:53:55.035578 51 storage/engine/rocksdb.go:119                          Options.paranoid_checks: 1
I191203 04:53:55.035595 51 storage/engine/rocksdb.go:119                                      Options.env: 00000000146eb000
I191203 04:53:55.035610 51 storage/engine/rocksdb.go:119                                 Options.info_log: 00000000147410e0
I191203 04:53:55.035625 51 storage/engine/rocksdb.go:119                 Options.max_file_opening_threads: 16
I191203 04:53:55.035639 51 storage/engine/rocksdb.go:119                               Options.statistics: 0000000014761010
I191203 04:53:55.035655 51 storage/engine/rocksdb.go:119                                Options.use_fsync: 0
I191203 04:53:55.035671 51 storage/engine/rocksdb.go:119                        Options.max_log_file_size: 0
I191203 04:53:55.035687 51 storage/engine/rocksdb.go:119                   Options.max_manifest_file_size: 134217728
I191203 04:53:55.035702 51 storage/engine/rocksdb.go:119                    Options.log_file_time_to_roll: 0
I191203 04:53:55.035721 51 storage/engine/rocksdb.go:119                        Options.keep_log_file_num: 1000
I191203 04:53:55.035736 51 storage/engine/rocksdb.go:119                     Options.recycle_log_file_num: 1
I191203 04:53:55.035757 51 storage/engine/rocksdb.go:119                          Options.allow_fallocate: 1
I191203 04:53:55.035783 51 storage/engine/rocksdb.go:119                         Options.allow_mmap_reads: 0
I191203 04:53:55.035800 51 storage/engine/rocksdb.go:119                        Options.allow_mmap_writes: 0
I191203 04:53:55.035815 51 storage/engine/rocksdb.go:119                         Options.use_direct_reads: 0
I191203 04:53:55.035830 51 storage/engine/rocksdb.go:119                         Options.use_direct_io_for_flush_and_compaction: 0
I191203 04:53:55.035845 51 storage/engine/rocksdb.go:119           Options.create_missing_column_families: 0
I191203 04:53:55.035860 51 storage/engine/rocksdb.go:119                               Options.db_log_dir: 
I191203 04:53:55.035876 51 storage/engine/rocksdb.go:119                                  Options.wal_dir: E:\Praxis-Bootcamp\pertemuan\minggu-5\micronaut-crud\databases\cockroach-data\cockroach-temp933232807
I191203 04:53:55.035891 51 storage/engine/rocksdb.go:119                 Options.table_cache_numshardbits: 6
I191203 04:53:55.035907 51 storage/engine/rocksdb.go:119                       Options.max_subcompactions: 1
I191203 04:53:55.035922 51 storage/engine/rocksdb.go:119                   Options.max_background_flushes: -1
I191203 04:53:55.035938 51 storage/engine/rocksdb.go:119                          Options.WAL_ttl_seconds: 0
I191203 04:53:55.035953 51 storage/engine/rocksdb.go:119                        Options.WAL_size_limit_MB: 0
I191203 04:53:55.035968 51 storage/engine/rocksdb.go:119              Options.manifest_preallocation_size: 4194304
I191203 04:53:55.035983 51 storage/engine/rocksdb.go:119                      Options.is_fd_close_on_exec: 1
I191203 04:53:55.035997 51 storage/engine/rocksdb.go:119                    Options.advise_random_on_open: 1
I191203 04:53:55.036012 51 storage/engine/rocksdb.go:119                     Options.db_write_buffer_size: 0
I191203 04:53:55.036035 51 storage/engine/rocksdb.go:119                     Options.write_buffer_manager: 000000001475a030
I191203 04:53:55.036050 51 storage/engine/rocksdb.go:119          Options.access_hint_on_compaction_start: 1
I191203 04:53:55.036065 51 storage/engine/rocksdb.go:119   Options.new_table_reader_for_compaction_inputs: 0
I191203 04:53:55.036080 51 storage/engine/rocksdb.go:119            Options.random_access_max_buffer_size: 1048576
I191203 04:53:55.036095 51 storage/engine/rocksdb.go:119                       Options.use_adaptive_mutex: 0
I191203 04:53:55.036110 51 storage/engine/rocksdb.go:119                             Options.rate_limiter: 0000000000000000
I191203 04:53:55.036136 51 storage/engine/rocksdb.go:119      Options.sst_file_manager.rate_bytes_per_sec: 0
I191203 04:53:55.036153 51 storage/engine/rocksdb.go:119                        Options.wal_recovery_mode: 0
I191203 04:53:55.036167 51 storage/engine/rocksdb.go:119                   Options.enable_thread_tracking: 0
I191203 04:53:55.036182 51 storage/engine/rocksdb.go:119                   Options.enable_pipelined_write: 0
I191203 04:53:55.036197 51 storage/engine/rocksdb.go:119          Options.allow_concurrent_memtable_write: 1
I191203 04:53:55.036212 51 storage/engine/rocksdb.go:119       Options.enable_write_thread_adaptive_yield: 1
I191203 04:53:55.036226 51 storage/engine/rocksdb.go:119              Options.write_thread_max_yield_usec: 100
I191203 04:53:55.036241 51 storage/engine/rocksdb.go:119             Options.write_thread_slow_yield_usec: 3
I191203 04:53:55.036261 51 storage/engine/rocksdb.go:119                                Options.row_cache: None
I191203 04:53:55.036276 51 storage/engine/rocksdb.go:119                               Options.wal_filter: None
I191203 04:53:55.036291 51 storage/engine/rocksdb.go:119              Options.avoid_flush_during_recovery: 0
I191203 04:53:55.036306 51 storage/engine/rocksdb.go:119              Options.allow_ingest_behind: 0
I191203 04:53:55.036321 51 storage/engine/rocksdb.go:119              Options.preserve_deletes: 0
I191203 04:53:55.036336 51 storage/engine/rocksdb.go:119              Options.two_write_queues: 0
I191203 04:53:55.036350 51 storage/engine/rocksdb.go:119              Options.manual_wal_flush: 1
I191203 04:53:55.036364 51 storage/engine/rocksdb.go:119              Options.atomic_flush: 0
I191203 04:53:55.036379 51 storage/engine/rocksdb.go:119              Options.avoid_unnecessary_blocking_io: 0
I191203 04:53:55.036393 51 storage/engine/rocksdb.go:119              Options.max_background_jobs: 4
I191203 04:53:55.036407 51 storage/engine/rocksdb.go:119              Options.max_background_compactions: -1
I191203 04:53:55.036422 51 storage/engine/rocksdb.go:119              Options.avoid_flush_during_shutdown: 0
I191203 04:53:55.036436 51 storage/engine/rocksdb.go:119            Options.writable_file_max_buffer_size: 1048576
I191203 04:53:55.036451 51 storage/engine/rocksdb.go:119              Options.delayed_write_rate : 16777216
I191203 04:53:55.036471 51 storage/engine/rocksdb.go:119              Options.max_total_wal_size: 0
I191203 04:53:55.036487 51 storage/engine/rocksdb.go:119              Options.delete_obsolete_files_period_micros: 21600000000
I191203 04:53:55.036502 51 storage/engine/rocksdb.go:119                    Options.stats_dump_period_sec: 0
I191203 04:53:55.036516 51 storage/engine/rocksdb.go:119                  Options.stats_persist_period_sec: 600
I191203 04:53:55.036531 51 storage/engine/rocksdb.go:119                  Options.stats_history_buffer_size: 1048576
I191203 04:53:55.036545 51 storage/engine/rocksdb.go:119                           Options.max_open_files: 128
I191203 04:53:55.036560 51 storage/engine/rocksdb.go:119                           Options.bytes_per_sync: 524288
I191203 04:53:55.036574 51 storage/engine/rocksdb.go:119                       Options.wal_bytes_per_sync: 0
I191203 04:53:55.036588 51 storage/engine/rocksdb.go:119                    Options.strict_bytes_per_sync: 1
I191203 04:53:55.036607 51 storage/engine/rocksdb.go:119        Options.compaction_readahead_size: 0
I191203 04:53:55.036623 51 storage/engine/rocksdb.go:119  Compression algorithms supported:
I191203 04:53:55.036639 51 storage/engine/rocksdb.go:119  	kZSTDNotFinalCompression supported: 0
I191203 04:53:55.036654 51 storage/engine/rocksdb.go:119  	kZSTD supported: 0
I191203 04:53:55.036668 51 storage/engine/rocksdb.go:119  	kXpressCompression supported: 0
I191203 04:53:55.036683 51 storage/engine/rocksdb.go:119  	kLZ4HCCompression supported: 0
I191203 04:53:55.036697 51 storage/engine/rocksdb.go:119  	kLZ4Compression supported: 0
I191203 04:53:55.036711 51 storage/engine/rocksdb.go:119  	kBZip2Compression supported: 0
I191203 04:53:55.036729 51 storage/engine/rocksdb.go:119  	kZlibCompression supported: 0
I191203 04:53:55.036744 51 storage/engine/rocksdb.go:119  	kSnappyCompression supported: 1
I191203 04:53:55.036775 51 storage/engine/rocksdb.go:119  Fast CRC32 supported: Supported on x86
I191203 04:53:55.037437 51 storage/engine/rocksdb.go:119  [db/db_impl_open.cc:242] Creating manifest 1 
I191203 04:53:55.228317 51 storage/engine/rocksdb.go:119  [db/version_set.cc:4072] Recovering from manifest file: E:\Praxis-Bootcamp\pertemuan\minggu-5\micronaut-crud\databases\cockroach-data\cockroach-temp933232807/MANIFEST-000001
I191203 04:53:55.229181 51 storage/engine/rocksdb.go:119  [db/column_family.cc:488] --------------- Options for column family [default]:
I191203 04:53:55.229230 51 storage/engine/rocksdb.go:119                Options.comparator: cockroach_comparator
I191203 04:53:55.229283 51 storage/engine/rocksdb.go:119            Options.merge_operator: cockroach_merge_operator
I191203 04:53:55.229321 51 storage/engine/rocksdb.go:119         Options.compaction_filter: None
I191203 04:53:55.229358 51 storage/engine/rocksdb.go:119         Options.compaction_filter_factory: None
I191203 04:53:55.229395 51 storage/engine/rocksdb.go:119          Options.memtable_factory: SkipListFactory
I191203 04:53:55.229432 51 storage/engine/rocksdb.go:119             Options.table_factory: BlockBasedTable
I191203 04:53:55.229778 51 storage/engine/rocksdb.go:119             table_factory options:   flush_block_policy_factory: FlushBlockBySizePolicyFactory (0000000014758028)
  cache_index_and_filter_blocks: 0
  cache_index_and_filter_blocks_with_high_priority: 0
  pin_l0_filter_and_index_blocks_in_cache: 0
  pin_top_level_index_and_filter: 1
  index_type: 0
  data_block_index_type: 0
  index_shortening: 1
  data_block_hash_table_util_ratio: 0.750000
  hash_index_allow_collision: 1
  checksum: 1
  no_block_cache: 0
  block_cache: 0000000014742010
  block_cache_name: LRUCache
  block_cache_options:
    capacity : 1048576
    num_shard_bits : 4
    strict_capacity_limit : 0
    memory_allocator : None
    high_pri_pool_ratio: 0.000
  block_cache_compressed: 0000000000000000
  persistent_cache: 0000000000000000
  block_size: 32768
  block_size_deviation: 10
  block_restart_interval: 16
  index_block_restart_interval: 1
  metadata_block_size: 4096
  partition_filters: 0
  use_delta_encoding: 1
  filter_policy: rocksdb.BuiltinBloomFilter
  whole_key_filtering: 0
  verify_compression: 0
  read_amp_bytes_per_bit: 0
  format_version: 2
  enable_index_compression: 1
  block_align: 0
I191203 04:53:55.229828 51 storage/engine/rocksdb.go:119         Options.write_buffer_size: 67108864
I191203 04:53:55.229872 51 storage/engine/rocksdb.go:119   Options.max_write_buffer_number: 4
I191203 04:53:55.229910 51 storage/engine/rocksdb.go:119           Options.compression: Snappy
I191203 04:53:55.229958 51 storage/engine/rocksdb.go:119                   Options.bottommost_compression: Disabled
I191203 04:53:55.229994 51 storage/engine/rocksdb.go:119        Options.prefix_extractor: cockroach_prefix_extractor
I191203 04:53:55.230030 51 storage/engine/rocksdb.go:119    Options.memtable_insert_with_hint_prefix_extractor: nullptr
I191203 04:53:55.230066 51 storage/engine/rocksdb.go:119              Options.num_levels: 7
I191203 04:53:55.230100 51 storage/engine/rocksdb.go:119         Options.min_write_buffer_number_to_merge: 1
I191203 04:53:55.230148 51 storage/engine/rocksdb.go:119      Options.max_write_buffer_number_to_maintain: 0
I191203 04:53:55.230183 51 storage/engine/rocksdb.go:119             Options.bottommost_compression_opts.window_bits: -14
I191203 04:53:55.230219 51 storage/engine/rocksdb.go:119                   Options.bottommost_compression_opts.level: 32767
I191203 04:53:55.230256 51 storage/engine/rocksdb.go:119                Options.bottommost_compression_opts.strategy: 0
I191203 04:53:55.230297 51 storage/engine/rocksdb.go:119          Options.bottommost_compression_opts.max_dict_bytes: 0
I191203 04:53:55.230343 51 storage/engine/rocksdb.go:119          Options.bottommost_compression_opts.zstd_max_train_bytes: 0
I191203 04:53:55.230388 51 storage/engine/rocksdb.go:119                   Options.bottommost_compression_opts.enabled: false
I191203 04:53:55.230432 51 storage/engine/rocksdb.go:119             Options.compression_opts.window_bits: -14
I191203 04:53:55.230493 51 storage/engine/rocksdb.go:119                   Options.compression_opts.level: 32767
I191203 04:53:55.230538 51 storage/engine/rocksdb.go:119                Options.compression_opts.strategy: 0
I191203 04:53:55.230578 51 storage/engine/rocksdb.go:119          Options.compression_opts.max_dict_bytes: 0
I191203 04:53:55.230616 51 storage/engine/rocksdb.go:119          Options.compression_opts.zstd_max_train_bytes: 0
I191203 04:53:55.230661 51 storage/engine/rocksdb.go:119                   Options.compression_opts.enabled: false
I191203 04:53:55.230701 51 storage/engine/rocksdb.go:119       Options.level0_file_num_compaction_trigger: 2
I191203 04:53:55.230737 51 storage/engine/rocksdb.go:119           Options.level0_slowdown_writes_trigger: 950
I191203 04:53:55.230773 51 storage/engine/rocksdb.go:119               Options.level0_stop_writes_trigger: 1000
I191203 04:53:55.230810 51 storage/engine/rocksdb.go:119                    Options.target_file_size_base: 4194304
I191203 04:53:55.230847 51 storage/engine/rocksdb.go:119              Options.target_file_size_multiplier: 2
I191203 04:53:55.230885 51 storage/engine/rocksdb.go:119                 Options.max_bytes_for_level_base: 67108864
I191203 04:53:55.230923 51 storage/engine/rocksdb.go:119  Options.level_compaction_dynamic_level_bytes: 1
I191203 04:53:55.230967 51 storage/engine/rocksdb.go:119           Options.max_bytes_for_level_multiplier: 10.000000
I191203 04:53:55.231006 51 storage/engine/rocksdb.go:119  Options.max_bytes_for_level_multiplier_addtl[0]: 1
I191203 04:53:55.231044 51 storage/engine/rocksdb.go:119  Options.max_bytes_for_level_multiplier_addtl[1]: 1
I191203 04:53:55.231083 51 storage/engine/rocksdb.go:119  Options.max_bytes_for_level_multiplier_addtl[2]: 1
I191203 04:53:55.231121 51 storage/engine/rocksdb.go:119  Options.max_bytes_for_level_multiplier_addtl[3]: 1
I191203 04:53:55.231160 51 storage/engine/rocksdb.go:119  Options.max_bytes_for_level_multiplier_addtl[4]: 1
I191203 04:53:55.231202 51 storage/engine/rocksdb.go:119  Options.max_bytes_for_level_multiplier_addtl[5]: 1
I191203 04:53:55.231240 51 storage/engine/rocksdb.go:119  Options.max_bytes_for_level_multiplier_addtl[6]: 1
I191203 04:53:55.231278 51 storage/engine/rocksdb.go:119        Options.max_sequential_skip_in_iterations: 8
I191203 04:53:55.231317 51 storage/engine/rocksdb.go:119                     Options.max_compaction_bytes: 104857600
I191203 04:53:55.231356 51 storage/engine/rocksdb.go:119                         Options.arena_block_size: 8388608
I191203 04:53:55.231396 51 storage/engine/rocksdb.go:119    Options.soft_pending_compaction_bytes_limit: 2199023255552
I191203 04:53:55.231436 51 storage/engine/rocksdb.go:119    Options.hard_pending_compaction_bytes_limit: 4400193994752
I191203 04:53:55.231475 51 storage/engine/rocksdb.go:119        Options.rate_limit_delay_max_milliseconds: 100
I191203 04:53:55.231513 51 storage/engine/rocksdb.go:119                 Options.disable_auto_compactions: 0
I191203 04:53:55.231559 51 storage/engine/rocksdb.go:119                         Options.compaction_style: kCompactionStyleLevel
I191203 04:53:55.231613 51 storage/engine/rocksdb.go:119                           Options.compaction_pri: kMinOverlappingRatio
I191203 04:53:55.231653 51 storage/engine/rocksdb.go:119  Options.compaction_options_universal.size_ratio: 1
I191203 04:53:55.231748 51 storage/engine/rocksdb.go:119  Options.compaction_options_universal.min_merge_width: 2
I191203 04:53:55.231791 51 storage/engine/rocksdb.go:119  Options.compaction_options_universal.max_merge_width: 4294967295
I191203 04:53:55.231829 51 storage/engine/rocksdb.go:119  Options.compaction_options_universal.max_size_amplification_percent: 200
I191203 04:53:55.231869 51 storage/engine/rocksdb.go:119  Options.compaction_options_universal.compression_size_percent: -1
I191203 04:53:55.231913 51 storage/engine/rocksdb.go:119  Options.compaction_options_universal.stop_style: kCompactionStopStyleTotalSize
I191203 04:53:55.231953 51 storage/engine/rocksdb.go:119  Options.compaction_options_fifo.max_table_files_size: 1073741824
I191203 04:53:55.231991 51 storage/engine/rocksdb.go:119  Options.compaction_options_fifo.allow_compaction: 0
I191203 04:53:55.232139 51 storage/engine/rocksdb.go:119                    Options.table_properties_collectors: TimeBoundTblPropCollectorFactory; DeleteRangeTblPropCollectorFactory; 
I191203 04:53:55.232186 51 storage/engine/rocksdb.go:119                    Options.inplace_update_support: 0
I191203 04:53:55.232225 51 storage/engine/rocksdb.go:119                  Options.inplace_update_num_locks: 10000
I191203 04:53:55.232267 51 storage/engine/rocksdb.go:119                Options.memtable_prefix_bloom_size_ratio: 0.000000
I191203 04:53:55.232305 51 storage/engine/rocksdb.go:119                Options.memtable_whole_key_filtering: 0
I191203 04:53:55.232342 51 storage/engine/rocksdb.go:119    Options.memtable_huge_page_size: 0
I191203 04:53:55.232378 51 storage/engine/rocksdb.go:119                            Options.bloom_locality: 0
I191203 04:53:55.232416 51 storage/engine/rocksdb.go:119                     Options.max_successive_merges: 0
I191203 04:53:55.232452 51 storage/engine/rocksdb.go:119                 Options.optimize_filters_for_hits: 1
I191203 04:53:55.232502 51 storage/engine/rocksdb.go:119                 Options.paranoid_file_checks: 0
I191203 04:53:55.232540 51 storage/engine/rocksdb.go:119                 Options.force_consistency_checks: 0
I191203 04:53:55.232580 51 storage/engine/rocksdb.go:119                 Options.report_bg_io_stats: 0
I191203 04:53:55.232619 51 storage/engine/rocksdb.go:119                                Options.ttl: 0
I191203 04:53:55.232662 51 storage/engine/rocksdb.go:119           Options.periodic_compaction_seconds: 0
I191203 04:53:55.237926 51 storage/engine/rocksdb.go:119  [db/version_set.cc:4286] Recovered from manifest file:E:\Praxis-Bootcamp\pertemuan\minggu-5\micronaut-crud\databases\cockroach-data\cockroach-temp933232807/MANIFEST-000001 succeeded,manifest_file_number is 1, next_file_number is 3, last_sequence is 0, log_number is 0,prev_log_number is 0,max_column_family is 0,min_log_number_to_keep is 0
I191203 04:53:55.237967 51 storage/engine/rocksdb.go:119  [db/version_set.cc:4295] Column family [default] (ID 0), log number is 0
I191203 04:53:55.352647 51 storage/engine/rocksdb.go:119  DB pointer 000000001475e000
I191203 04:53:56.094317 51 storage/engine/rocksdb.go:119  RocksDB version: 6.2.1
I191203 04:53:56.094331 51 storage/engine/rocksdb.go:119  Git sha rocksdb_build_git_sha:@@
I191203 04:53:56.094341 51 storage/engine/rocksdb.go:119  Compile date Nov 12 2019
I191203 04:53:56.094349 51 storage/engine/rocksdb.go:119  DB SUMMARY
I191203 04:53:56.094508 51 storage/engine/rocksdb.go:119  CURRENT file:  CURRENT
I191203 04:53:56.094518 51 storage/engine/rocksdb.go:119  IDENTITY file:  IDENTITY
I191203 04:53:56.094550 51 storage/engine/rocksdb.go:119  MANIFEST file:  MANIFEST-000027 size: 157 Bytes
I191203 04:53:56.094562 51 storage/engine/rocksdb.go:119  SST files in E:\Praxis-Bootcamp\pertemuan\minggu-5\micronaut-crud\databases\cockroach-data dir, Total Num: 2, files: 000024.sst 000026.sst 
I191203 04:53:56.094571 51 storage/engine/rocksdb.go:119  Write Ahead Log file in E:\Praxis-Bootcamp\pertemuan\minggu-5\micronaut-crud\databases\cockroach-data: 000028.log size: 22487118 ; 
I191203 04:53:56.094581 51 storage/engine/rocksdb.go:119                          Options.error_if_exists: 0
I191203 04:53:56.094589 51 storage/engine/rocksdb.go:119                        Options.create_if_missing: 1
I191203 04:53:56.094597 51 storage/engine/rocksdb.go:119                          Options.paranoid_checks: 1
I191203 04:53:56.094605 51 storage/engine/rocksdb.go:119                                      Options.env: 00000000146eb000
I191203 04:53:56.094613 51 storage/engine/rocksdb.go:119                                 Options.info_log: 0000000014741540
I191203 04:53:56.094621 51 storage/engine/rocksdb.go:119                 Options.max_file_opening_threads: 16
I191203 04:53:56.094629 51 storage/engine/rocksdb.go:119                               Options.statistics: 0000000014762cd0
I191203 04:53:56.094637 51 storage/engine/rocksdb.go:119                                Options.use_fsync: 0
I191203 04:53:56.094645 51 storage/engine/rocksdb.go:119                        Options.max_log_file_size: 0
I191203 04:53:56.094653 51 storage/engine/rocksdb.go:119                   Options.max_manifest_file_size: 134217728
I191203 04:53:56.094661 51 storage/engine/rocksdb.go:119                    Options.log_file_time_to_roll: 0
I191203 04:53:56.094668 51 storage/engine/rocksdb.go:119                        Options.keep_log_file_num: 1000
I191203 04:53:56.094677 51 storage/engine/rocksdb.go:119                     Options.recycle_log_file_num: 1
I191203 04:53:56.094686 51 storage/engine/rocksdb.go:119                          Options.allow_fallocate: 1
I191203 04:53:56.094694 51 storage/engine/rocksdb.go:119                         Options.allow_mmap_reads: 0
I191203 04:53:56.094701 51 storage/engine/rocksdb.go:119                        Options.allow_mmap_writes: 0
I191203 04:53:56.094709 51 storage/engine/rocksdb.go:119                         Options.use_direct_reads: 0
I191203 04:53:56.094717 51 storage/engine/rocksdb.go:119                         Options.use_direct_io_for_flush_and_compaction: 0
I191203 04:53:56.094725 51 storage/engine/rocksdb.go:119           Options.create_missing_column_families: 0
I191203 04:53:56.094733 51 storage/engine/rocksdb.go:119                               Options.db_log_dir: 
I191203 04:53:56.094742 51 storage/engine/rocksdb.go:119                                  Options.wal_dir: E:\Praxis-Bootcamp\pertemuan\minggu-5\micronaut-crud\databases\cockroach-data
I191203 04:53:56.094775 51 storage/engine/rocksdb.go:119                 Options.table_cache_numshardbits: 6
I191203 04:53:56.094785 51 storage/engine/rocksdb.go:119                       Options.max_subcompactions: 1
I191203 04:53:56.094793 51 storage/engine/rocksdb.go:119                   Options.max_background_flushes: -1
I191203 04:53:56.094801 51 storage/engine/rocksdb.go:119                          Options.WAL_ttl_seconds: 0
I191203 04:53:56.094809 51 storage/engine/rocksdb.go:119                        Options.WAL_size_limit_MB: 0
I191203 04:53:56.094817 51 storage/engine/rocksdb.go:119              Options.manifest_preallocation_size: 4194304
I191203 04:53:56.094824 51 storage/engine/rocksdb.go:119                      Options.is_fd_close_on_exec: 1
I191203 04:53:56.094833 51 storage/engine/rocksdb.go:119                    Options.advise_random_on_open: 1
I191203 04:53:56.094841 51 storage/engine/rocksdb.go:119                     Options.db_write_buffer_size: 0
I191203 04:53:56.094849 51 storage/engine/rocksdb.go:119                     Options.write_buffer_manager: 000000001475a480
I191203 04:53:56.094857 51 storage/engine/rocksdb.go:119          Options.access_hint_on_compaction_start: 1
I191203 04:53:56.094865 51 storage/engine/rocksdb.go:119   Options.new_table_reader_for_compaction_inputs: 0
I191203 04:53:56.094873 51 storage/engine/rocksdb.go:119            Options.random_access_max_buffer_size: 1048576
I191203 04:53:56.094881 51 storage/engine/rocksdb.go:119                       Options.use_adaptive_mutex: 0
I191203 04:53:56.094889 51 storage/engine/rocksdb.go:119                             Options.rate_limiter: 0000000000000000
I191203 04:53:56.094898 51 storage/engine/rocksdb.go:119      Options.sst_file_manager.rate_bytes_per_sec: 0
I191203 04:53:56.094906 51 storage/engine/rocksdb.go:119                        Options.wal_recovery_mode: 0
I191203 04:53:56.094913 51 storage/engine/rocksdb.go:119                   Options.enable_thread_tracking: 0
I191203 04:53:56.094921 51 storage/engine/rocksdb.go:119                   Options.enable_pipelined_write: 0
I191203 04:53:56.094929 51 storage/engine/rocksdb.go:119          Options.allow_concurrent_memtable_write: 1
I191203 04:53:56.094937 51 storage/engine/rocksdb.go:119       Options.enable_write_thread_adaptive_yield: 1
I191203 04:53:56.094946 51 storage/engine/rocksdb.go:119              Options.write_thread_max_yield_usec: 100
I191203 04:53:56.094954 51 storage/engine/rocksdb.go:119             Options.write_thread_slow_yield_usec: 3
I191203 04:53:56.094962 51 storage/engine/rocksdb.go:119                                Options.row_cache: None
I191203 04:53:56.094970 51 storage/engine/rocksdb.go:119                               Options.wal_filter: None
I191203 04:53:56.094978 51 storage/engine/rocksdb.go:119              Options.avoid_flush_during_recovery: 0
I191203 04:53:56.094986 51 storage/engine/rocksdb.go:119              Options.allow_ingest_behind: 0
I191203 04:53:56.094994 51 storage/engine/rocksdb.go:119              Options.preserve_deletes: 0
I191203 04:53:56.095002 51 storage/engine/rocksdb.go:119              Options.two_write_queues: 0
I191203 04:53:56.095009 51 storage/engine/rocksdb.go:119              Options.manual_wal_flush: 1
I191203 04:53:56.095017 51 storage/engine/rocksdb.go:119              Options.atomic_flush: 0
I191203 04:53:56.095025 51 storage/engine/rocksdb.go:119              Options.avoid_unnecessary_blocking_io: 0
I191203 04:53:56.095033 51 storage/engine/rocksdb.go:119              Options.max_background_jobs: 4
I191203 04:53:56.095041 51 storage/engine/rocksdb.go:119              Options.max_background_compactions: -1
I191203 04:53:56.095049 51 storage/engine/rocksdb.go:119              Options.avoid_flush_during_shutdown: 0
I191203 04:53:56.095057 51 storage/engine/rocksdb.go:119            Options.writable_file_max_buffer_size: 1048576
I191203 04:53:56.095065 51 storage/engine/rocksdb.go:119              Options.delayed_write_rate : 16777216
I191203 04:53:56.095073 51 storage/engine/rocksdb.go:119              Options.max_total_wal_size: 0
I191203 04:53:56.095080 51 storage/engine/rocksdb.go:119              Options.delete_obsolete_files_period_micros: 21600000000
I191203 04:53:56.095088 51 storage/engine/rocksdb.go:119                    Options.stats_dump_period_sec: 0
I191203 04:53:56.095097 51 storage/engine/rocksdb.go:119                  Options.stats_persist_period_sec: 600
I191203 04:53:56.095104 51 storage/engine/rocksdb.go:119                  Options.stats_history_buffer_size: 1048576
I191203 04:53:56.095113 51 storage/engine/rocksdb.go:119                           Options.max_open_files: 10000
I191203 04:53:56.095121 51 storage/engine/rocksdb.go:119                           Options.bytes_per_sync: 524288
I191203 04:53:56.095129 51 storage/engine/rocksdb.go:119                       Options.wal_bytes_per_sync: 0
I191203 04:53:56.095137 51 storage/engine/rocksdb.go:119                    Options.strict_bytes_per_sync: 1
I191203 04:53:56.095144 51 storage/engine/rocksdb.go:119        Options.compaction_readahead_size: 0
I191203 04:53:56.095152 51 storage/engine/rocksdb.go:119  Compression algorithms supported:
I191203 04:53:56.095161 51 storage/engine/rocksdb.go:119  	kZSTDNotFinalCompression supported: 0
I191203 04:53:56.095169 51 storage/engine/rocksdb.go:119  	kZSTD supported: 0
I191203 04:53:56.095177 51 storage/engine/rocksdb.go:119  	kXpressCompression supported: 0
I191203 04:53:56.095185 51 storage/engine/rocksdb.go:119  	kLZ4HCCompression supported: 0
I191203 04:53:56.095193 51 storage/engine/rocksdb.go:119  	kLZ4Compression supported: 0
I191203 04:53:56.095202 51 storage/engine/rocksdb.go:119  	kBZip2Compression supported: 0
I191203 04:53:56.095210 51 storage/engine/rocksdb.go:119  	kZlibCompression supported: 0
I191203 04:53:56.095218 51 storage/engine/rocksdb.go:119  	kSnappyCompression supported: 1
I191203 04:53:56.095229 51 storage/engine/rocksdb.go:119  Fast CRC32 supported: Supported on x86
I191203 04:53:56.095715 51 storage/engine/rocksdb.go:119  [db/version_set.cc:4072] Recovering from manifest file: E:\Praxis-Bootcamp\pertemuan\minggu-5\micronaut-crud\databases\cockroach-data/MANIFEST-000027
I191203 04:53:56.095821 51 storage/engine/rocksdb.go:119  [db/column_family.cc:488] --------------- Options for column family [default]:
I191203 04:53:56.095831 51 storage/engine/rocksdb.go:119                Options.comparator: cockroach_comparator
I191203 04:53:56.095840 51 storage/engine/rocksdb.go:119            Options.merge_operator: cockroach_merge_operator
I191203 04:53:56.095848 51 storage/engine/rocksdb.go:119         Options.compaction_filter: None
I191203 04:53:56.095856 51 storage/engine/rocksdb.go:119         Options.compaction_filter_factory: None
I191203 04:53:56.095864 51 storage/engine/rocksdb.go:119          Options.memtable_factory: SkipListFactory
I191203 04:53:56.095872 51 storage/engine/rocksdb.go:119             Options.table_factory: BlockBasedTable
I191203 04:53:56.095937 51 storage/engine/rocksdb.go:119             table_factory options:   flush_block_policy_factory: FlushBlockBySizePolicyFactory (0000000014758080)
  cache_index_and_filter_blocks: 0
  cache_index_and_filter_blocks_with_high_priority: 0
  pin_l0_filter_and_index_blocks_in_cache: 0
  pin_top_level_index_and_filter: 1
  index_type: 0
  data_block_index_type: 0
  index_shortening: 1
  data_block_hash_table_util_ratio: 0.750000
  hash_index_allow_collision: 1
  checksum: 1
  no_block_cache: 0
  block_cache: 0000000014742250
  block_cache_name: LRUCache
  block_cache_options:
    capacity : 67108864
    num_shard_bits : 4
    strict_capacity_limit : 0
    memory_allocator : None
    high_pri_pool_ratio: 0.000
  block_cache_compressed: 0000000000000000
  persistent_cache: 0000000000000000
  block_size: 32768
  block_size_deviation: 10
  block_restart_interval: 16
  index_block_restart_interval: 1
  metadata_block_size: 4096
  partition_filters: 0
  use_delta_encoding: 1
  filter_policy: rocksdb.BuiltinBloomFilter
  whole_key_filtering: 0
  verify_compression: 0
  read_amp_bytes_per_bit: 0
  format_version: 2
  enable_index_compression: 1
  block_align: 0
I191203 04:53:56.095949 51 storage/engine/rocksdb.go:119         Options.write_buffer_size: 67108864
I191203 04:53:56.095958 51 storage/engine/rocksdb.go:119   Options.max_write_buffer_number: 4
I191203 04:53:56.095967 51 storage/engine/rocksdb.go:119           Options.compression: Snappy
I191203 04:53:56.095975 51 storage/engine/rocksdb.go:119                   Options.bottommost_compression: Disabled
I191203 04:53:56.095984 51 storage/engine/rocksdb.go:119        Options.prefix_extractor: cockroach_prefix_extractor
I191203 04:53:56.095992 51 storage/engine/rocksdb.go:119    Options.memtable_insert_with_hint_prefix_extractor: nullptr
I191203 04:53:56.096000 51 storage/engine/rocksdb.go:119              Options.num_levels: 7
I191203 04:53:56.096013 51 storage/engine/rocksdb.go:119         Options.min_write_buffer_number_to_merge: 1
I191203 04:53:56.096022 51 storage/engine/rocksdb.go:119      Options.max_write_buffer_number_to_maintain: 0
I191203 04:53:56.096031 51 storage/engine/rocksdb.go:119             Options.bottommost_compression_opts.window_bits: -14
I191203 04:53:56.096039 51 storage/engine/rocksdb.go:119                   Options.bottommost_compression_opts.level: 32767
I191203 04:53:56.096046 51 storage/engine/rocksdb.go:119                Options.bottommost_compression_opts.strategy: 0
I191203 04:53:56.096054 51 storage/engine/rocksdb.go:119          Options.bottommost_compression_opts.max_dict_bytes: 0
I191203 04:53:56.096062 51 storage/engine/rocksdb.go:119          Options.bottommost_compression_opts.zstd_max_train_bytes: 0
I191203 04:53:56.096070 51 storage/engine/rocksdb.go:119                   Options.bottommost_compression_opts.enabled: false
I191203 04:53:56.096078 51 storage/engine/rocksdb.go:119             Options.compression_opts.window_bits: -14
I191203 04:53:56.096086 51 storage/engine/rocksdb.go:119                   Options.compression_opts.level: 32767
I191203 04:53:56.096093 51 storage/engine/rocksdb.go:119                Options.compression_opts.strategy: 0
I191203 04:53:56.096101 51 storage/engine/rocksdb.go:119          Options.compression_opts.max_dict_bytes: 0
I191203 04:53:56.096109 51 storage/engine/rocksdb.go:119          Options.compression_opts.zstd_max_train_bytes: 0
I191203 04:53:56.096117 51 storage/engine/rocksdb.go:119                   Options.compression_opts.enabled: false
I191203 04:53:56.096125 51 storage/engine/rocksdb.go:119       Options.level0_file_num_compaction_trigger: 2
I191203 04:53:56.096132 51 storage/engine/rocksdb.go:119           Options.level0_slowdown_writes_trigger: 950
I191203 04:53:56.096140 51 storage/engine/rocksdb.go:119               Options.level0_stop_writes_trigger: 1000
I191203 04:53:56.096148 51 storage/engine/rocksdb.go:119                    Options.target_file_size_base: 4194304
I191203 04:53:56.096156 51 storage/engine/rocksdb.go:119              Options.target_file_size_multiplier: 2
I191203 04:53:56.096163 51 storage/engine/rocksdb.go:119                 Options.max_bytes_for_level_base: 67108864
I191203 04:53:56.096171 51 storage/engine/rocksdb.go:119  Options.level_compaction_dynamic_level_bytes: 1
I191203 04:53:56.096181 51 storage/engine/rocksdb.go:119           Options.max_bytes_for_level_multiplier: 10.000000
I191203 04:53:56.096189 51 storage/engine/rocksdb.go:119  Options.max_bytes_for_level_multiplier_addtl[0]: 1
I191203 04:53:56.096197 51 storage/engine/rocksdb.go:119  Options.max_bytes_for_level_multiplier_addtl[1]: 1
I191203 04:53:56.096205 51 storage/engine/rocksdb.go:119  Options.max_bytes_for_level_multiplier_addtl[2]: 1
I191203 04:53:56.096213 51 storage/engine/rocksdb.go:119  Options.max_bytes_for_level_multiplier_addtl[3]: 1
I191203 04:53:56.096221 51 storage/engine/rocksdb.go:119  Options.max_bytes_for_level_multiplier_addtl[4]: 1
I191203 04:53:56.096229 51 storage/engine/rocksdb.go:119  Options.max_bytes_for_level_multiplier_addtl[5]: 1
I191203 04:53:56.096236 51 storage/engine/rocksdb.go:119  Options.max_bytes_for_level_multiplier_addtl[6]: 1
I191203 04:53:56.096244 51 storage/engine/rocksdb.go:119        Options.max_sequential_skip_in_iterations: 8
I191203 04:53:56.096252 51 storage/engine/rocksdb.go:119                     Options.max_compaction_bytes: 104857600
I191203 04:53:56.096260 51 storage/engine/rocksdb.go:119                         Options.arena_block_size: 8388608
I191203 04:53:56.096268 51 storage/engine/rocksdb.go:119    Options.soft_pending_compaction_bytes_limit: 2199023255552
I191203 04:53:56.096275 51 storage/engine/rocksdb.go:119    Options.hard_pending_compaction_bytes_limit: 4400193994752
I191203 04:53:56.096283 51 storage/engine/rocksdb.go:119        Options.rate_limit_delay_max_milliseconds: 100
I191203 04:53:56.096291 51 storage/engine/rocksdb.go:119                 Options.disable_auto_compactions: 0
I191203 04:53:56.096301 51 storage/engine/rocksdb.go:119                         Options.compaction_style: kCompactionStyleLevel
I191203 04:53:56.096312 51 storage/engine/rocksdb.go:119                           Options.compaction_pri: kMinOverlappingRatio
I191203 04:53:56.096320 51 storage/engine/rocksdb.go:119  Options.compaction_options_universal.size_ratio: 1
I191203 04:53:56.096328 51 storage/engine/rocksdb.go:119  Options.compaction_options_universal.min_merge_width: 2
I191203 04:53:56.096336 51 storage/engine/rocksdb.go:119  Options.compaction_options_universal.max_merge_width: 4294967295
I191203 04:53:56.096344 51 storage/engine/rocksdb.go:119  Options.compaction_options_universal.max_size_amplification_percent: 200
I191203 04:53:56.096352 51 storage/engine/rocksdb.go:119  Options.compaction_options_universal.compression_size_percent: -1
I191203 04:53:56.096361 51 storage/engine/rocksdb.go:119  Options.compaction_options_universal.stop_style: kCompactionStopStyleTotalSize
I191203 04:53:56.096369 51 storage/engine/rocksdb.go:119  Options.compaction_options_fifo.max_table_files_size: 1073741824
I191203 04:53:56.096377 51 storage/engine/rocksdb.go:119  Options.compaction_options_fifo.allow_compaction: 0
I191203 04:53:56.096391 51 storage/engine/rocksdb.go:119                    Options.table_properties_collectors: TimeBoundTblPropCollectorFactory; DeleteRangeTblPropCollectorFactory; 
I191203 04:53:56.096400 51 storage/engine/rocksdb.go:119                    Options.inplace_update_support: 0
I191203 04:53:56.096408 51 storage/engine/rocksdb.go:119                  Options.inplace_update_num_locks: 10000
I191203 04:53:56.096417 51 storage/engine/rocksdb.go:119                Options.memtable_prefix_bloom_size_ratio: 0.000000
I191203 04:53:56.096425 51 storage/engine/rocksdb.go:119                Options.memtable_whole_key_filtering: 0
I191203 04:53:56.096433 51 storage/engine/rocksdb.go:119    Options.memtable_huge_page_size: 0
I191203 04:53:56.096441 51 storage/engine/rocksdb.go:119                            Options.bloom_locality: 0
I191203 04:53:56.096449 51 storage/engine/rocksdb.go:119                     Options.max_successive_merges: 0
I191203 04:53:56.096457 51 storage/engine/rocksdb.go:119                 Options.optimize_filters_for_hits: 1
I191203 04:53:56.096465 51 storage/engine/rocksdb.go:119                 Options.paranoid_file_checks: 0
I191203 04:53:56.096472 51 storage/engine/rocksdb.go:119                 Options.force_consistency_checks: 0
I191203 04:53:56.096480 51 storage/engine/rocksdb.go:119                 Options.report_bg_io_stats: 0
I191203 04:53:56.096488 51 storage/engine/rocksdb.go:119                                Options.ttl: 0
I191203 04:53:56.096496 51 storage/engine/rocksdb.go:119           Options.periodic_compaction_seconds: 0
I191203 04:53:56.098577 51 storage/engine/rocksdb.go:119  [db/version_set.cc:3086] More existing levels in DB than needed. max_bytes_for_level_multiplier may not be guaranteed.
I191203 04:53:56.098607 51 storage/engine/rocksdb.go:119  [db/version_set.cc:4286] Recovered from manifest file:E:\Praxis-Bootcamp\pertemuan\minggu-5\micronaut-crud\databases\cockroach-data/MANIFEST-000027 succeeded,manifest_file_number is 27, next_file_number is 29, last_sequence is 544013, log_number is 23,prev_log_number is 0,max_column_family is 0,min_log_number_to_keep is 0
I191203 04:53:56.098618 51 storage/engine/rocksdb.go:119  [db/version_set.cc:4295] Column family [default] (ID 0), log number is 23
I191203 04:53:56.098918 51 storage/engine/rocksdb.go:119  EVENT_LOG_v1 {"time_micros": 1575348836098297, "job": 1, "event": "recovery_started", "log_files": [28]}
I191203 04:53:56.098939 51 storage/engine/rocksdb.go:119  [db/db_impl_open.cc:598] Recovering log #28 mode 0
I191203 04:53:58.842831 51 storage/engine/rocksdb.go:119  EVENT_LOG_v1 {"time_micros": 1575348838841724, "cf_name": "default", "job": 1, "event": "table_file_creation", "file_number": 29, "file_size": 169965, "table_properties": {"data_size": 164204, "index_size": 1855, "index_partitions": 0, "top_level_index_size": 0, "index_key_is_user_key": 0, "index_value_is_delta_encoded": 0, "filter_size": 3653, "raw_key_size": 111392, "raw_average_key_size": 31, "raw_value_size": 912770, "raw_average_value_size": 260, "num_data_blocks": 29, "num_entries": 3503, "num_deletions": 2574, "num_merge_operands": 664, "num_range_deletions": 664, "format_version": 0, "fixed_key_len": 0, "filter_policy": "rocksdb.BuiltinBloomFilter", "column_family_name": "default", "column_family_id": 0, "comparator": "cockroach_comparator", "merge_operator": "cockroach_merge_operator", "prefix_extractor_name": "cockroach_prefix_extractor", "property_collectors": "[TimeBoundTblPropCollectorFactory,DeleteRangeTblPropCollectorFactory]", "compression": "Snappy", "compression_options": "window_bits=-14; level=32767; strategy=0; max_dict_bytes=0; zstd_max_train_bytes=0; enabled=0; ", "creation_time": 1575348838, "oldest_key_time": 3, "file_creation_time": 0}}
I191203 04:53:58.851152 51 storage/engine/rocksdb.go:119  [db/version_set.cc:3560] Creating manifest 30
I191203 04:53:58.852638 51 storage/engine/rocksdb.go:119  [db/version_set.cc:3086] More existing levels in DB than needed. max_bytes_for_level_multiplier may not be guaranteed.
I191203 04:53:59.094038 51 storage/engine/rocksdb.go:119  EVENT_LOG_v1 {"time_micros": 1575348839093759, "job": 1, "event": "recovery_finished"}
I191203 04:53:59.234078 51 storage/engine/rocksdb.go:119  DB pointer 00000000147e1000
I191203 04:53:59.387412 17 storage/engine/rocksdb.go:119  [db/compaction_job.cc:1647] [default] [JOB 3] Compacting 2@0 + 1@6 files to L6, score 1.00
I191203 04:53:59.387445 17 storage/engine/rocksdb.go:119  [db/compaction_job.cc:1651] [default] Compaction start summary: Base version 2 Base level 0, inputs: [29(165KB) 26(187KB)], [24(625KB)]
I191203 04:53:59.387595 17 storage/engine/rocksdb.go:119  EVENT_LOG_v1 {"time_micros": 1575348839386641, "job": 3, "event": "compaction_started", "compaction_reason": "LevelL0FilesNum", "files_L0": [29, 26], "files_L6": [24], "score": 1, "input_data_size": 1002721}
I191203 04:54:02.338171 17 storage/engine/rocksdb.go:119  [db/compaction_job.cc:1334] [default] [JOB 3] Generated table #34: 4166 keys, 820792 bytes
I191203 04:54:02.338351 17 storage/engine/rocksdb.go:119  EVENT_LOG_v1 {"time_micros": 1575348842337448, "cf_name": "default", "job": 3, "event": "table_file_creation", "file_number": 34, "file_size": 820792, "table_properties": {"data_size": 815292, "index_size": 11622, "index_partitions": 0, "top_level_index_size": 0, "index_key_is_user_key": 0, "index_value_is_delta_encoded": 0, "filter_size": 0, "raw_key_size": 191035, "raw_average_key_size": 45, "raw_value_size": 5563128, "raw_average_value_size": 1335, "num_data_blocks": 174, "num_entries": 4166, "num_deletions": 0, "num_merge_operands": 0, "num_range_deletions": 0, "format_version": 0, "fixed_key_len": 0, "filter_policy": "rocksdb.BuiltinBloomFilter", "column_family_name": "default", "column_family_id": 0, "comparator": "cockroach_comparator", "merge_operator": "cockroach_merge_operator", "prefix_extractor_name": "cockroach_prefix_extractor", "property_collectors": "[TimeBoundTblPropCollectorFactory,DeleteRangeTblPropCollectorFactory]", "compression": "Snappy", "compression_options": "window_bits=-14; level=32767; strategy=0; max_dict_bytes=0; zstd_max_train_bytes=0; enabled=0; ", "creation_time": 1575348838, "oldest_key_time": 0, "file_creation_time": 1575348839}}
I191203 04:54:02.339340 17 storage/engine/rocksdb.go:119  [db/compaction_job.cc:1397] [default] [JOB 3] Compacted 2@0 + 1@6 files to L6 => 820792 bytes
I191203 04:54:02.339458 17 storage/engine/rocksdb.go:119  [db/version_set.cc:3086] More existing levels in DB than needed. max_bytes_for_level_multiplier may not be guaranteed.
I191203 04:54:02.403668 17 storage/engine/rocksdb.go:119  (Original Log Time 2019/12/03-11:54:02.402886) [db/compaction_job.cc:770] [default] compacted to: base level 6 level multiplier 10.00 max bytes base 67108864 files[0 0 0 0 0 0 1] max score 0.00, MB/sec: 0.3 rd, 0.3 wr, level 6, files in(2, 1) out(1) MB in(0.3, 0.6) out(0.8), read-write-amplify(5.0) write-amplify(2.3) OK, records in: 11410, records dropped: 6580 output_compression: Snappy
I191203 04:54:02.403747 17 storage/engine/rocksdb.go:119  (Original Log Time 2019/12/03-11:54:02.402886) EVENT_LOG_v1 {"time_micros": 1575348842402886, "job": 3, "event": "compaction_finished", "compaction_time_micros": 2951060, "compaction_time_cpu_micros": 0, "output_level": 6, "num_output_files": 1, "total_output_size": 820792, "num_input_records": 10746, "num_output_records": 4166, "num_subcompactions": 1, "output_compression": "Snappy", "num_single_delete_mismatches": 0, "num_single_delete_fallthrough": 0, "lsm_state": [0, 0, 0, 0, 0, 0, 1]}
I191203 04:54:02.405040 17 storage/engine/rocksdb.go:119  EVENT_LOG_v1 {"time_micros": 1575348842403893, "job": 3, "event": "table_file_deletion", "file_number": 29}
I191203 04:54:02.405997 17 storage/engine/rocksdb.go:119  EVENT_LOG_v1 {"time_micros": 1575348842405892, "job": 3, "event": "table_file_deletion", "file_number": 26}
I191203 04:54:02.407033 17 storage/engine/rocksdb.go:119  EVENT_LOG_v1 {"time_micros": 1575348842406892, "job": 3, "event": "table_file_deletion", "file_number": 24}
I191203 05:39:51.433784 102 storage/engine/rocksdb.go:119  [db/db_impl_write.cc:1437] [default] New memtable created with log file: #35. Immutable memtables: 0.
I191203 05:39:52.457887 17 storage/engine/rocksdb.go:119  (Original Log Time 2019/12/03-12:39:52.405415) [db/db_impl_compaction_flush.cc:2097] Calling FlushMemTableToOutputFile with column family [default], flush slots available 1, compaction slots available 1, flush slots scheduled 1, compaction slots scheduled 0
I191203 05:39:52.457943 17 storage/engine/rocksdb.go:119  [db/flush_job.cc:322] [default] [JOB 4] Flushing memtable with next log file: 35
I191203 05:39:52.687869 17 storage/engine/rocksdb.go:119  EVENT_LOG_v1 {"time_micros": 1575351592683244, "job": 4, "event": "flush_started", "num_memtables": 1, "num_entries": 213828, "num_deletes": 5491, "total_data_size": 61055665, "memory_usage": 65031840, "flush_reason": "Write Buffer Full"}
I191203 05:39:52.687900 17 storage/engine/rocksdb.go:119  [db/flush_job.cc:351] [default] [JOB 4] Level-0 flush table #36: started
I191203 05:40:03.462743 17 storage/engine/rocksdb.go:119  EVENT_LOG_v1 {"time_micros": 1575351603462270, "cf_name": "default", "job": 4, "event": "table_file_creation", "file_number": 36, "file_size": 369101, "table_properties": {"data_size": 357310, "index_size": 4562, "index_partitions": 0, "top_level_index_size": 0, "index_key_is_user_key": 0, "index_value_is_delta_encoded": 0, "filter_size": 8389, "raw_key_size": 231091, "raw_average_key_size": 31, "raw_value_size": 2084589, "raw_average_value_size": 281, "num_data_blocks": 69, "num_entries": 7409, "num_deletions": 5359, "num_merge_operands": 1328, "num_range_deletions": 1328, "format_version": 0, "fixed_key_len": 0, "filter_policy": "rocksdb.BuiltinBloomFilter", "column_family_name": "default", "column_family_id": 0, "comparator": "cockroach_comparator", "merge_operator": "cockroach_merge_operator", "prefix_extractor_name": "cockroach_prefix_extractor", "property_collectors": "[TimeBoundTblPropCollectorFactory,DeleteRangeTblPropCollectorFactory]", "compression": "Snappy", "compression_options": "window_bits=-14; level=32767; strategy=0; max_dict_bytes=0; zstd_max_train_bytes=0; enabled=0; ", "creation_time": 1575351592, "oldest_key_time": 1575348839, "file_creation_time": 1575351592}}
I191203 05:40:03.486026 17 storage/engine/rocksdb.go:119  [db/flush_job.cc:392] [default] [JOB 4] Level-0 flush table #36: 369101 bytes OK
I191203 05:40:03.523443 17 storage/engine/rocksdb.go:119  [db/version_set.cc:3086] More existing levels in DB than needed. max_bytes_for_level_multiplier may not be guaranteed.
I191203 05:40:03.831513 17 storage/engine/rocksdb.go:119  [db/db_impl_files.cc:194] adding log 31 to recycle list
I191203 05:40:03.870027 17 storage/engine/rocksdb.go:119  (Original Log Time 2019/12/03-12:40:03.495253) [db/memtable_list.cc:386] [default] Level-0 commit table #36 started
I191203 05:40:03.870147 17 storage/engine/rocksdb.go:119  (Original Log Time 2019/12/03-12:40:03.642248) [db/memtable_list.cc:434] [default] Level-0 commit table #36: memtable #1 done
I191203 05:40:03.870237 17 storage/engine/rocksdb.go:119  (Original Log Time 2019/12/03-12:40:03.642248) EVENT_LOG_v1 {"time_micros": 1575351603642248, "job": 4, "event": "flush_finished", "output_compression": "Snappy", "lsm_state": [1, 0, 0, 0, 0, 0, 1], "immutable_memtables": 0}
I191203 05:40:03.870346 17 storage/engine/rocksdb.go:119  (Original Log Time 2019/12/03-12:40:03.700206) [db/db_impl_compaction_flush.cc:208] [default] Level summary: base level 6 level multiplier 10.00 max bytes base 67108864 files[1 0 0 0 0 0 1] max score 0.50
