I191206 04:12:54.513075 15 util/log/clog.go:1196  [config] file created at: 2019/12/06 04:12:54
I191206 04:12:54.513075 15 util/log/clog.go:1196  [config] running on machine: DESKTOP-U6UPKGJ
I191206 04:12:54.513075 15 util/log/clog.go:1196  [config] binary: CockroachDB CCL v19.2.0 (x86_64-w64-mingw32, built 2019/11/12 05:23:23, go1.12.12)
I191206 04:12:54.513075 15 util/log/clog.go:1196  [config] arguments: [cockroach start-single-node --insecure --listen-addr=localhost:26257 --http-addr=localhost:9000]
I191206 04:12:54.513075 15 util/log/clog.go:1196  line format: [IWEF]yymmdd hh:mm:ss.uuuuuu goid file:line msg utf8=✓
I191206 04:12:54.513069 15 storage/engine/rocksdb.go:119  RocksDB version: 6.2.1
I191206 04:12:54.542072 15 storage/engine/rocksdb.go:119  Git sha rocksdb_build_git_sha:@@
I191206 04:12:54.543305 15 storage/engine/rocksdb.go:119  Compile date Nov 12 2019
I191206 04:12:54.543367 15 storage/engine/rocksdb.go:119  DB SUMMARY
I191206 04:12:54.552633 15 storage/engine/rocksdb.go:119  SST files in E:\Praxis-Bootcamp\pertemuan\minggu-5\micronaut-crud\databases\cockroach-data\cockroach-temp153030603 dir, Total Num: 0, files: 
I191206 04:12:54.552703 15 storage/engine/rocksdb.go:119  Write Ahead Log file in E:\Praxis-Bootcamp\pertemuan\minggu-5\micronaut-crud\databases\cockroach-data\cockroach-temp153030603: 
I191206 04:12:54.552762 15 storage/engine/rocksdb.go:119                          Options.error_if_exists: 0
I191206 04:12:54.552810 15 storage/engine/rocksdb.go:119                        Options.create_if_missing: 1
I191206 04:12:54.552854 15 storage/engine/rocksdb.go:119                          Options.paranoid_checks: 1
I191206 04:12:54.552905 15 storage/engine/rocksdb.go:119                                      Options.env: 00000000001eb280
I191206 04:12:54.552950 15 storage/engine/rocksdb.go:119                                 Options.info_log: 00000000105ee460
I191206 04:12:54.552995 15 storage/engine/rocksdb.go:119                 Options.max_file_opening_threads: 16
I191206 04:12:54.553040 15 storage/engine/rocksdb.go:119                               Options.statistics: 00000000001fa6b0
I191206 04:12:54.553082 15 storage/engine/rocksdb.go:119                                Options.use_fsync: 0
I191206 04:12:54.553121 15 storage/engine/rocksdb.go:119                        Options.max_log_file_size: 0
I191206 04:12:54.553162 15 storage/engine/rocksdb.go:119                   Options.max_manifest_file_size: 134217728
I191206 04:12:54.553202 15 storage/engine/rocksdb.go:119                    Options.log_file_time_to_roll: 0
I191206 04:12:54.553242 15 storage/engine/rocksdb.go:119                        Options.keep_log_file_num: 1000
I191206 04:12:54.553285 15 storage/engine/rocksdb.go:119                     Options.recycle_log_file_num: 1
I191206 04:12:54.553327 15 storage/engine/rocksdb.go:119                          Options.allow_fallocate: 1
I191206 04:12:54.553368 15 storage/engine/rocksdb.go:119                         Options.allow_mmap_reads: 0
I191206 04:12:54.553410 15 storage/engine/rocksdb.go:119                        Options.allow_mmap_writes: 0
I191206 04:12:54.553453 15 storage/engine/rocksdb.go:119                         Options.use_direct_reads: 0
I191206 04:12:54.553508 15 storage/engine/rocksdb.go:119                         Options.use_direct_io_for_flush_and_compaction: 0
I191206 04:12:54.553548 15 storage/engine/rocksdb.go:119           Options.create_missing_column_families: 0
I191206 04:12:54.553588 15 storage/engine/rocksdb.go:119                               Options.db_log_dir: 
I191206 04:12:54.553637 15 storage/engine/rocksdb.go:119                                  Options.wal_dir: E:\Praxis-Bootcamp\pertemuan\minggu-5\micronaut-crud\databases\cockroach-data\cockroach-temp153030603
I191206 04:12:54.553682 15 storage/engine/rocksdb.go:119                 Options.table_cache_numshardbits: 6
I191206 04:12:54.553727 15 storage/engine/rocksdb.go:119                       Options.max_subcompactions: 1
I191206 04:12:54.553770 15 storage/engine/rocksdb.go:119                   Options.max_background_flushes: -1
I191206 04:12:54.553814 15 storage/engine/rocksdb.go:119                          Options.WAL_ttl_seconds: 0
I191206 04:12:54.553859 15 storage/engine/rocksdb.go:119                        Options.WAL_size_limit_MB: 0
I191206 04:12:54.553899 15 storage/engine/rocksdb.go:119              Options.manifest_preallocation_size: 4194304
I191206 04:12:54.553939 15 storage/engine/rocksdb.go:119                      Options.is_fd_close_on_exec: 1
I191206 04:12:54.553980 15 storage/engine/rocksdb.go:119                    Options.advise_random_on_open: 1
I191206 04:12:54.554021 15 storage/engine/rocksdb.go:119                     Options.db_write_buffer_size: 0
I191206 04:12:54.554075 15 storage/engine/rocksdb.go:119                     Options.write_buffer_manager: 00000000105b62e0
I191206 04:12:54.554118 15 storage/engine/rocksdb.go:119          Options.access_hint_on_compaction_start: 1
I191206 04:12:54.554159 15 storage/engine/rocksdb.go:119   Options.new_table_reader_for_compaction_inputs: 0
I191206 04:12:54.554198 15 storage/engine/rocksdb.go:119            Options.random_access_max_buffer_size: 1048576
I191206 04:12:54.554235 15 storage/engine/rocksdb.go:119                       Options.use_adaptive_mutex: 0
I191206 04:12:54.554275 15 storage/engine/rocksdb.go:119                             Options.rate_limiter: 0000000000000000
I191206 04:12:54.554337 15 storage/engine/rocksdb.go:119      Options.sst_file_manager.rate_bytes_per_sec: 0
I191206 04:12:54.554380 15 storage/engine/rocksdb.go:119                        Options.wal_recovery_mode: 0
I191206 04:12:54.554424 15 storage/engine/rocksdb.go:119                   Options.enable_thread_tracking: 0
I191206 04:12:54.554466 15 storage/engine/rocksdb.go:119                   Options.enable_pipelined_write: 0
I191206 04:12:54.554522 15 storage/engine/rocksdb.go:119          Options.allow_concurrent_memtable_write: 1
I191206 04:12:54.554565 15 storage/engine/rocksdb.go:119       Options.enable_write_thread_adaptive_yield: 1
I191206 04:12:54.554608 15 storage/engine/rocksdb.go:119              Options.write_thread_max_yield_usec: 100
I191206 04:12:54.554650 15 storage/engine/rocksdb.go:119             Options.write_thread_slow_yield_usec: 3
I191206 04:12:54.554704 15 storage/engine/rocksdb.go:119                                Options.row_cache: None
I191206 04:12:54.554747 15 storage/engine/rocksdb.go:119                               Options.wal_filter: None
I191206 04:12:54.554789 15 storage/engine/rocksdb.go:119              Options.avoid_flush_during_recovery: 0
I191206 04:12:54.554834 15 storage/engine/rocksdb.go:119              Options.allow_ingest_behind: 0
I191206 04:12:54.554876 15 storage/engine/rocksdb.go:119              Options.preserve_deletes: 0
I191206 04:12:54.554915 15 storage/engine/rocksdb.go:119              Options.two_write_queues: 0
I191206 04:12:54.554954 15 storage/engine/rocksdb.go:119              Options.manual_wal_flush: 1
I191206 04:12:54.554992 15 storage/engine/rocksdb.go:119              Options.atomic_flush: 0
I191206 04:12:54.555104 15 storage/engine/rocksdb.go:119              Options.avoid_unnecessary_blocking_io: 0
I191206 04:12:54.555174 15 storage/engine/rocksdb.go:119              Options.max_background_jobs: 4
I191206 04:12:54.555219 15 storage/engine/rocksdb.go:119              Options.max_background_compactions: -1
I191206 04:12:54.555260 15 storage/engine/rocksdb.go:119              Options.avoid_flush_during_shutdown: 0
I191206 04:12:54.555302 15 storage/engine/rocksdb.go:119            Options.writable_file_max_buffer_size: 1048576
I191206 04:12:54.555358 15 storage/engine/rocksdb.go:119              Options.delayed_write_rate : 16777216
I191206 04:12:54.555401 15 storage/engine/rocksdb.go:119              Options.max_total_wal_size: 0
I191206 04:12:54.555445 15 storage/engine/rocksdb.go:119              Options.delete_obsolete_files_period_micros: 21600000000
I191206 04:12:54.555489 15 storage/engine/rocksdb.go:119                    Options.stats_dump_period_sec: 0
I191206 04:12:54.555527 15 storage/engine/rocksdb.go:119                  Options.stats_persist_period_sec: 600
I191206 04:12:54.555567 15 storage/engine/rocksdb.go:119                  Options.stats_history_buffer_size: 1048576
I191206 04:12:54.555605 15 storage/engine/rocksdb.go:119                           Options.max_open_files: 128
I191206 04:12:54.555642 15 storage/engine/rocksdb.go:119                           Options.bytes_per_sync: 524288
I191206 04:12:54.555681 15 storage/engine/rocksdb.go:119                       Options.wal_bytes_per_sync: 0
I191206 04:12:54.555719 15 storage/engine/rocksdb.go:119                    Options.strict_bytes_per_sync: 1
I191206 04:12:54.555774 15 storage/engine/rocksdb.go:119        Options.compaction_readahead_size: 0
I191206 04:12:54.555812 15 storage/engine/rocksdb.go:119  Compression algorithms supported:
I191206 04:12:54.555853 15 storage/engine/rocksdb.go:119  	kZSTDNotFinalCompression supported: 0
I191206 04:12:54.555895 15 storage/engine/rocksdb.go:119  	kZSTD supported: 0
I191206 04:12:54.555935 15 storage/engine/rocksdb.go:119  	kXpressCompression supported: 0
I191206 04:12:54.555973 15 storage/engine/rocksdb.go:119  	kLZ4HCCompression supported: 0
I191206 04:12:54.556063 15 storage/engine/rocksdb.go:119  	kLZ4Compression supported: 0
I191206 04:12:54.556112 15 storage/engine/rocksdb.go:119  	kBZip2Compression supported: 0
I191206 04:12:54.556152 15 storage/engine/rocksdb.go:119  	kZlibCompression supported: 0
I191206 04:12:54.556194 15 storage/engine/rocksdb.go:119  	kSnappyCompression supported: 1
I191206 04:12:54.565698 15 storage/engine/rocksdb.go:119  Fast CRC32 supported: Supported on x86
I191206 04:12:54.572213 15 storage/engine/rocksdb.go:119  [db/db_impl_open.cc:242] Creating manifest 1 
I191206 04:12:55.027732 15 storage/engine/rocksdb.go:119  [db/version_set.cc:4072] Recovering from manifest file: E:\Praxis-Bootcamp\pertemuan\minggu-5\micronaut-crud\databases\cockroach-data\cockroach-temp153030603/MANIFEST-000001
I191206 04:12:55.028480 15 storage/engine/rocksdb.go:119  [db/column_family.cc:488] --------------- Options for column family [default]:
I191206 04:12:55.028533 15 storage/engine/rocksdb.go:119                Options.comparator: cockroach_comparator
I191206 04:12:55.028591 15 storage/engine/rocksdb.go:119            Options.merge_operator: cockroach_merge_operator
I191206 04:12:55.028637 15 storage/engine/rocksdb.go:119         Options.compaction_filter: None
I191206 04:12:55.028677 15 storage/engine/rocksdb.go:119         Options.compaction_filter_factory: None
I191206 04:12:55.028721 15 storage/engine/rocksdb.go:119          Options.memtable_factory: SkipListFactory
I191206 04:12:55.028765 15 storage/engine/rocksdb.go:119             Options.table_factory: BlockBasedTable
I191206 04:12:55.032424 15 storage/engine/rocksdb.go:119             table_factory options:   flush_block_policy_factory: FlushBlockBySizePolicyFactory (00000000000cd048)
  cache_index_and_filter_blocks: 0
  cache_index_and_filter_blocks_with_high_priority: 0
  pin_l0_filter_and_index_blocks_in_cache: 0
  pin_top_level_index_and_filter: 1
  index_type: 0
  data_block_index_type: 0
  index_shortening: 1
  data_block_hash_table_util_ratio: 0.750000
  hash_index_allow_collision: 1
  checksum: 1
  no_block_cache: 0
  block_cache: 00000000105eb370
  block_cache_name: LRUCache
  block_cache_options:
    capacity : 1048576
    num_shard_bits : 4
    strict_capacity_limit : 0
    memory_allocator : None
    high_pri_pool_ratio: 0.000
  block_cache_compressed: 0000000000000000
  persistent_cache: 0000000000000000
  block_size: 32768
  block_size_deviation: 10
  block_restart_interval: 16
  index_block_restart_interval: 1
  metadata_block_size: 4096
  partition_filters: 0
  use_delta_encoding: 1
  filter_policy: rocksdb.BuiltinBloomFilter
  whole_key_filtering: 0
  verify_compression: 0
  read_amp_bytes_per_bit: 0
  format_version: 2
  enable_index_compression: 1
  block_align: 0
I191206 04:12:55.032467 15 storage/engine/rocksdb.go:119         Options.write_buffer_size: 67108864
I191206 04:12:55.032495 15 storage/engine/rocksdb.go:119   Options.max_write_buffer_number: 4
I191206 04:12:55.032519 15 storage/engine/rocksdb.go:119           Options.compression: Snappy
I191206 04:12:55.032552 15 storage/engine/rocksdb.go:119                   Options.bottommost_compression: Disabled
I191206 04:12:55.032575 15 storage/engine/rocksdb.go:119        Options.prefix_extractor: cockroach_prefix_extractor
I191206 04:12:55.032598 15 storage/engine/rocksdb.go:119    Options.memtable_insert_with_hint_prefix_extractor: nullptr
I191206 04:12:55.032620 15 storage/engine/rocksdb.go:119              Options.num_levels: 7
I191206 04:12:55.032642 15 storage/engine/rocksdb.go:119         Options.min_write_buffer_number_to_merge: 1
I191206 04:12:55.032672 15 storage/engine/rocksdb.go:119      Options.max_write_buffer_number_to_maintain: 0
I191206 04:12:55.032694 15 storage/engine/rocksdb.go:119             Options.bottommost_compression_opts.window_bits: -14
I191206 04:12:55.032717 15 storage/engine/rocksdb.go:119                   Options.bottommost_compression_opts.level: 32767
I191206 04:12:55.032739 15 storage/engine/rocksdb.go:119                Options.bottommost_compression_opts.strategy: 0
I191206 04:12:55.032761 15 storage/engine/rocksdb.go:119          Options.bottommost_compression_opts.max_dict_bytes: 0
I191206 04:12:55.032783 15 storage/engine/rocksdb.go:119          Options.bottommost_compression_opts.zstd_max_train_bytes: 0
I191206 04:12:55.032805 15 storage/engine/rocksdb.go:119                   Options.bottommost_compression_opts.enabled: false
I191206 04:12:55.032838 15 storage/engine/rocksdb.go:119             Options.compression_opts.window_bits: -14
I191206 04:12:55.032863 15 storage/engine/rocksdb.go:119                   Options.compression_opts.level: 32767
I191206 04:12:55.032885 15 storage/engine/rocksdb.go:119                Options.compression_opts.strategy: 0
I191206 04:12:55.032907 15 storage/engine/rocksdb.go:119          Options.compression_opts.max_dict_bytes: 0
I191206 04:12:55.032929 15 storage/engine/rocksdb.go:119          Options.compression_opts.zstd_max_train_bytes: 0
I191206 04:12:55.032951 15 storage/engine/rocksdb.go:119                   Options.compression_opts.enabled: false
I191206 04:12:55.032973 15 storage/engine/rocksdb.go:119       Options.level0_file_num_compaction_trigger: 2
I191206 04:12:55.032994 15 storage/engine/rocksdb.go:119           Options.level0_slowdown_writes_trigger: 950
I191206 04:12:55.033016 15 storage/engine/rocksdb.go:119               Options.level0_stop_writes_trigger: 1000
I191206 04:12:55.033038 15 storage/engine/rocksdb.go:119                    Options.target_file_size_base: 4194304
I191206 04:12:55.033059 15 storage/engine/rocksdb.go:119              Options.target_file_size_multiplier: 2
I191206 04:12:55.033081 15 storage/engine/rocksdb.go:119                 Options.max_bytes_for_level_base: 67108864
I191206 04:12:55.033102 15 storage/engine/rocksdb.go:119  Options.level_compaction_dynamic_level_bytes: 1
I191206 04:12:55.033128 15 storage/engine/rocksdb.go:119           Options.max_bytes_for_level_multiplier: 10.000000
I191206 04:12:55.033151 15 storage/engine/rocksdb.go:119  Options.max_bytes_for_level_multiplier_addtl[0]: 1
I191206 04:12:55.033173 15 storage/engine/rocksdb.go:119  Options.max_bytes_for_level_multiplier_addtl[1]: 1
I191206 04:12:55.033201 15 storage/engine/rocksdb.go:119  Options.max_bytes_for_level_multiplier_addtl[2]: 1
I191206 04:12:55.033242 15 storage/engine/rocksdb.go:119  Options.max_bytes_for_level_multiplier_addtl[3]: 1
I191206 04:12:55.033267 15 storage/engine/rocksdb.go:119  Options.max_bytes_for_level_multiplier_addtl[4]: 1
I191206 04:12:55.033290 15 storage/engine/rocksdb.go:119  Options.max_bytes_for_level_multiplier_addtl[5]: 1
I191206 04:12:55.033312 15 storage/engine/rocksdb.go:119  Options.max_bytes_for_level_multiplier_addtl[6]: 1
I191206 04:12:55.033334 15 storage/engine/rocksdb.go:119        Options.max_sequential_skip_in_iterations: 8
I191206 04:12:55.033356 15 storage/engine/rocksdb.go:119                     Options.max_compaction_bytes: 104857600
I191206 04:12:55.033378 15 storage/engine/rocksdb.go:119                         Options.arena_block_size: 8388608
I191206 04:12:55.033400 15 storage/engine/rocksdb.go:119    Options.soft_pending_compaction_bytes_limit: 2199023255552
I191206 04:12:55.033422 15 storage/engine/rocksdb.go:119    Options.hard_pending_compaction_bytes_limit: 4400193994752
I191206 04:12:55.033444 15 storage/engine/rocksdb.go:119        Options.rate_limit_delay_max_milliseconds: 100
I191206 04:12:55.033466 15 storage/engine/rocksdb.go:119                 Options.disable_auto_compactions: 0
I191206 04:12:55.033493 15 storage/engine/rocksdb.go:119                         Options.compaction_style: kCompactionStyleLevel
I191206 04:12:55.033527 15 storage/engine/rocksdb.go:119                           Options.compaction_pri: kMinOverlappingRatio
I191206 04:12:55.033550 15 storage/engine/rocksdb.go:119  Options.compaction_options_universal.size_ratio: 1
I191206 04:12:55.033572 15 storage/engine/rocksdb.go:119  Options.compaction_options_universal.min_merge_width: 2
I191206 04:12:55.033594 15 storage/engine/rocksdb.go:119  Options.compaction_options_universal.max_merge_width: 4294967295
I191206 04:12:55.033618 15 storage/engine/rocksdb.go:119  Options.compaction_options_universal.max_size_amplification_percent: 200
I191206 04:12:55.033641 15 storage/engine/rocksdb.go:119  Options.compaction_options_universal.compression_size_percent: -1
I191206 04:12:55.033666 15 storage/engine/rocksdb.go:119  Options.compaction_options_universal.stop_style: kCompactionStopStyleTotalSize
I191206 04:12:55.033689 15 storage/engine/rocksdb.go:119  Options.compaction_options_fifo.max_table_files_size: 1073741824
I191206 04:12:55.033710 15 storage/engine/rocksdb.go:119  Options.compaction_options_fifo.allow_compaction: 0
I191206 04:12:55.033752 15 storage/engine/rocksdb.go:119                    Options.table_properties_collectors: TimeBoundTblPropCollectorFactory; DeleteRangeTblPropCollectorFactory; 
I191206 04:12:55.033779 15 storage/engine/rocksdb.go:119                    Options.inplace_update_support: 0
I191206 04:12:55.033802 15 storage/engine/rocksdb.go:119                  Options.inplace_update_num_locks: 10000
I191206 04:12:55.033826 15 storage/engine/rocksdb.go:119                Options.memtable_prefix_bloom_size_ratio: 0.000000
I191206 04:12:55.033848 15 storage/engine/rocksdb.go:119                Options.memtable_whole_key_filtering: 0
I191206 04:12:55.033872 15 storage/engine/rocksdb.go:119    Options.memtable_huge_page_size: 0
I191206 04:12:55.033894 15 storage/engine/rocksdb.go:119                            Options.bloom_locality: 0
I191206 04:12:55.033916 15 storage/engine/rocksdb.go:119                     Options.max_successive_merges: 0
I191206 04:12:55.033946 15 storage/engine/rocksdb.go:119                 Options.optimize_filters_for_hits: 1
I191206 04:12:55.033969 15 storage/engine/rocksdb.go:119                 Options.paranoid_file_checks: 0
I191206 04:12:55.033990 15 storage/engine/rocksdb.go:119                 Options.force_consistency_checks: 0
I191206 04:12:55.034012 15 storage/engine/rocksdb.go:119                 Options.report_bg_io_stats: 0
I191206 04:12:55.034034 15 storage/engine/rocksdb.go:119                                Options.ttl: 0
I191206 04:12:55.034056 15 storage/engine/rocksdb.go:119           Options.periodic_compaction_seconds: 0
I191206 04:12:55.056850 15 storage/engine/rocksdb.go:119  [db/version_set.cc:4286] Recovered from manifest file:E:\Praxis-Bootcamp\pertemuan\minggu-5\micronaut-crud\databases\cockroach-data\cockroach-temp153030603/MANIFEST-000001 succeeded,manifest_file_number is 1, next_file_number is 3, last_sequence is 0, log_number is 0,prev_log_number is 0,max_column_family is 0,min_log_number_to_keep is 0
I191206 04:12:55.056891 15 storage/engine/rocksdb.go:119  [db/version_set.cc:4295] Column family [default] (ID 0), log number is 0
I191206 04:12:55.375642 15 storage/engine/rocksdb.go:119  DB pointer 00000000146cc000
I191206 04:12:56.615844 15 storage/engine/rocksdb.go:119  RocksDB version: 6.2.1
I191206 04:12:56.615860 15 storage/engine/rocksdb.go:119  Git sha rocksdb_build_git_sha:@@
I191206 04:12:56.615869 15 storage/engine/rocksdb.go:119  Compile date Nov 12 2019
I191206 04:12:56.615877 15 storage/engine/rocksdb.go:119  DB SUMMARY
I191206 04:12:56.616154 15 storage/engine/rocksdb.go:119  CURRENT file:  CURRENT
I191206 04:12:56.616164 15 storage/engine/rocksdb.go:119  IDENTITY file:  IDENTITY
I191206 04:12:56.696150 15 storage/engine/rocksdb.go:119  MANIFEST file:  MANIFEST-000039 size: 3435 Bytes
I191206 04:12:56.696172 15 storage/engine/rocksdb.go:119  SST files in E:\Praxis-Bootcamp\pertemuan\minggu-5\micronaut-crud\databases\cockroach-data dir, Total Num: 2, files: 000103.sst 000104.sst 
I191206 04:12:56.696184 15 storage/engine/rocksdb.go:119  Write Ahead Log file in E:\Praxis-Bootcamp\pertemuan\minggu-5\micronaut-crud\databases\cockroach-data: 000099.log size: 59683532 ; 000101.log size: 4233476 ; 
I191206 04:12:56.696197 15 storage/engine/rocksdb.go:119                          Options.error_if_exists: 0
I191206 04:12:56.696205 15 storage/engine/rocksdb.go:119                        Options.create_if_missing: 1
I191206 04:12:56.696214 15 storage/engine/rocksdb.go:119                          Options.paranoid_checks: 1
I191206 04:12:56.696222 15 storage/engine/rocksdb.go:119                                      Options.env: 00000000001eb280
I191206 04:12:56.696230 15 storage/engine/rocksdb.go:119                                 Options.info_log: 00000000148510c0
I191206 04:12:56.696239 15 storage/engine/rocksdb.go:119                 Options.max_file_opening_threads: 16
I191206 04:12:56.696247 15 storage/engine/rocksdb.go:119                               Options.statistics: 0000000014869010
I191206 04:12:56.696256 15 storage/engine/rocksdb.go:119                                Options.use_fsync: 0
I191206 04:12:56.696264 15 storage/engine/rocksdb.go:119                        Options.max_log_file_size: 0
I191206 04:12:56.696272 15 storage/engine/rocksdb.go:119                   Options.max_manifest_file_size: 134217728
I191206 04:12:56.696281 15 storage/engine/rocksdb.go:119                    Options.log_file_time_to_roll: 0
I191206 04:12:56.696289 15 storage/engine/rocksdb.go:119                        Options.keep_log_file_num: 1000
I191206 04:12:56.696296 15 storage/engine/rocksdb.go:119                     Options.recycle_log_file_num: 1
I191206 04:12:56.696304 15 storage/engine/rocksdb.go:119                          Options.allow_fallocate: 1
I191206 04:12:56.696312 15 storage/engine/rocksdb.go:119                         Options.allow_mmap_reads: 0
I191206 04:12:56.696320 15 storage/engine/rocksdb.go:119                        Options.allow_mmap_writes: 0
I191206 04:12:56.696328 15 storage/engine/rocksdb.go:119                         Options.use_direct_reads: 0
I191206 04:12:56.696335 15 storage/engine/rocksdb.go:119                         Options.use_direct_io_for_flush_and_compaction: 0
I191206 04:12:56.696343 15 storage/engine/rocksdb.go:119           Options.create_missing_column_families: 0
I191206 04:12:56.696351 15 storage/engine/rocksdb.go:119                               Options.db_log_dir: 
I191206 04:12:56.696359 15 storage/engine/rocksdb.go:119                                  Options.wal_dir: E:\Praxis-Bootcamp\pertemuan\minggu-5\micronaut-crud\databases\cockroach-data
I191206 04:12:56.696367 15 storage/engine/rocksdb.go:119                 Options.table_cache_numshardbits: 6
I191206 04:12:56.696375 15 storage/engine/rocksdb.go:119                       Options.max_subcompactions: 1
I191206 04:12:56.696383 15 storage/engine/rocksdb.go:119                   Options.max_background_flushes: -1
I191206 04:12:56.696390 15 storage/engine/rocksdb.go:119                          Options.WAL_ttl_seconds: 0
I191206 04:12:56.696398 15 storage/engine/rocksdb.go:119                        Options.WAL_size_limit_MB: 0
I191206 04:12:56.696406 15 storage/engine/rocksdb.go:119              Options.manifest_preallocation_size: 4194304
I191206 04:12:56.696414 15 storage/engine/rocksdb.go:119                      Options.is_fd_close_on_exec: 1
I191206 04:12:56.696422 15 storage/engine/rocksdb.go:119                    Options.advise_random_on_open: 1
I191206 04:12:56.696429 15 storage/engine/rocksdb.go:119                     Options.db_write_buffer_size: 0
I191206 04:12:56.696437 15 storage/engine/rocksdb.go:119                     Options.write_buffer_manager: 0000000014871030
I191206 04:12:56.696445 15 storage/engine/rocksdb.go:119          Options.access_hint_on_compaction_start: 1
I191206 04:12:56.696453 15 storage/engine/rocksdb.go:119   Options.new_table_reader_for_compaction_inputs: 0
I191206 04:12:56.696461 15 storage/engine/rocksdb.go:119            Options.random_access_max_buffer_size: 1048576
I191206 04:12:56.696468 15 storage/engine/rocksdb.go:119                       Options.use_adaptive_mutex: 0
I191206 04:12:56.696476 15 storage/engine/rocksdb.go:119                             Options.rate_limiter: 0000000000000000
I191206 04:12:56.696485 15 storage/engine/rocksdb.go:119      Options.sst_file_manager.rate_bytes_per_sec: 0
I191206 04:12:56.696492 15 storage/engine/rocksdb.go:119                        Options.wal_recovery_mode: 0
I191206 04:12:56.696500 15 storage/engine/rocksdb.go:119                   Options.enable_thread_tracking: 0
I191206 04:12:56.696508 15 storage/engine/rocksdb.go:119                   Options.enable_pipelined_write: 0
I191206 04:12:56.696515 15 storage/engine/rocksdb.go:119          Options.allow_concurrent_memtable_write: 1
I191206 04:12:56.696523 15 storage/engine/rocksdb.go:119       Options.enable_write_thread_adaptive_yield: 1
I191206 04:12:56.696531 15 storage/engine/rocksdb.go:119              Options.write_thread_max_yield_usec: 100
I191206 04:12:56.696539 15 storage/engine/rocksdb.go:119             Options.write_thread_slow_yield_usec: 3
I191206 04:12:56.696547 15 storage/engine/rocksdb.go:119                                Options.row_cache: None
I191206 04:12:56.696554 15 storage/engine/rocksdb.go:119                               Options.wal_filter: None
I191206 04:12:56.696562 15 storage/engine/rocksdb.go:119              Options.avoid_flush_during_recovery: 0
I191206 04:12:56.696571 15 storage/engine/rocksdb.go:119              Options.allow_ingest_behind: 0
I191206 04:12:56.696578 15 storage/engine/rocksdb.go:119              Options.preserve_deletes: 0
I191206 04:12:56.696586 15 storage/engine/rocksdb.go:119              Options.two_write_queues: 0
I191206 04:12:56.696594 15 storage/engine/rocksdb.go:119              Options.manual_wal_flush: 1
I191206 04:12:56.696601 15 storage/engine/rocksdb.go:119              Options.atomic_flush: 0
I191206 04:12:56.696609 15 storage/engine/rocksdb.go:119              Options.avoid_unnecessary_blocking_io: 0
I191206 04:12:56.696617 15 storage/engine/rocksdb.go:119              Options.max_background_jobs: 4
I191206 04:12:56.696629 15 storage/engine/rocksdb.go:119              Options.max_background_compactions: -1
I191206 04:12:56.696638 15 storage/engine/rocksdb.go:119              Options.avoid_flush_during_shutdown: 0
I191206 04:12:56.696646 15 storage/engine/rocksdb.go:119            Options.writable_file_max_buffer_size: 1048576
I191206 04:12:56.696654 15 storage/engine/rocksdb.go:119              Options.delayed_write_rate : 16777216
I191206 04:12:56.696662 15 storage/engine/rocksdb.go:119              Options.max_total_wal_size: 0
I191206 04:12:56.696670 15 storage/engine/rocksdb.go:119              Options.delete_obsolete_files_period_micros: 21600000000
I191206 04:12:56.696678 15 storage/engine/rocksdb.go:119                    Options.stats_dump_period_sec: 0
I191206 04:12:56.696685 15 storage/engine/rocksdb.go:119                  Options.stats_persist_period_sec: 600
I191206 04:12:56.696693 15 storage/engine/rocksdb.go:119                  Options.stats_history_buffer_size: 1048576
I191206 04:12:56.696701 15 storage/engine/rocksdb.go:119                           Options.max_open_files: 10000
I191206 04:12:56.696709 15 storage/engine/rocksdb.go:119                           Options.bytes_per_sync: 524288
I191206 04:12:56.696717 15 storage/engine/rocksdb.go:119                       Options.wal_bytes_per_sync: 0
I191206 04:12:56.696725 15 storage/engine/rocksdb.go:119                    Options.strict_bytes_per_sync: 1
I191206 04:12:56.696732 15 storage/engine/rocksdb.go:119        Options.compaction_readahead_size: 0
I191206 04:12:56.696740 15 storage/engine/rocksdb.go:119  Compression algorithms supported:
I191206 04:12:56.696748 15 storage/engine/rocksdb.go:119  	kZSTDNotFinalCompression supported: 0
I191206 04:12:56.696756 15 storage/engine/rocksdb.go:119  	kZSTD supported: 0
I191206 04:12:56.696764 15 storage/engine/rocksdb.go:119  	kXpressCompression supported: 0
I191206 04:12:56.696772 15 storage/engine/rocksdb.go:119  	kLZ4HCCompression supported: 0
I191206 04:12:56.696780 15 storage/engine/rocksdb.go:119  	kLZ4Compression supported: 0
I191206 04:12:56.696787 15 storage/engine/rocksdb.go:119  	kBZip2Compression supported: 0
I191206 04:12:56.696795 15 storage/engine/rocksdb.go:119  	kZlibCompression supported: 0
I191206 04:12:56.696803 15 storage/engine/rocksdb.go:119  	kSnappyCompression supported: 1
I191206 04:12:56.696815 15 storage/engine/rocksdb.go:119  Fast CRC32 supported: Supported on x86
I191206 04:12:56.711454 15 storage/engine/rocksdb.go:119  [db/version_set.cc:4072] Recovering from manifest file: E:\Praxis-Bootcamp\pertemuan\minggu-5\micronaut-crud\databases\cockroach-data/MANIFEST-000039
I191206 04:12:56.793002 15 storage/engine/rocksdb.go:119  [db/column_family.cc:488] --------------- Options for column family [default]:
I191206 04:12:56.793020 15 storage/engine/rocksdb.go:119                Options.comparator: cockroach_comparator
I191206 04:12:56.793029 15 storage/engine/rocksdb.go:119            Options.merge_operator: cockroach_merge_operator
I191206 04:12:56.793037 15 storage/engine/rocksdb.go:119         Options.compaction_filter: None
I191206 04:12:56.793045 15 storage/engine/rocksdb.go:119         Options.compaction_filter_factory: None
I191206 04:12:56.793054 15 storage/engine/rocksdb.go:119          Options.memtable_factory: SkipListFactory
I191206 04:12:56.793062 15 storage/engine/rocksdb.go:119             Options.table_factory: BlockBasedTable
I191206 04:12:56.793136 15 storage/engine/rocksdb.go:119             table_factory options:   flush_block_policy_factory: FlushBlockBySizePolicyFactory (0000000014868028)
  cache_index_and_filter_blocks: 0
  cache_index_and_filter_blocks_with_high_priority: 0
  pin_l0_filter_and_index_blocks_in_cache: 0
  pin_top_level_index_and_filter: 1
  index_type: 0
  data_block_index_type: 0
  index_shortening: 1
  data_block_hash_table_util_ratio: 0.750000
  hash_index_allow_collision: 1
  checksum: 1
  no_block_cache: 0
  block_cache: 0000000014852010
  block_cache_name: LRUCache
  block_cache_options:
    capacity : 67108864
    num_shard_bits : 4
    strict_capacity_limit : 0
    memory_allocator : None
    high_pri_pool_ratio: 0.000
  block_cache_compressed: 0000000000000000
  persistent_cache: 0000000000000000
  block_size: 32768
  block_size_deviation: 10
  block_restart_interval: 16
  index_block_restart_interval: 1
  metadata_block_size: 4096
  partition_filters: 0
  use_delta_encoding: 1
  filter_policy: rocksdb.BuiltinBloomFilter
  whole_key_filtering: 0
  verify_compression: 0
  read_amp_bytes_per_bit: 0
  format_version: 2
  enable_index_compression: 1
  block_align: 0
I191206 04:12:56.793148 15 storage/engine/rocksdb.go:119         Options.write_buffer_size: 67108864
I191206 04:12:56.793157 15 storage/engine/rocksdb.go:119   Options.max_write_buffer_number: 4
I191206 04:12:56.793166 15 storage/engine/rocksdb.go:119           Options.compression: Snappy
I191206 04:12:56.793174 15 storage/engine/rocksdb.go:119                   Options.bottommost_compression: Disabled
I191206 04:12:56.793182 15 storage/engine/rocksdb.go:119        Options.prefix_extractor: cockroach_prefix_extractor
I191206 04:12:56.793190 15 storage/engine/rocksdb.go:119    Options.memtable_insert_with_hint_prefix_extractor: nullptr
I191206 04:12:56.793199 15 storage/engine/rocksdb.go:119              Options.num_levels: 7
I191206 04:12:56.793206 15 storage/engine/rocksdb.go:119         Options.min_write_buffer_number_to_merge: 1
I191206 04:12:56.793214 15 storage/engine/rocksdb.go:119      Options.max_write_buffer_number_to_maintain: 0
I191206 04:12:56.793222 15 storage/engine/rocksdb.go:119             Options.bottommost_compression_opts.window_bits: -14
I191206 04:12:56.793230 15 storage/engine/rocksdb.go:119                   Options.bottommost_compression_opts.level: 32767
I191206 04:12:56.793238 15 storage/engine/rocksdb.go:119                Options.bottommost_compression_opts.strategy: 0
I191206 04:12:56.793246 15 storage/engine/rocksdb.go:119          Options.bottommost_compression_opts.max_dict_bytes: 0
I191206 04:12:56.793254 15 storage/engine/rocksdb.go:119          Options.bottommost_compression_opts.zstd_max_train_bytes: 0
I191206 04:12:56.793262 15 storage/engine/rocksdb.go:119                   Options.bottommost_compression_opts.enabled: false
I191206 04:12:56.793269 15 storage/engine/rocksdb.go:119             Options.compression_opts.window_bits: -14
I191206 04:12:56.793277 15 storage/engine/rocksdb.go:119                   Options.compression_opts.level: 32767
I191206 04:12:56.793285 15 storage/engine/rocksdb.go:119                Options.compression_opts.strategy: 0
I191206 04:12:56.793293 15 storage/engine/rocksdb.go:119          Options.compression_opts.max_dict_bytes: 0
I191206 04:12:56.793301 15 storage/engine/rocksdb.go:119          Options.compression_opts.zstd_max_train_bytes: 0
I191206 04:12:56.793309 15 storage/engine/rocksdb.go:119                   Options.compression_opts.enabled: false
I191206 04:12:56.793316 15 storage/engine/rocksdb.go:119       Options.level0_file_num_compaction_trigger: 2
I191206 04:12:56.793324 15 storage/engine/rocksdb.go:119           Options.level0_slowdown_writes_trigger: 950
I191206 04:12:56.793332 15 storage/engine/rocksdb.go:119               Options.level0_stop_writes_trigger: 1000
I191206 04:12:56.793340 15 storage/engine/rocksdb.go:119                    Options.target_file_size_base: 4194304
I191206 04:12:56.793348 15 storage/engine/rocksdb.go:119              Options.target_file_size_multiplier: 2
I191206 04:12:56.793355 15 storage/engine/rocksdb.go:119                 Options.max_bytes_for_level_base: 67108864
I191206 04:12:56.793363 15 storage/engine/rocksdb.go:119  Options.level_compaction_dynamic_level_bytes: 1
I191206 04:12:56.793372 15 storage/engine/rocksdb.go:119           Options.max_bytes_for_level_multiplier: 10.000000
I191206 04:12:56.793381 15 storage/engine/rocksdb.go:119  Options.max_bytes_for_level_multiplier_addtl[0]: 1
I191206 04:12:56.793388 15 storage/engine/rocksdb.go:119  Options.max_bytes_for_level_multiplier_addtl[1]: 1
I191206 04:12:56.793396 15 storage/engine/rocksdb.go:119  Options.max_bytes_for_level_multiplier_addtl[2]: 1
I191206 04:12:56.793404 15 storage/engine/rocksdb.go:119  Options.max_bytes_for_level_multiplier_addtl[3]: 1
I191206 04:12:56.793412 15 storage/engine/rocksdb.go:119  Options.max_bytes_for_level_multiplier_addtl[4]: 1
I191206 04:12:56.793425 15 storage/engine/rocksdb.go:119  Options.max_bytes_for_level_multiplier_addtl[5]: 1
I191206 04:12:56.793434 15 storage/engine/rocksdb.go:119  Options.max_bytes_for_level_multiplier_addtl[6]: 1
I191206 04:12:56.793442 15 storage/engine/rocksdb.go:119        Options.max_sequential_skip_in_iterations: 8
I191206 04:12:56.793450 15 storage/engine/rocksdb.go:119                     Options.max_compaction_bytes: 104857600
I191206 04:12:56.793457 15 storage/engine/rocksdb.go:119                         Options.arena_block_size: 8388608
I191206 04:12:56.793465 15 storage/engine/rocksdb.go:119    Options.soft_pending_compaction_bytes_limit: 2199023255552
I191206 04:12:56.793473 15 storage/engine/rocksdb.go:119    Options.hard_pending_compaction_bytes_limit: 4400193994752
I191206 04:12:56.793482 15 storage/engine/rocksdb.go:119        Options.rate_limit_delay_max_milliseconds: 100
I191206 04:12:56.793490 15 storage/engine/rocksdb.go:119                 Options.disable_auto_compactions: 0
I191206 04:12:56.793500 15 storage/engine/rocksdb.go:119                         Options.compaction_style: kCompactionStyleLevel
I191206 04:12:56.793509 15 storage/engine/rocksdb.go:119                           Options.compaction_pri: kMinOverlappingRatio
I191206 04:12:56.793517 15 storage/engine/rocksdb.go:119  Options.compaction_options_universal.size_ratio: 1
I191206 04:12:56.793525 15 storage/engine/rocksdb.go:119  Options.compaction_options_universal.min_merge_width: 2
I191206 04:12:56.793533 15 storage/engine/rocksdb.go:119  Options.compaction_options_universal.max_merge_width: 4294967295
I191206 04:12:56.793541 15 storage/engine/rocksdb.go:119  Options.compaction_options_universal.max_size_amplification_percent: 200
I191206 04:12:56.793548 15 storage/engine/rocksdb.go:119  Options.compaction_options_universal.compression_size_percent: -1
I191206 04:12:56.793558 15 storage/engine/rocksdb.go:119  Options.compaction_options_universal.stop_style: kCompactionStopStyleTotalSize
I191206 04:12:56.793566 15 storage/engine/rocksdb.go:119  Options.compaction_options_fifo.max_table_files_size: 1073741824
I191206 04:12:56.793573 15 storage/engine/rocksdb.go:119  Options.compaction_options_fifo.allow_compaction: 0
I191206 04:12:56.793586 15 storage/engine/rocksdb.go:119                    Options.table_properties_collectors: TimeBoundTblPropCollectorFactory; DeleteRangeTblPropCollectorFactory; 
I191206 04:12:56.793595 15 storage/engine/rocksdb.go:119                    Options.inplace_update_support: 0
I191206 04:12:56.793603 15 storage/engine/rocksdb.go:119                  Options.inplace_update_num_locks: 10000
I191206 04:12:56.793612 15 storage/engine/rocksdb.go:119                Options.memtable_prefix_bloom_size_ratio: 0.000000
I191206 04:12:56.793620 15 storage/engine/rocksdb.go:119                Options.memtable_whole_key_filtering: 0
I191206 04:12:56.793628 15 storage/engine/rocksdb.go:119    Options.memtable_huge_page_size: 0
I191206 04:12:56.793636 15 storage/engine/rocksdb.go:119                            Options.bloom_locality: 0
I191206 04:12:56.793644 15 storage/engine/rocksdb.go:119                     Options.max_successive_merges: 0
I191206 04:12:56.793652 15 storage/engine/rocksdb.go:119                 Options.optimize_filters_for_hits: 1
I191206 04:12:56.793659 15 storage/engine/rocksdb.go:119                 Options.paranoid_file_checks: 0
I191206 04:12:56.793667 15 storage/engine/rocksdb.go:119                 Options.force_consistency_checks: 0
I191206 04:12:56.793675 15 storage/engine/rocksdb.go:119                 Options.report_bg_io_stats: 0
I191206 04:12:56.793683 15 storage/engine/rocksdb.go:119                                Options.ttl: 0
I191206 04:12:56.793691 15 storage/engine/rocksdb.go:119           Options.periodic_compaction_seconds: 0
I191206 04:12:57.210529 15 storage/engine/rocksdb.go:119  [db/version_set.cc:4286] Recovered from manifest file:E:\Praxis-Bootcamp\pertemuan\minggu-5\micronaut-crud\databases\cockroach-data/MANIFEST-000039 succeeded,manifest_file_number is 39, next_file_number is 106, last_sequence is 5673215, log_number is 101,prev_log_number is 0,max_column_family is 0,min_log_number_to_keep is 0
I191206 04:12:57.210628 15 storage/engine/rocksdb.go:119  [db/version_set.cc:4295] Column family [default] (ID 0), log number is 101
I191206 04:12:57.500288 15 storage/engine/rocksdb.go:119  EVENT_LOG_v1 {"time_micros": 1575605577211300, "job": 1, "event": "recovery_started", "log_files": [99, 101]}
I191206 04:12:57.500332 15 storage/engine/rocksdb.go:119  [db/db_impl_open.cc:586] Skipping log #99 since it is older than min log to keep #101
I191206 04:12:57.500355 15 storage/engine/rocksdb.go:119  [db/db_impl_open.cc:598] Recovering log #101 mode 0
I191206 04:12:58.585842 15 storage/engine/rocksdb.go:119  EVENT_LOG_v1 {"time_micros": 1575605578585674, "cf_name": "default", "job": 1, "event": "table_file_creation", "file_number": 106, "file_size": 75224, "table_properties": {"data_size": 72127, "index_size": 555, "index_partitions": 0, "top_level_index_size": 0, "index_key_is_user_key": 0, "index_value_is_delta_encoded": 0, "filter_size": 1733, "raw_key_size": 54337, "raw_average_key_size": 40, "raw_value_size": 368578, "raw_average_value_size": 276, "num_data_blocks": 10, "num_entries": 1335, "num_deletions": 478, "num_merge_operands": 664, "num_range_deletions": 664, "format_version": 0, "fixed_key_len": 0, "filter_policy": "rocksdb.BuiltinBloomFilter", "column_family_name": "default", "column_family_id": 0, "comparator": "cockroach_comparator", "merge_operator": "cockroach_merge_operator", "prefix_extractor_name": "cockroach_prefix_extractor", "property_collectors": "[TimeBoundTblPropCollectorFactory,DeleteRangeTblPropCollectorFactory]", "compression": "Snappy", "compression_options": "window_bits=-14; level=32767; strategy=0; max_dict_bytes=0; zstd_max_train_bytes=0; enabled=0; ", "creation_time": 1575605577, "oldest_key_time": 3, "file_creation_time": 0}}
I191206 04:12:58.586723 15 storage/engine/rocksdb.go:119  [db/version_set.cc:3560] Creating manifest 107
I191206 04:12:58.790232 15 storage/engine/rocksdb.go:119  EVENT_LOG_v1 {"time_micros": 1575605578789577, "job": 1, "event": "recovery_finished"}
I191206 04:12:59.167067 15 storage/engine/rocksdb.go:119  DB pointer 00000000148a6000
I191206 04:58:21.932194 104 storage/engine/rocksdb.go:119  [db/db_impl_write.cc:1437] [default] New memtable created with log file: #111. Immutable memtables: 0.
I191206 04:58:21.938466 17 storage/engine/rocksdb.go:119  (Original Log Time 2019/12/06-11:58:21.937287) [db/db_impl_compaction_flush.cc:2097] Calling FlushMemTableToOutputFile with column family [default], flush slots available 1, compaction slots available 1, flush slots scheduled 1, compaction slots scheduled 0
I191206 04:58:21.938533 17 storage/engine/rocksdb.go:119  [db/flush_job.cc:322] [default] [JOB 3] Flushing memtable with next log file: 111
I191206 04:58:21.938773 17 storage/engine/rocksdb.go:119  EVENT_LOG_v1 {"time_micros": 1575608301938288, "job": 3, "event": "flush_started", "num_memtables": 1, "num_entries": 216562, "num_deletes": 9497, "total_data_size": 60761807, "memory_usage": 65022552, "flush_reason": "Write Buffer Full"}
I191206 04:58:21.938819 17 storage/engine/rocksdb.go:119  [db/flush_job.cc:351] [default] [JOB 3] Level-0 flush table #112: started
I191206 04:58:23.252759 17 storage/engine/rocksdb.go:119  EVENT_LOG_v1 {"time_micros": 1575608303252248, "cf_name": "default", "job": 3, "event": "table_file_creation", "file_number": 112, "file_size": 433451, "table_properties": {"data_size": 421723, "index_size": 4692, "index_partitions": 0, "top_level_index_size": 0, "index_key_is_user_key": 0, "index_value_is_delta_encoded": 0, "filter_size": 8261, "raw_key_size": 289254, "raw_average_key_size": 26, "raw_value_size": 2186568, "raw_average_value_size": 201, "num_data_blocks": 74, "num_entries": 10825, "num_deletions": 9358, "num_merge_operands": 664, "num_range_deletions": 664, "format_version": 0, "fixed_key_len": 0, "filter_policy": "rocksdb.BuiltinBloomFilter", "column_family_name": "default", "column_family_id": 0, "comparator": "cockroach_comparator", "merge_operator": "cockroach_merge_operator", "prefix_extractor_name": "cockroach_prefix_extractor", "property_collectors": "[TimeBoundTblPropCollectorFactory,DeleteRangeTblPropCollectorFactory]", "compression": "Snappy", "compression_options": "window_bits=-14; level=32767; strategy=0; max_dict_bytes=0; zstd_max_train_bytes=0; enabled=0; ", "creation_time": 1575608301, "oldest_key_time": 1575605579, "file_creation_time": 1575608301}}
I191206 04:58:23.252893 17 storage/engine/rocksdb.go:119  [db/flush_job.cc:392] [default] [JOB 3] Level-0 flush table #112: 433451 bytes OK
I191206 04:58:23.297098 17 storage/engine/rocksdb.go:119  [db/db_impl_files.cc:194] adding log 108 to recycle list
I191206 04:58:23.297173 17 storage/engine/rocksdb.go:119  (Original Log Time 2019/12/06-11:58:23.252248) [db/memtable_list.cc:386] [default] Level-0 commit table #112 started
I191206 04:58:23.297211 17 storage/engine/rocksdb.go:119  (Original Log Time 2019/12/06-11:58:23.296354) [db/memtable_list.cc:434] [default] Level-0 commit table #112: memtable #1 done
I191206 04:58:23.297248 17 storage/engine/rocksdb.go:119  (Original Log Time 2019/12/06-11:58:23.296354) EVENT_LOG_v1 {"time_micros": 1575608303296354, "job": 3, "event": "flush_finished", "output_compression": "Snappy", "lsm_state": [2, 0, 0, 0, 0, 0, 2], "immutable_memtables": 0}
I191206 04:58:23.297308 17 storage/engine/rocksdb.go:119  (Original Log Time 2019/12/06-11:58:23.296354) [db/db_impl_compaction_flush.cc:208] [default] Level summary: base level 6 level multiplier 10.00 max bytes base 67108864 files[2 0 0 0 0 0 2] max score 1.00
I191206 04:58:23.338515 17 storage/engine/rocksdb.go:119  [db/compaction_job.cc:1647] [default] [JOB 4] Compacting 2@0 + 2@6 files to L6, score 1.00
I191206 04:58:23.338599 17 storage/engine/rocksdb.go:119  [db/compaction_job.cc:1651] [default] Compaction start summary: Base version 3 Base level 0, inputs: [112(423KB) 106(73KB)], [103(4120KB) 104(3414KB)]
I191206 04:58:23.338837 17 storage/engine/rocksdb.go:119  EVENT_LOG_v1 {"time_micros": 1575608303338342, "job": 4, "event": "compaction_started", "compaction_reason": "LevelL0FilesNum", "files_L0": [112, 106], "files_L6": [103, 104], "score": 1, "input_data_size": 8224459}
I191206 04:58:23.706675 17 storage/engine/rocksdb.go:119  [db/compaction_job.cc:1334] [default] [JOB 4] Generated table #113: 15226 keys, 4218861 bytes
I191206 04:58:23.706960 17 storage/engine/rocksdb.go:119  EVENT_LOG_v1 {"time_micros": 1575608303706330, "cf_name": "default", "job": 4, "event": "table_file_creation", "file_number": 113, "file_size": 4218861, "table_properties": {"data_size": 4200546, "index_size": 63302, "index_partitions": 0, "top_level_index_size": 0, "index_key_is_user_key": 0, "index_value_is_delta_encoded": 0, "filter_size": 0, "raw_key_size": 817578, "raw_average_key_size": 53, "raw_value_size": 28771135, "raw_average_value_size": 1889, "num_data_blocks": 919, "num_entries": 15226, "num_deletions": 0, "num_merge_operands": 0, "num_range_deletions": 0, "format_version": 0, "fixed_key_len": 0, "filter_policy": "rocksdb.BuiltinBloomFilter", "column_family_name": "default", "column_family_id": 0, "comparator": "cockroach_comparator", "merge_operator": "cockroach_merge_operator", "prefix_extractor_name": "cockroach_prefix_extractor", "property_collectors": "[TimeBoundTblPropCollectorFactory,DeleteRangeTblPropCollectorFactory]", "compression": "Snappy", "compression_options": "window_bits=-14; level=32767; strategy=0; max_dict_bytes=0; zstd_max_train_bytes=0; enabled=0; ", "creation_time": 1575608301, "oldest_key_time": 0, "file_creation_time": 1575608303}}
I191206 04:58:24.068774 17 storage/engine/rocksdb.go:119  [db/compaction_job.cc:1334] [default] [JOB 4] Generated table #114: 11971 keys, 3781713 bytes
I191206 04:58:24.068942 17 storage/engine/rocksdb.go:119  EVENT_LOG_v1 {"time_micros": 1575608304068515, "cf_name": "default", "job": 4, "event": "table_file_creation", "file_number": 114, "file_size": 3781713, "table_properties": {"data_size": 3767074, "index_size": 46006, "index_partitions": 0, "top_level_index_size": 0, "index_key_is_user_key": 0, "index_value_is_delta_encoded": 0, "filter_size": 0, "raw_key_size": 626655, "raw_average_key_size": 52, "raw_value_size": 20930053, "raw_average_value_size": 1748, "num_data_blocks": 672, "num_entries": 11971, "num_deletions": 0, "num_merge_operands": 0, "num_range_deletions": 0, "format_version": 0, "fixed_key_len": 0, "filter_policy": "rocksdb.BuiltinBloomFilter", "column_family_name": "default", "column_family_id": 0, "comparator": "cockroach_comparator", "merge_operator": "cockroach_merge_operator", "prefix_extractor_name": "cockroach_prefix_extractor", "property_collectors": "[TimeBoundTblPropCollectorFactory,DeleteRangeTblPropCollectorFactory]", "compression": "Snappy", "compression_options": "window_bits=-14; level=32767; strategy=0; max_dict_bytes=0; zstd_max_train_bytes=0; enabled=0; ", "creation_time": 1575608301, "oldest_key_time": 0, "file_creation_time": 1575608303}}
I191206 04:58:24.069825 17 storage/engine/rocksdb.go:119  [db/compaction_job.cc:1397] [default] [JOB 4] Compacted 2@0 + 2@6 files to L6 => 8000574 bytes
I191206 04:58:24.122824 17 storage/engine/rocksdb.go:119  (Original Log Time 2019/12/06-11:58:24.121686) [db/compaction_job.cc:770] [default] compacted to: base level 6 level multiplier 10.00 max bytes base 67108864 files[0 0 0 0 0 0 2] max score 0.00, MB/sec: 11.3 rd, 11.0 wr, level 6, files in(2, 2) out(2) MB in(0.5, 7.4) out(7.6), read-write-amplify(31.9) write-amplify(15.7) OK, records in: 41602, records dropped: 13741 output_compression: Snappy
I191206 04:58:24.122917 17 storage/engine/rocksdb.go:119  (Original Log Time 2019/12/06-11:58:24.121686) EVENT_LOG_v1 {"time_micros": 1575608304121686, "job": 4, "event": "compaction_finished", "compaction_time_micros": 730280, "compaction_time_cpu_micros": 0, "output_level": 6, "num_output_files": 2, "total_output_size": 8000574, "num_input_records": 40938, "num_output_records": 27197, "num_subcompactions": 1, "output_compression": "Snappy", "num_single_delete_mismatches": 0, "num_single_delete_fallthrough": 0, "lsm_state": [0, 0, 0, 0, 0, 0, 2]}
I191206 04:58:24.148187 33329 storage/engine/rocksdb.go:119  EVENT_LOG_v1 {"time_micros": 1575608304123699, "job": 0, "event": "table_file_deletion", "file_number": 112}
I191206 04:58:24.149166 33329 storage/engine/rocksdb.go:119  EVENT_LOG_v1 {"time_micros": 1575608304148651, "job": 0, "event": "table_file_deletion", "file_number": 106}
I191206 04:58:24.150726 33329 storage/engine/rocksdb.go:119  EVENT_LOG_v1 {"time_micros": 1575608304149651, "job": 0, "event": "table_file_deletion", "file_number": 104}
I191206 04:58:24.151431 33329 storage/engine/rocksdb.go:119  EVENT_LOG_v1 {"time_micros": 1575608304150650, "job": 0, "event": "table_file_deletion", "file_number": 103}
I191206 05:44:11.915273 104 storage/engine/rocksdb.go:119  [db/db_impl_open.cc:1125] reusing log 108 from recycle list
I191206 05:44:11.922568 104 storage/engine/rocksdb.go:119  [db/db_impl_write.cc:1437] [default] New memtable created with log file: #115. Immutable memtables: 0.
I191206 05:44:11.922923 17 storage/engine/rocksdb.go:119  (Original Log Time 2019/12/06-12:44:11.921980) [db/db_impl_compaction_flush.cc:2097] Calling FlushMemTableToOutputFile with column family [default], flush slots available 1, compaction slots available 1, flush slots scheduled 1, compaction slots scheduled 0
I191206 05:44:11.922953 17 storage/engine/rocksdb.go:119  [db/flush_job.cc:322] [default] [JOB 5] Flushing memtable with next log file: 115
I191206 05:44:11.923062 17 storage/engine/rocksdb.go:119  EVENT_LOG_v1 {"time_micros": 1575611051922983, "job": 5, "event": "flush_started", "num_memtables": 1, "num_entries": 215107, "num_deletes": 6161, "total_data_size": 61076315, "memory_usage": 65037712, "flush_reason": "Write Buffer Full"}
I191206 05:44:11.923092 17 storage/engine/rocksdb.go:119  [db/flush_job.cc:351] [default] [JOB 5] Level-0 flush table #116: started
I191206 05:44:13.150066 17 storage/engine/rocksdb.go:119  EVENT_LOG_v1 {"time_micros": 1575611053149701, "cf_name": "default", "job": 5, "event": "table_file_creation", "file_number": 116, "file_size": 407728, "table_properties": {"data_size": 395104, "index_size": 4677, "index_partitions": 0, "top_level_index_size": 0, "index_key_is_user_key": 0, "index_value_is_delta_encoded": 0, "filter_size": 9157, "raw_key_size": 255318, "raw_average_key_size": 30, "raw_value_size": 2221563, "raw_average_value_size": 268, "num_data_blocks": 74, "num_entries": 8269, "num_deletions": 6022, "num_merge_operands": 1328, "num_range_deletions": 1328, "format_version": 0, "fixed_key_len": 0, "filter_policy": "rocksdb.BuiltinBloomFilter", "column_family_name": "default", "column_family_id": 0, "comparator": "cockroach_comparator", "merge_operator": "cockroach_merge_operator", "prefix_extractor_name": "cockroach_prefix_extractor", "property_collectors": "[TimeBoundTblPropCollectorFactory,DeleteRangeTblPropCollectorFactory]", "compression": "Snappy", "compression_options": "window_bits=-14; level=32767; strategy=0; max_dict_bytes=0; zstd_max_train_bytes=0; enabled=0; ", "creation_time": 1575611051, "oldest_key_time": 1575608302, "file_creation_time": 1575611051}}
I191206 05:44:13.150110 17 storage/engine/rocksdb.go:119  [db/flush_job.cc:392] [default] [JOB 5] Level-0 flush table #116: 407728 bytes OK
I191206 05:44:13.190522 17 storage/engine/rocksdb.go:119  [db/db_impl_files.cc:194] adding log 111 to recycle list
I191206 05:44:13.190549 17 storage/engine/rocksdb.go:119  (Original Log Time 2019/12/06-12:44:13.149701) [db/memtable_list.cc:386] [default] Level-0 commit table #116 started
I191206 05:44:13.190563 17 storage/engine/rocksdb.go:119  (Original Log Time 2019/12/06-12:44:13.190161) [db/memtable_list.cc:434] [default] Level-0 commit table #116: memtable #1 done
I191206 05:44:13.190576 17 storage/engine/rocksdb.go:119  (Original Log Time 2019/12/06-12:44:13.190161) EVENT_LOG_v1 {"time_micros": 1575611053190161, "job": 5, "event": "flush_finished", "output_compression": "Snappy", "lsm_state": [1, 0, 0, 0, 0, 0, 2], "immutable_memtables": 0}
I191206 05:44:13.190591 17 storage/engine/rocksdb.go:119  (Original Log Time 2019/12/06-12:44:13.190161) [db/db_impl_compaction_flush.cc:208] [default] Level summary: base level 6 level multiplier 10.00 max bytes base 67108864 files[1 0 0 0 0 0 2] max score 0.50
I191206 06:33:32.159728 31 storage/engine/rocksdb.go:119  [db/db_impl_open.cc:1125] reusing log 111 from recycle list
I191206 06:33:32.163883 31 storage/engine/rocksdb.go:119  [db/db_impl_write.cc:1437] [default] New memtable created with log file: #117. Immutable memtables: 0.
I191206 06:33:32.164819 17 storage/engine/rocksdb.go:119  (Original Log Time 2019/12/06-13:33:32.163933) [db/db_impl_compaction_flush.cc:2097] Calling FlushMemTableToOutputFile with column family [default], flush slots available 1, compaction slots available 1, flush slots scheduled 1, compaction slots scheduled 0
I191206 06:33:32.164907 17 storage/engine/rocksdb.go:119  [db/flush_job.cc:322] [default] [JOB 6] Flushing memtable with next log file: 117
I191206 06:33:32.165408 17 storage/engine/rocksdb.go:119  EVENT_LOG_v1 {"time_micros": 1575614012164933, "job": 6, "event": "flush_started", "num_memtables": 1, "num_entries": 215454, "num_deletes": 6858, "total_data_size": 60860613, "memory_usage": 65022936, "flush_reason": "Write Buffer Full"}
I191206 06:33:32.165487 17 storage/engine/rocksdb.go:119  [db/flush_job.cc:351] [default] [JOB 6] Level-0 flush table #118: started
I191206 06:33:33.324728 17 storage/engine/rocksdb.go:119  EVENT_LOG_v1 {"time_micros": 1575614013323642, "cf_name": "default", "job": 6, "event": "table_file_creation", "file_number": 118, "file_size": 432827, "table_properties": {"data_size": 419746, "index_size": 4562, "index_partitions": 0, "top_level_index_size": 0, "index_key_is_user_key": 0, "index_value_is_delta_encoded": 0, "filter_size": 9541, "raw_key_size": 273293, "raw_average_key_size": 30, "raw_value_size": 2268951, "raw_average_value_size": 255, "num_data_blocks": 73, "num_entries": 8865, "num_deletions": 6711, "num_merge_operands": 1328, "num_range_deletions": 1328, "format_version": 0, "fixed_key_len": 0, "filter_policy": "rocksdb.BuiltinBloomFilter", "column_family_name": "default", "column_family_id": 0, "comparator": "cockroach_comparator", "merge_operator": "cockroach_merge_operator", "prefix_extractor_name": "cockroach_prefix_extractor", "property_collectors": "[TimeBoundTblPropCollectorFactory,DeleteRangeTblPropCollectorFactory]", "compression": "Snappy", "compression_options": "window_bits=-14; level=32767; strategy=0; max_dict_bytes=0; zstd_max_train_bytes=0; enabled=0; ", "creation_time": 1575614012, "oldest_key_time": 1575611051, "file_creation_time": 1575614012}}
I191206 06:33:33.324779 17 storage/engine/rocksdb.go:119  [db/flush_job.cc:392] [default] [JOB 6] Level-0 flush table #118: 432827 bytes OK
I191206 06:33:33.361781 17 storage/engine/rocksdb.go:119  [db/db_impl_files.cc:194] adding log 115 to recycle list
I191206 06:33:33.361863 17 storage/engine/rocksdb.go:119  (Original Log Time 2019/12/06-13:33:33.324642) [db/memtable_list.cc:386] [default] Level-0 commit table #118 started
I191206 06:33:33.361901 17 storage/engine/rocksdb.go:119  (Original Log Time 2019/12/06-13:33:33.360968) [db/memtable_list.cc:434] [default] Level-0 commit table #118: memtable #1 done
I191206 06:33:33.361944 17 storage/engine/rocksdb.go:119  (Original Log Time 2019/12/06-13:33:33.360968) EVENT_LOG_v1 {"time_micros": 1575614013360968, "job": 6, "event": "flush_finished", "output_compression": "Snappy", "lsm_state": [2, 0, 0, 0, 0, 0, 2], "immutable_memtables": 0}
I191206 06:33:33.362023 17 storage/engine/rocksdb.go:119  (Original Log Time 2019/12/06-13:33:33.360968) [db/db_impl_compaction_flush.cc:208] [default] Level summary: base level 6 level multiplier 10.00 max bytes base 67108864 files[2 0 0 0 0 0 2] max score 1.00
I191206 06:33:33.422146 17 storage/engine/rocksdb.go:119  [db/compaction_job.cc:1647] [default] [JOB 7] Compacting 2@0 + 2@6 files to L6, score 1.00
I191206 06:33:33.422317 17 storage/engine/rocksdb.go:119  [db/compaction_job.cc:1651] [default] Compaction start summary: Base version 6 Base level 0, inputs: [118(422KB) 116(398KB)], [113(4119KB) 114(3693KB)]
I191206 06:33:33.422522 17 storage/engine/rocksdb.go:119  EVENT_LOG_v1 {"time_micros": 1575614013421651, "job": 7, "event": "compaction_started", "compaction_reason": "LevelL0FilesNum", "files_L0": [118, 116], "files_L6": [113, 114], "score": 1, "input_data_size": 8841129}
I191206 06:33:34.490084 17 storage/engine/rocksdb.go:119  [db/compaction_job.cc:1334] [default] [JOB 7] Generated table #119: 15670 keys, 4238022 bytes
I191206 06:33:34.490513 17 storage/engine/rocksdb.go:119  EVENT_LOG_v1 {"time_micros": 1575614014489610, "cf_name": "default", "job": 7, "event": "table_file_creation", "file_number": 119, "file_size": 4238022, "table_properties": {"data_size": 4219613, "index_size": 65538, "index_partitions": 0, "top_level_index_size": 0, "index_key_is_user_key": 0, "index_value_is_delta_encoded": 0, "filter_size": 0, "raw_key_size": 845911, "raw_average_key_size": 53, "raw_value_size": 30250666, "raw_average_value_size": 1930, "num_data_blocks": 948, "num_entries": 15670, "num_deletions": 0, "num_merge_operands": 0, "num_range_deletions": 0, "format_version": 0, "fixed_key_len": 0, "filter_policy": "rocksdb.BuiltinBloomFilter", "column_family_name": "default", "column_family_id": 0, "comparator": "cockroach_comparator", "merge_operator": "cockroach_merge_operator", "prefix_extractor_name": "cockroach_prefix_extractor", "property_collectors": "[TimeBoundTblPropCollectorFactory,DeleteRangeTblPropCollectorFactory]", "compression": "Snappy", "compression_options": "window_bits=-14; level=32767; strategy=0; max_dict_bytes=0; zstd_max_train_bytes=0; enabled=0; ", "creation_time": 1575614012, "oldest_key_time": 0, "file_creation_time": 1575614013}}
I191206 06:33:35.330092 17 storage/engine/rocksdb.go:119  [db/compaction_job.cc:1334] [default] [JOB 7] Generated table #120: 11004 keys, 4211433 bytes
I191206 06:33:35.330220 17 storage/engine/rocksdb.go:119  EVENT_LOG_v1 {"time_micros": 1575614015329721, "cf_name": "default", "job": 7, "event": "table_file_creation", "file_number": 120, "file_size": 4211433, "table_properties": {"data_size": 4196079, "index_size": 49554, "index_partitions": 0, "top_level_index_size": 0, "index_key_is_user_key": 0, "index_value_is_delta_encoded": 0, "filter_size": 0, "raw_key_size": 613794, "raw_average_key_size": 55, "raw_value_size": 23026232, "raw_average_value_size": 2092, "num_data_blocks": 725, "num_entries": 11004, "num_deletions": 0, "num_merge_operands": 0, "num_range_deletions": 0, "format_version": 0, "fixed_key_len": 0, "filter_policy": "rocksdb.BuiltinBloomFilter", "column_family_name": "default", "column_family_id": 0, "comparator": "cockroach_comparator", "merge_operator": "cockroach_merge_operator", "prefix_extractor_name": "cockroach_prefix_extractor", "property_collectors": "[TimeBoundTblPropCollectorFactory,DeleteRangeTblPropCollectorFactory]", "compression": "Snappy", "compression_options": "window_bits=-14; level=32767; strategy=0; max_dict_bytes=0; zstd_max_train_bytes=0; enabled=0; ", "creation_time": 1575614012, "oldest_key_time": 0, "file_creation_time": 1575614014}}
I191206 06:33:35.520548 17 storage/engine/rocksdb.go:119  [db/compaction_job.cc:1334] [default] [JOB 7] Generated table #121: 2333 keys, 62600 bytes
I191206 06:33:35.520792 17 storage/engine/rocksdb.go:119  EVENT_LOG_v1 {"time_micros": 1575614015520183, "cf_name": "default", "job": 7, "event": "table_file_creation", "file_number": 121, "file_size": 62600, "table_properties": {"data_size": 61493, "index_size": 186, "index_partitions": 0, "top_level_index_size": 0, "index_key_is_user_key": 0, "index_value_is_delta_encoded": 0, "filter_size": 0, "raw_key_size": 72809, "raw_average_key_size": 31, "raw_value_size": 59602, "raw_average_value_size": 25, "num_data_blocks": 4, "num_entries": 2333, "num_deletions": 0, "num_merge_operands": 0, "num_range_deletions": 0, "format_version": 0, "fixed_key_len": 0, "filter_policy": "rocksdb.BuiltinBloomFilter", "column_family_name": "default", "column_family_id": 0, "comparator": "cockroach_comparator", "merge_operator": "cockroach_merge_operator", "prefix_extractor_name": "cockroach_prefix_extractor", "property_collectors": "[TimeBoundTblPropCollectorFactory,DeleteRangeTblPropCollectorFactory]", "compression": "Snappy", "compression_options": "window_bits=-14; level=32767; strategy=0; max_dict_bytes=0; zstd_max_train_bytes=0; enabled=0; ", "creation_time": 1575614012, "oldest_key_time": 0, "file_creation_time": 1575614015}}
I191206 06:33:35.577618 17 storage/engine/rocksdb.go:119  [db/compaction_job.cc:1397] [default] [JOB 7] Compacted 2@0 + 2@6 files to L6 => 8512055 bytes
I191206 06:33:35.620936 17 storage/engine/rocksdb.go:119  (Original Log Time 2019/12/06-13:33:35.620380) [db/compaction_job.cc:770] [default] compacted to: base level 6 level multiplier 10.00 max bytes base 67108864 files[0 0 0 0 0 0 3] max score 0.00, MB/sec: 4.2 rd, 4.1 wr, level 6, files in(2, 2) out(3) MB in(0.8, 7.6) out(8.1), read-write-amplify(20.6) write-amplify(10.1) OK, records in: 44331, records dropped: 13996 output_compression: Snappy
I191206 06:33:35.621008 17 storage/engine/rocksdb.go:119  (Original Log Time 2019/12/06-13:33:35.620380) EVENT_LOG_v1 {"time_micros": 1575614015620380, "job": 7, "event": "compaction_finished", "compaction_time_micros": 2098379, "compaction_time_cpu_micros": 0, "output_level": 6, "num_output_files": 3, "total_output_size": 8512055, "num_input_records": 43003, "num_output_records": 29007, "num_subcompactions": 1, "output_compression": "Snappy", "num_single_delete_mismatches": 0, "num_single_delete_fallthrough": 0, "lsm_state": [0, 0, 0, 0, 0, 0, 3]}
I191206 06:33:35.654230 17 storage/engine/rocksdb.go:119  EVENT_LOG_v1 {"time_micros": 1575614015653731, "job": 7, "event": "table_file_deletion", "file_number": 118}
I191206 06:33:35.655411 17 storage/engine/rocksdb.go:119  EVENT_LOG_v1 {"time_micros": 1575614015654725, "job": 7, "event": "table_file_deletion", "file_number": 116}
I191206 06:33:35.657266 17 storage/engine/rocksdb.go:119  EVENT_LOG_v1 {"time_micros": 1575614015656722, "job": 7, "event": "table_file_deletion", "file_number": 114}
I191206 06:33:35.659350 17 storage/engine/rocksdb.go:119  EVENT_LOG_v1 {"time_micros": 1575614015658721, "job": 7, "event": "table_file_deletion", "file_number": 113}
I191206 07:23:51.864330 104 storage/engine/rocksdb.go:119  [db/db_impl_open.cc:1125] reusing log 115 from recycle list
I191206 07:23:51.876714 104 storage/engine/rocksdb.go:119  [db/db_impl_write.cc:1437] [default] New memtable created with log file: #122. Immutable memtables: 0.
I191206 07:23:51.880026 17 storage/engine/rocksdb.go:119  (Original Log Time 2019/12/06-14:23:51.878884) [db/db_impl_compaction_flush.cc:2097] Calling FlushMemTableToOutputFile with column family [default], flush slots available 1, compaction slots available 1, flush slots scheduled 1, compaction slots scheduled 0
I191206 07:23:51.880167 17 storage/engine/rocksdb.go:119  [db/flush_job.cc:322] [default] [JOB 8] Flushing memtable with next log file: 122
I191206 07:23:51.880654 17 storage/engine/rocksdb.go:119  EVENT_LOG_v1 {"time_micros": 1575617031879883, "job": 8, "event": "flush_started", "num_memtables": 1, "num_entries": 215006, "num_deletes": 6326, "total_data_size": 61026593, "memory_usage": 65020984, "flush_reason": "Write Buffer Full"}
I191206 07:23:51.880709 17 storage/engine/rocksdb.go:119  [db/flush_job.cc:351] [default] [JOB 8] Level-0 flush table #123: started
I191206 07:23:53.173960 17 storage/engine/rocksdb.go:119  EVENT_LOG_v1 {"time_micros": 1575617033173203, "cf_name": "default", "job": 8, "event": "table_file_creation", "file_number": 123, "file_size": 404996, "table_properties": {"data_size": 392108, "index_size": 4566, "index_partitions": 0, "top_level_index_size": 0, "index_key_is_user_key": 0, "index_value_is_delta_encoded": 0, "filter_size": 9413, "raw_key_size": 262880, "raw_average_key_size": 30, "raw_value_size": 2148104, "raw_average_value_size": 252, "num_data_blocks": 70, "num_entries": 8515, "num_deletions": 6177, "num_merge_operands": 1328, "num_range_deletions": 1328, "format_version": 0, "fixed_key_len": 0, "filter_policy": "rocksdb.BuiltinBloomFilter", "column_family_name": "default", "column_family_id": 0, "comparator": "cockroach_comparator", "merge_operator": "cockroach_merge_operator", "prefix_extractor_name": "cockroach_prefix_extractor", "property_collectors": "[TimeBoundTblPropCollectorFactory,DeleteRangeTblPropCollectorFactory]", "compression": "Snappy", "compression_options": "window_bits=-14; level=32767; strategy=0; max_dict_bytes=0; zstd_max_train_bytes=0; enabled=0; ", "creation_time": 1575617031, "oldest_key_time": 1575614012, "file_creation_time": 1575617031}}
I191206 07:23:53.174015 17 storage/engine/rocksdb.go:119  [db/flush_job.cc:392] [default] [JOB 8] Level-0 flush table #123: 404996 bytes OK
I191206 07:23:53.318619 17 storage/engine/rocksdb.go:119  [db/db_impl_files.cc:194] adding log 117 to recycle list
I191206 07:23:53.318716 17 storage/engine/rocksdb.go:119  (Original Log Time 2019/12/06-14:23:53.173203) [db/memtable_list.cc:386] [default] Level-0 commit table #123 started
I191206 07:23:53.318758 17 storage/engine/rocksdb.go:119  (Original Log Time 2019/12/06-14:23:53.317630) [db/memtable_list.cc:434] [default] Level-0 commit table #123: memtable #1 done
I191206 07:23:53.318795 17 storage/engine/rocksdb.go:119  (Original Log Time 2019/12/06-14:23:53.317630) EVENT_LOG_v1 {"time_micros": 1575617033317630, "job": 8, "event": "flush_finished", "output_compression": "Snappy", "lsm_state": [1, 0, 0, 0, 0, 0, 3], "immutable_memtables": 0}
I191206 07:23:53.318854 17 storage/engine/rocksdb.go:119  (Original Log Time 2019/12/06-14:23:53.317630) [db/db_impl_compaction_flush.cc:208] [default] Level summary: base level 6 level multiplier 10.00 max bytes base 67108864 files[1 0 0 0 0 0 3] max score 0.50
I191206 08:09:21.955283 104 storage/engine/rocksdb.go:119  [db/db_impl_open.cc:1125] reusing log 117 from recycle list
I191206 08:09:21.964354 104 storage/engine/rocksdb.go:119  [db/db_impl_write.cc:1437] [default] New memtable created with log file: #124. Immutable memtables: 0.
I191206 08:09:21.965271 17 storage/engine/rocksdb.go:119  (Original Log Time 2019/12/06-15:09:21.964423) [db/db_impl_compaction_flush.cc:2097] Calling FlushMemTableToOutputFile with column family [default], flush slots available 1, compaction slots available 1, flush slots scheduled 1, compaction slots scheduled 0
I191206 08:09:21.965350 17 storage/engine/rocksdb.go:119  [db/flush_job.cc:322] [default] [JOB 9] Flushing memtable with next log file: 124
I191206 08:09:21.965586 17 storage/engine/rocksdb.go:119  EVENT_LOG_v1 {"time_micros": 1575619761965421, "job": 9, "event": "flush_started", "num_memtables": 1, "num_entries": 216573, "num_deletes": 6972, "total_data_size": 61055890, "memory_usage": 65075256, "flush_reason": "Write Buffer Full"}
I191206 08:09:21.965656 17 storage/engine/rocksdb.go:119  [db/flush_job.cc:351] [default] [JOB 9] Level-0 flush table #125: started
I191206 08:09:23.193353 17 storage/engine/rocksdb.go:119  EVENT_LOG_v1 {"time_micros": 1575619763193122, "cf_name": "default", "job": 9, "event": "table_file_creation", "file_number": 125, "file_size": 438189, "table_properties": {"data_size": 424388, "index_size": 4875, "index_partitions": 0, "top_level_index_size": 0, "index_key_is_user_key": 0, "index_value_is_delta_encoded": 0, "filter_size": 10181, "raw_key_size": 284752, "raw_average_key_size": 30, "raw_value_size": 2298316, "raw_average_value_size": 246, "num_data_blocks": 76, "num_entries": 9321, "num_deletions": 6828, "num_merge_operands": 1328, "num_range_deletions": 1328, "format_version": 0, "fixed_key_len": 0, "filter_policy": "rocksdb.BuiltinBloomFilter", "column_family_name": "default", "column_family_id": 0, "comparator": "cockroach_comparator", "merge_operator": "cockroach_merge_operator", "prefix_extractor_name": "cockroach_prefix_extractor", "property_collectors": "[TimeBoundTblPropCollectorFactory,DeleteRangeTblPropCollectorFactory]", "compression": "Snappy", "compression_options": "window_bits=-14; level=32767; strategy=0; max_dict_bytes=0; zstd_max_train_bytes=0; enabled=0; ", "creation_time": 1575619761, "oldest_key_time": 1575617032, "file_creation_time": 1575619761}}
I191206 08:09:23.193423 17 storage/engine/rocksdb.go:119  [db/flush_job.cc:392] [default] [JOB 9] Level-0 flush table #125: 438189 bytes OK
I191206 08:09:23.232741 17 storage/engine/rocksdb.go:119  [db/db_impl_files.cc:194] adding log 122 to recycle list
I191206 08:09:23.232842 17 storage/engine/rocksdb.go:119  (Original Log Time 2019/12/06-15:09:23.193122) [db/memtable_list.cc:386] [default] Level-0 commit table #125 started
I191206 08:09:23.232906 17 storage/engine/rocksdb.go:119  (Original Log Time 2019/12/06-15:09:23.231369) [db/memtable_list.cc:434] [default] Level-0 commit table #125: memtable #1 done
I191206 08:09:23.232977 17 storage/engine/rocksdb.go:119  (Original Log Time 2019/12/06-15:09:23.231369) EVENT_LOG_v1 {"time_micros": 1575619763231369, "job": 9, "event": "flush_finished", "output_compression": "Snappy", "lsm_state": [2, 0, 0, 0, 0, 0, 3], "immutable_memtables": 0}
I191206 08:09:23.233055 17 storage/engine/rocksdb.go:119  (Original Log Time 2019/12/06-15:09:23.232334) [db/db_impl_compaction_flush.cc:208] [default] Level summary: base level 6 level multiplier 10.00 max bytes base 67108864 files[2 0 0 0 0 0 3] max score 1.00
I191206 08:09:23.237086 17 storage/engine/rocksdb.go:119  [db/compaction_job.cc:1647] [default] [JOB 10] Compacting 2@0 + 3@6 files to L6, score 1.00
I191206 08:09:23.237174 17 storage/engine/rocksdb.go:119  [db/compaction_job.cc:1651] [default] Compaction start summary: Base version 9 Base level 0, inputs: [125(427KB) 123(395KB)], [119(4138KB) 120(4112KB) 121(61KB)]
I191206 08:09:23.237792 17 storage/engine/rocksdb.go:119  EVENT_LOG_v1 {"time_micros": 1575619763236330, "job": 10, "event": "compaction_started", "compaction_reason": "LevelL0FilesNum", "files_L0": [125, 123], "files_L6": [119, 120, 121], "score": 1, "input_data_size": 9355240}
I191206 08:09:23.750792 17 storage/engine/rocksdb.go:119  [db/compaction_job.cc:1334] [default] [JOB 10] Generated table #126: 16363 keys, 4219391 bytes
I191206 08:09:23.751244 17 storage/engine/rocksdb.go:119  EVENT_LOG_v1 {"time_micros": 1575619763749946, "cf_name": "default", "job": 10, "event": "table_file_creation", "file_number": 126, "file_size": 4219391, "table_properties": {"data_size": 4200102, "index_size": 69402, "index_partitions": 0, "top_level_index_size": 0, "index_key_is_user_key": 0, "index_value_is_delta_encoded": 0, "filter_size": 0, "raw_key_size": 871578, "raw_average_key_size": 53, "raw_value_size": 31059890, "raw_average_value_size": 1898, "num_data_blocks": 1004, "num_entries": 16363, "num_deletions": 0, "num_merge_operands": 0, "num_range_deletions": 0, "format_version": 0, "fixed_key_len": 0, "filter_policy": "rocksdb.BuiltinBloomFilter", "column_family_name": "default", "column_family_id": 0, "comparator": "cockroach_comparator", "merge_operator": "cockroach_merge_operator", "prefix_extractor_name": "cockroach_prefix_extractor", "property_collectors": "[TimeBoundTblPropCollectorFactory,DeleteRangeTblPropCollectorFactory]", "compression": "Snappy", "compression_options": "window_bits=-14; level=32767; strategy=0; max_dict_bytes=0; zstd_max_train_bytes=0; enabled=0; ", "creation_time": 1575619761, "oldest_key_time": 0, "file_creation_time": 1575619763}}
I191206 08:09:24.478130 17 storage/engine/rocksdb.go:119  [db/compaction_job.cc:1334] [default] [JOB 10] Generated table #127: 9897 keys, 4210244 bytes
I191206 08:09:24.478401 17 storage/engine/rocksdb.go:119  EVENT_LOG_v1 {"time_micros": 1575619764478168, "cf_name": "default", "job": 10, "event": "table_file_creation", "file_number": 127, "file_size": 4210244, "table_properties": {"data_size": 4195976, "index_size": 46331, "index_partitions": 0, "top_level_index_size": 0, "index_key_is_user_key": 0, "index_value_is_delta_encoded": 0, "filter_size": 0, "raw_key_size": 548219, "raw_average_key_size": 55, "raw_value_size": 21006533, "raw_average_value_size": 2122, "num_data_blocks": 681, "num_entries": 9897, "num_deletions": 0, "num_merge_operands": 0, "num_range_deletions": 0, "format_version": 0, "fixed_key_len": 0, "filter_policy": "rocksdb.BuiltinBloomFilter", "column_family_name": "default", "column_family_id": 0, "comparator": "cockroach_comparator", "merge_operator": "cockroach_merge_operator", "prefix_extractor_name": "cockroach_prefix_extractor", "property_collectors": "[TimeBoundTblPropCollectorFactory,DeleteRangeTblPropCollectorFactory]", "compression": "Snappy", "compression_options": "window_bits=-14; level=32767; strategy=0; max_dict_bytes=0; zstd_max_train_bytes=0; enabled=0; ", "creation_time": 1575619761, "oldest_key_time": 0, "file_creation_time": 1575619763}}
I191206 08:09:24.763227 17 storage/engine/rocksdb.go:119  [db/compaction_job.cc:1334] [default] [JOB 10] Generated table #128: 5160 keys, 770208 bytes
I191206 08:09:24.763517 17 storage/engine/rocksdb.go:119  EVENT_LOG_v1 {"time_micros": 1575619764762567, "cf_name": "default", "job": 10, "event": "table_file_creation", "file_number": 128, "file_size": 770208, "table_properties": {"data_size": 765992, "index_size": 11024, "index_partitions": 0, "top_level_index_size": 0, "index_key_is_user_key": 0, "index_value_is_delta_encoded": 0, "filter_size": 0, "raw_key_size": 219355, "raw_average_key_size": 42, "raw_value_size": 4892566, "raw_average_value_size": 948, "num_data_blocks": 161, "num_entries": 5160, "num_deletions": 0, "num_merge_operands": 0, "num_range_deletions": 0, "format_version": 0, "fixed_key_len": 0, "filter_policy": "rocksdb.BuiltinBloomFilter", "column_family_name": "default", "column_family_id": 0, "comparator": "cockroach_comparator", "merge_operator": "cockroach_merge_operator", "prefix_extractor_name": "cockroach_prefix_extractor", "property_collectors": "[TimeBoundTblPropCollectorFactory,DeleteRangeTblPropCollectorFactory]", "compression": "Snappy", "compression_options": "window_bits=-14; level=32767; strategy=0; max_dict_bytes=0; zstd_max_train_bytes=0; enabled=0; ", "creation_time": 1575619761, "oldest_key_time": 0, "file_creation_time": 1575619764}}
I191206 08:09:24.766418 17 storage/engine/rocksdb.go:119  [db/compaction_job.cc:1397] [default] [JOB 10] Compacted 2@0 + 3@6 files to L6 => 9199843 bytes
I191206 08:09:24.844131 17 storage/engine/rocksdb.go:119  (Original Log Time 2019/12/06-15:09:24.843520) [db/compaction_job.cc:770] [default] compacted to: base level 6 level multiplier 10.00 max bytes base 67108864 files[0 0 0 0 0 0 3] max score 0.00, MB/sec: 6.1 rd, 6.0 wr, level 6, files in(2, 3) out(3) MB in(0.8, 8.1) out(8.8), read-write-amplify(22.0) write-amplify(10.9) OK, records in: 46843, records dropped: 14095 output_compression: Snappy
I191206 08:09:24.844231 17 storage/engine/rocksdb.go:119  (Original Log Time 2019/12/06-15:09:24.843520) EVENT_LOG_v1 {"time_micros": 1575619764843520, "job": 10, "event": "compaction_finished", "compaction_time_micros": 1526064, "compaction_time_cpu_micros": 0, "output_level": 6, "num_output_files": 3, "total_output_size": 9199843, "num_input_records": 45515, "num_output_records": 31420, "num_subcompactions": 1, "output_compression": "Snappy", "num_single_delete_mismatches": 0, "num_single_delete_fallthrough": 0, "lsm_state": [0, 0, 0, 0, 0, 0, 3]}
I191206 08:09:24.845388 17 storage/engine/rocksdb.go:119  EVENT_LOG_v1 {"time_micros": 1575619764844529, "job": 10, "event": "table_file_deletion", "file_number": 125}
I191206 08:09:24.846329 17 storage/engine/rocksdb.go:119  EVENT_LOG_v1 {"time_micros": 1575619764845527, "job": 10, "event": "table_file_deletion", "file_number": 123}
I191206 08:09:24.847030 17 storage/engine/rocksdb.go:119  EVENT_LOG_v1 {"time_micros": 1575619764846526, "job": 10, "event": "table_file_deletion", "file_number": 121}
I191206 08:09:24.849282 17 storage/engine/rocksdb.go:119  EVENT_LOG_v1 {"time_micros": 1575619764848525, "job": 10, "event": "table_file_deletion", "file_number": 120}
I191206 08:09:24.851728 17 storage/engine/rocksdb.go:119  EVENT_LOG_v1 {"time_micros": 1575619764851523, "job": 10, "event": "table_file_deletion", "file_number": 119}
