I191202 13:14:21.224844 27 util/log/clog.go:1196  [config] file created at: 2019/12/02 13:14:21
I191202 13:14:21.224844 27 util/log/clog.go:1196  [config] running on machine: DESKTOP-U6UPKGJ
I191202 13:14:21.224844 27 util/log/clog.go:1196  [config] binary: CockroachDB CCL v19.2.0 (x86_64-w64-mingw32, built 2019/11/12 05:23:23, go1.12.12)
I191202 13:14:21.224844 27 util/log/clog.go:1196  [config] arguments: [cockroach start-single-node --insecure]
I191202 13:14:21.224844 27 util/log/clog.go:1196  line format: [IWEF]yymmdd hh:mm:ss.uuuuuu goid file:line msg utf8=✓
I191202 13:14:21.224838 27 storage/engine/rocksdb.go:119  RocksDB version: 6.2.1
I191202 13:14:21.229160 27 storage/engine/rocksdb.go:119  Git sha rocksdb_build_git_sha:@@
I191202 13:14:21.229891 27 storage/engine/rocksdb.go:119  Compile date Nov 12 2019
I191202 13:14:21.229991 27 storage/engine/rocksdb.go:119  DB SUMMARY
I191202 13:14:21.230386 27 storage/engine/rocksdb.go:119  SST files in E:\Praxis-Bootcamp\pertemuan\minggu-5\micronaut-crud\databases\cockroach-data\cockroach-temp737081035 dir, Total Num: 0, files: 
I191202 13:14:21.230428 27 storage/engine/rocksdb.go:119  Write Ahead Log file in E:\Praxis-Bootcamp\pertemuan\minggu-5\micronaut-crud\databases\cockroach-data\cockroach-temp737081035: 
I191202 13:14:21.230456 27 storage/engine/rocksdb.go:119                          Options.error_if_exists: 0
I191202 13:14:21.230480 27 storage/engine/rocksdb.go:119                        Options.create_if_missing: 1
I191202 13:14:21.230503 27 storage/engine/rocksdb.go:119                          Options.paranoid_checks: 1
I191202 13:14:21.230537 27 storage/engine/rocksdb.go:119                                      Options.env: 00000000001cb280
I191202 13:14:21.230563 27 storage/engine/rocksdb.go:119                                 Options.info_log: 0000000011d9e460
I191202 13:14:21.230585 27 storage/engine/rocksdb.go:119                 Options.max_file_opening_threads: 16
I191202 13:14:21.230608 27 storage/engine/rocksdb.go:119                               Options.statistics: 00000000001da6b0
I191202 13:14:21.230630 27 storage/engine/rocksdb.go:119                                Options.use_fsync: 0
I191202 13:14:21.230652 27 storage/engine/rocksdb.go:119                        Options.max_log_file_size: 0
I191202 13:14:21.230675 27 storage/engine/rocksdb.go:119                   Options.max_manifest_file_size: 134217728
I191202 13:14:21.230697 27 storage/engine/rocksdb.go:119                    Options.log_file_time_to_roll: 0
I191202 13:14:21.230719 27 storage/engine/rocksdb.go:119                        Options.keep_log_file_num: 1000
I191202 13:14:21.230742 27 storage/engine/rocksdb.go:119                     Options.recycle_log_file_num: 1
I191202 13:14:21.230763 27 storage/engine/rocksdb.go:119                          Options.allow_fallocate: 1
I191202 13:14:21.230785 27 storage/engine/rocksdb.go:119                         Options.allow_mmap_reads: 0
I191202 13:14:21.230807 27 storage/engine/rocksdb.go:119                        Options.allow_mmap_writes: 0
I191202 13:14:21.230829 27 storage/engine/rocksdb.go:119                         Options.use_direct_reads: 0
I191202 13:14:21.230850 27 storage/engine/rocksdb.go:119                         Options.use_direct_io_for_flush_and_compaction: 0
I191202 13:14:21.230878 27 storage/engine/rocksdb.go:119           Options.create_missing_column_families: 0
I191202 13:14:21.230900 27 storage/engine/rocksdb.go:119                               Options.db_log_dir: 
I191202 13:14:21.230963 27 storage/engine/rocksdb.go:119                                  Options.wal_dir: E:\Praxis-Bootcamp\pertemuan\minggu-5\micronaut-crud\databases\cockroach-data\cockroach-temp737081035
I191202 13:14:21.230994 27 storage/engine/rocksdb.go:119                 Options.table_cache_numshardbits: 6
I191202 13:14:21.231018 27 storage/engine/rocksdb.go:119                       Options.max_subcompactions: 1
I191202 13:14:21.231041 27 storage/engine/rocksdb.go:119                   Options.max_background_flushes: -1
I191202 13:14:21.231063 27 storage/engine/rocksdb.go:119                          Options.WAL_ttl_seconds: 0
I191202 13:14:21.231086 27 storage/engine/rocksdb.go:119                        Options.WAL_size_limit_MB: 0
I191202 13:14:21.231108 27 storage/engine/rocksdb.go:119              Options.manifest_preallocation_size: 4194304
I191202 13:14:21.231130 27 storage/engine/rocksdb.go:119                      Options.is_fd_close_on_exec: 1
I191202 13:14:21.231152 27 storage/engine/rocksdb.go:119                    Options.advise_random_on_open: 1
I191202 13:14:21.231174 27 storage/engine/rocksdb.go:119                     Options.db_write_buffer_size: 0
I191202 13:14:21.231205 27 storage/engine/rocksdb.go:119                     Options.write_buffer_manager: 00000000001f62e0
I191202 13:14:21.231226 27 storage/engine/rocksdb.go:119          Options.access_hint_on_compaction_start: 1
I191202 13:14:21.231249 27 storage/engine/rocksdb.go:119   Options.new_table_reader_for_compaction_inputs: 0
I191202 13:14:21.231271 27 storage/engine/rocksdb.go:119            Options.random_access_max_buffer_size: 1048576
I191202 13:14:21.231293 27 storage/engine/rocksdb.go:119                       Options.use_adaptive_mutex: 0
I191202 13:14:21.231315 27 storage/engine/rocksdb.go:119                             Options.rate_limiter: 0000000000000000
I191202 13:14:21.231356 27 storage/engine/rocksdb.go:119      Options.sst_file_manager.rate_bytes_per_sec: 0
I191202 13:14:21.231385 27 storage/engine/rocksdb.go:119                        Options.wal_recovery_mode: 0
I191202 13:14:21.231408 27 storage/engine/rocksdb.go:119                   Options.enable_thread_tracking: 0
I191202 13:14:21.231429 27 storage/engine/rocksdb.go:119                   Options.enable_pipelined_write: 0
I191202 13:14:21.231452 27 storage/engine/rocksdb.go:119          Options.allow_concurrent_memtable_write: 1
I191202 13:14:21.231486 27 storage/engine/rocksdb.go:119       Options.enable_write_thread_adaptive_yield: 1
I191202 13:14:21.231510 27 storage/engine/rocksdb.go:119              Options.write_thread_max_yield_usec: 100
I191202 13:14:21.231533 27 storage/engine/rocksdb.go:119             Options.write_thread_slow_yield_usec: 3
I191202 13:14:21.231583 27 storage/engine/rocksdb.go:119                                Options.row_cache: None
I191202 13:14:21.231608 27 storage/engine/rocksdb.go:119                               Options.wal_filter: None
I191202 13:14:21.231630 27 storage/engine/rocksdb.go:119              Options.avoid_flush_during_recovery: 0
I191202 13:14:21.231674 27 storage/engine/rocksdb.go:119              Options.allow_ingest_behind: 0
I191202 13:14:21.231697 27 storage/engine/rocksdb.go:119              Options.preserve_deletes: 0
I191202 13:14:21.231719 27 storage/engine/rocksdb.go:119              Options.two_write_queues: 0
I191202 13:14:21.231741 27 storage/engine/rocksdb.go:119              Options.manual_wal_flush: 1
I191202 13:14:21.231763 27 storage/engine/rocksdb.go:119              Options.atomic_flush: 0
I191202 13:14:21.231785 27 storage/engine/rocksdb.go:119              Options.avoid_unnecessary_blocking_io: 0
I191202 13:14:21.231807 27 storage/engine/rocksdb.go:119              Options.max_background_jobs: 4
I191202 13:14:21.231829 27 storage/engine/rocksdb.go:119              Options.max_background_compactions: -1
I191202 13:14:21.231850 27 storage/engine/rocksdb.go:119              Options.avoid_flush_during_shutdown: 0
I191202 13:14:21.231872 27 storage/engine/rocksdb.go:119            Options.writable_file_max_buffer_size: 1048576
I191202 13:14:21.231894 27 storage/engine/rocksdb.go:119              Options.delayed_write_rate : 16777216
I191202 13:14:21.231916 27 storage/engine/rocksdb.go:119              Options.max_total_wal_size: 0
I191202 13:14:21.231958 27 storage/engine/rocksdb.go:119              Options.delete_obsolete_files_period_micros: 21600000000
I191202 13:14:21.231985 27 storage/engine/rocksdb.go:119                    Options.stats_dump_period_sec: 0
I191202 13:14:21.232008 27 storage/engine/rocksdb.go:119                  Options.stats_persist_period_sec: 600
I191202 13:14:21.232032 27 storage/engine/rocksdb.go:119                  Options.stats_history_buffer_size: 1048576
I191202 13:14:21.232054 27 storage/engine/rocksdb.go:119                           Options.max_open_files: 128
I191202 13:14:21.232090 27 storage/engine/rocksdb.go:119                           Options.bytes_per_sync: 524288
I191202 13:14:21.232113 27 storage/engine/rocksdb.go:119                       Options.wal_bytes_per_sync: 0
I191202 13:14:21.232136 27 storage/engine/rocksdb.go:119                    Options.strict_bytes_per_sync: 1
I191202 13:14:21.232163 27 storage/engine/rocksdb.go:119        Options.compaction_readahead_size: 0
I191202 13:14:21.232185 27 storage/engine/rocksdb.go:119  Compression algorithms supported:
I191202 13:14:21.232210 27 storage/engine/rocksdb.go:119  	kZSTDNotFinalCompression supported: 0
I191202 13:14:21.232232 27 storage/engine/rocksdb.go:119  	kZSTD supported: 0
I191202 13:14:21.232254 27 storage/engine/rocksdb.go:119  	kXpressCompression supported: 0
I191202 13:14:21.232276 27 storage/engine/rocksdb.go:119  	kLZ4HCCompression supported: 0
I191202 13:14:21.232297 27 storage/engine/rocksdb.go:119  	kLZ4Compression supported: 0
I191202 13:14:21.232319 27 storage/engine/rocksdb.go:119  	kBZip2Compression supported: 0
I191202 13:14:21.232341 27 storage/engine/rocksdb.go:119  	kZlibCompression supported: 0
I191202 13:14:21.232363 27 storage/engine/rocksdb.go:119  	kSnappyCompression supported: 1
I191202 13:14:21.232503 27 storage/engine/rocksdb.go:119  Fast CRC32 supported: Supported on x86
I191202 13:14:21.268288 27 storage/engine/rocksdb.go:119  [db/db_impl_open.cc:242] Creating manifest 1 
I191202 13:14:21.828222 27 storage/engine/rocksdb.go:119  [db/version_set.cc:4072] Recovering from manifest file: E:\Praxis-Bootcamp\pertemuan\minggu-5\micronaut-crud\databases\cockroach-data\cockroach-temp737081035/MANIFEST-000001
I191202 13:14:21.859198 27 storage/engine/rocksdb.go:119  [db/column_family.cc:488] --------------- Options for column family [default]:
I191202 13:14:21.859215 27 storage/engine/rocksdb.go:119                Options.comparator: cockroach_comparator
I191202 13:14:21.867836 27 storage/engine/rocksdb.go:119            Options.merge_operator: cockroach_merge_operator
I191202 13:14:21.867850 27 storage/engine/rocksdb.go:119         Options.compaction_filter: None
I191202 13:14:21.867859 27 storage/engine/rocksdb.go:119         Options.compaction_filter_factory: None
I191202 13:14:21.867869 27 storage/engine/rocksdb.go:119          Options.memtable_factory: SkipListFactory
I191202 13:14:21.867877 27 storage/engine/rocksdb.go:119             Options.table_factory: BlockBasedTable
I191202 13:14:21.868017 27 storage/engine/rocksdb.go:119             table_factory options:   flush_block_policy_factory: FlushBlockBySizePolicyFactory (00000000001ad048)
  cache_index_and_filter_blocks: 0
  cache_index_and_filter_blocks_with_high_priority: 0
  pin_l0_filter_and_index_blocks_in_cache: 0
  pin_top_level_index_and_filter: 1
  index_type: 0
  data_block_index_type: 0
  index_shortening: 1
  data_block_hash_table_util_ratio: 0.750000
  hash_index_allow_collision: 1
  checksum: 1
  no_block_cache: 0
  block_cache: 0000000011d9b370
  block_cache_name: LRUCache
  block_cache_options:
    capacity : 1048576
    num_shard_bits : 4
    strict_capacity_limit : 0
    memory_allocator : None
    high_pri_pool_ratio: 0.000
  block_cache_compressed: 0000000000000000
  persistent_cache: 0000000000000000
  block_size: 32768
  block_size_deviation: 10
  block_restart_interval: 16
  index_block_restart_interval: 1
  metadata_block_size: 4096
  partition_filters: 0
  use_delta_encoding: 1
  filter_policy: rocksdb.BuiltinBloomFilter
  whole_key_filtering: 0
  verify_compression: 0
  read_amp_bytes_per_bit: 0
  format_version: 2
  enable_index_compression: 1
  block_align: 0
I191202 13:14:21.868034 27 storage/engine/rocksdb.go:119         Options.write_buffer_size: 67108864
I191202 13:14:21.868044 27 storage/engine/rocksdb.go:119   Options.max_write_buffer_number: 4
I191202 13:14:21.868053 27 storage/engine/rocksdb.go:119           Options.compression: Snappy
I191202 13:14:21.868065 27 storage/engine/rocksdb.go:119                   Options.bottommost_compression: Disabled
I191202 13:14:21.868074 27 storage/engine/rocksdb.go:119        Options.prefix_extractor: cockroach_prefix_extractor
I191202 13:14:21.868082 27 storage/engine/rocksdb.go:119    Options.memtable_insert_with_hint_prefix_extractor: nullptr
I191202 13:14:21.868090 27 storage/engine/rocksdb.go:119              Options.num_levels: 7
I191202 13:14:21.868098 27 storage/engine/rocksdb.go:119         Options.min_write_buffer_number_to_merge: 1
I191202 13:14:21.868108 27 storage/engine/rocksdb.go:119      Options.max_write_buffer_number_to_maintain: 0
I191202 13:14:21.868120 27 storage/engine/rocksdb.go:119             Options.bottommost_compression_opts.window_bits: -14
I191202 13:14:21.868129 27 storage/engine/rocksdb.go:119                   Options.bottommost_compression_opts.level: 32767
I191202 13:14:21.868137 27 storage/engine/rocksdb.go:119                Options.bottommost_compression_opts.strategy: 0
I191202 13:14:21.868145 27 storage/engine/rocksdb.go:119          Options.bottommost_compression_opts.max_dict_bytes: 0
I191202 13:14:21.868154 27 storage/engine/rocksdb.go:119          Options.bottommost_compression_opts.zstd_max_train_bytes: 0
I191202 13:14:21.868162 27 storage/engine/rocksdb.go:119                   Options.bottommost_compression_opts.enabled: false
I191202 13:14:21.868170 27 storage/engine/rocksdb.go:119             Options.compression_opts.window_bits: -14
I191202 13:14:21.868178 27 storage/engine/rocksdb.go:119                   Options.compression_opts.level: 32767
I191202 13:14:21.868186 27 storage/engine/rocksdb.go:119                Options.compression_opts.strategy: 0
I191202 13:14:21.868194 27 storage/engine/rocksdb.go:119          Options.compression_opts.max_dict_bytes: 0
I191202 13:14:21.868202 27 storage/engine/rocksdb.go:119          Options.compression_opts.zstd_max_train_bytes: 0
I191202 13:14:21.868210 27 storage/engine/rocksdb.go:119                   Options.compression_opts.enabled: false
I191202 13:14:21.868218 27 storage/engine/rocksdb.go:119       Options.level0_file_num_compaction_trigger: 2
I191202 13:14:21.868228 27 storage/engine/rocksdb.go:119           Options.level0_slowdown_writes_trigger: 950
I191202 13:14:21.868236 27 storage/engine/rocksdb.go:119               Options.level0_stop_writes_trigger: 1000
I191202 13:14:21.868244 27 storage/engine/rocksdb.go:119                    Options.target_file_size_base: 4194304
I191202 13:14:21.868252 27 storage/engine/rocksdb.go:119              Options.target_file_size_multiplier: 2
I191202 13:14:21.868260 27 storage/engine/rocksdb.go:119                 Options.max_bytes_for_level_base: 67108864
I191202 13:14:21.868268 27 storage/engine/rocksdb.go:119  Options.level_compaction_dynamic_level_bytes: 1
I191202 13:14:21.868278 27 storage/engine/rocksdb.go:119           Options.max_bytes_for_level_multiplier: 10.000000
I191202 13:14:21.868286 27 storage/engine/rocksdb.go:119  Options.max_bytes_for_level_multiplier_addtl[0]: 1
I191202 13:14:21.868294 27 storage/engine/rocksdb.go:119  Options.max_bytes_for_level_multiplier_addtl[1]: 1
I191202 13:14:21.868302 27 storage/engine/rocksdb.go:119  Options.max_bytes_for_level_multiplier_addtl[2]: 1
I191202 13:14:21.868310 27 storage/engine/rocksdb.go:119  Options.max_bytes_for_level_multiplier_addtl[3]: 1
I191202 13:14:21.868318 27 storage/engine/rocksdb.go:119  Options.max_bytes_for_level_multiplier_addtl[4]: 1
I191202 13:14:21.868326 27 storage/engine/rocksdb.go:119  Options.max_bytes_for_level_multiplier_addtl[5]: 1
I191202 13:14:21.868334 27 storage/engine/rocksdb.go:119  Options.max_bytes_for_level_multiplier_addtl[6]: 1
I191202 13:14:21.868342 27 storage/engine/rocksdb.go:119        Options.max_sequential_skip_in_iterations: 8
I191202 13:14:21.868350 27 storage/engine/rocksdb.go:119                     Options.max_compaction_bytes: 104857600
I191202 13:14:21.868358 27 storage/engine/rocksdb.go:119                         Options.arena_block_size: 8388608
I191202 13:14:21.868366 27 storage/engine/rocksdb.go:119    Options.soft_pending_compaction_bytes_limit: 2199023255552
I191202 13:14:21.868379 27 storage/engine/rocksdb.go:119    Options.hard_pending_compaction_bytes_limit: 4400193994752
I191202 13:14:21.868401 27 storage/engine/rocksdb.go:119        Options.rate_limit_delay_max_milliseconds: 100
I191202 13:14:21.868412 27 storage/engine/rocksdb.go:119                 Options.disable_auto_compactions: 0
I191202 13:14:21.868423 27 storage/engine/rocksdb.go:119                         Options.compaction_style: kCompactionStyleLevel
I191202 13:14:21.868437 27 storage/engine/rocksdb.go:119                           Options.compaction_pri: kMinOverlappingRatio
I191202 13:14:21.868450 27 storage/engine/rocksdb.go:119  Options.compaction_options_universal.size_ratio: 1
I191202 13:14:21.868458 27 storage/engine/rocksdb.go:119  Options.compaction_options_universal.min_merge_width: 2
I191202 13:14:21.868469 27 storage/engine/rocksdb.go:119  Options.compaction_options_universal.max_merge_width: 4294967295
I191202 13:14:21.868477 27 storage/engine/rocksdb.go:119  Options.compaction_options_universal.max_size_amplification_percent: 200
I191202 13:14:21.868486 27 storage/engine/rocksdb.go:119  Options.compaction_options_universal.compression_size_percent: -1
I191202 13:14:21.868495 27 storage/engine/rocksdb.go:119  Options.compaction_options_universal.stop_style: kCompactionStopStyleTotalSize
I191202 13:14:21.868504 27 storage/engine/rocksdb.go:119  Options.compaction_options_fifo.max_table_files_size: 1073741824
I191202 13:14:21.868511 27 storage/engine/rocksdb.go:119  Options.compaction_options_fifo.allow_compaction: 0
I191202 13:14:21.868536 27 storage/engine/rocksdb.go:119                    Options.table_properties_collectors: TimeBoundTblPropCollectorFactory; DeleteRangeTblPropCollectorFactory; 
I191202 13:14:21.868555 27 storage/engine/rocksdb.go:119                    Options.inplace_update_support: 0
I191202 13:14:21.868563 27 storage/engine/rocksdb.go:119                  Options.inplace_update_num_locks: 10000
I191202 13:14:21.868573 27 storage/engine/rocksdb.go:119                Options.memtable_prefix_bloom_size_ratio: 0.000000
I191202 13:14:21.868581 27 storage/engine/rocksdb.go:119                Options.memtable_whole_key_filtering: 0
I191202 13:14:21.868589 27 storage/engine/rocksdb.go:119    Options.memtable_huge_page_size: 0
I191202 13:14:21.868596 27 storage/engine/rocksdb.go:119                            Options.bloom_locality: 0
I191202 13:14:21.868604 27 storage/engine/rocksdb.go:119                     Options.max_successive_merges: 0
I191202 13:14:21.868612 27 storage/engine/rocksdb.go:119                 Options.optimize_filters_for_hits: 1
I191202 13:14:21.868620 27 storage/engine/rocksdb.go:119                 Options.paranoid_file_checks: 0
I191202 13:14:21.868628 27 storage/engine/rocksdb.go:119                 Options.force_consistency_checks: 0
I191202 13:14:21.868636 27 storage/engine/rocksdb.go:119                 Options.report_bg_io_stats: 0
I191202 13:14:21.868643 27 storage/engine/rocksdb.go:119                                Options.ttl: 0
I191202 13:14:21.868651 27 storage/engine/rocksdb.go:119           Options.periodic_compaction_seconds: 0
I191202 13:14:21.905385 27 storage/engine/rocksdb.go:119  [db/version_set.cc:4286] Recovered from manifest file:E:\Praxis-Bootcamp\pertemuan\minggu-5\micronaut-crud\databases\cockroach-data\cockroach-temp737081035/MANIFEST-000001 succeeded,manifest_file_number is 1, next_file_number is 3, last_sequence is 0, log_number is 0,prev_log_number is 0,max_column_family is 0,min_log_number_to_keep is 0
I191202 13:14:21.905411 27 storage/engine/rocksdb.go:119  [db/version_set.cc:4295] Column family [default] (ID 0), log number is 0
I191202 13:14:22.339929 27 storage/engine/rocksdb.go:119  DB pointer 0000000014d2c000
I191202 13:14:24.340274 27 storage/engine/rocksdb.go:119  RocksDB version: 6.2.1
I191202 13:14:24.340305 27 storage/engine/rocksdb.go:119  Git sha rocksdb_build_git_sha:@@
I191202 13:14:24.340324 27 storage/engine/rocksdb.go:119  Compile date Nov 12 2019
I191202 13:14:24.340339 27 storage/engine/rocksdb.go:119  DB SUMMARY
I191202 13:14:24.369129 27 storage/engine/rocksdb.go:119  CURRENT file:  CURRENT
I191202 13:14:24.369144 27 storage/engine/rocksdb.go:119  IDENTITY file:  IDENTITY
I191202 13:14:24.369353 27 storage/engine/rocksdb.go:119  MANIFEST file:  MANIFEST-000008 size: 106 Bytes
I191202 13:14:24.369368 27 storage/engine/rocksdb.go:119  SST files in E:\Praxis-Bootcamp\pertemuan\minggu-5\micronaut-crud\databases\cockroach-data dir, Total Num: 1, files: 000007.sst 
I191202 13:14:24.369378 27 storage/engine/rocksdb.go:119  Write Ahead Log file in E:\Praxis-Bootcamp\pertemuan\minggu-5\micronaut-crud\databases\cockroach-data: 000003.log size: 59997067 ; 000006.log size: 3352351 ; 
I191202 13:14:24.369390 27 storage/engine/rocksdb.go:119                          Options.error_if_exists: 0
I191202 13:14:24.369398 27 storage/engine/rocksdb.go:119                        Options.create_if_missing: 1
I191202 13:14:24.369406 27 storage/engine/rocksdb.go:119                          Options.paranoid_checks: 1
I191202 13:14:24.369414 27 storage/engine/rocksdb.go:119                                      Options.env: 00000000001cb280
I191202 13:14:24.369423 27 storage/engine/rocksdb.go:119                                 Options.info_log: 00000000140610c0
I191202 13:14:24.369433 27 storage/engine/rocksdb.go:119                 Options.max_file_opening_threads: 16
I191202 13:14:24.369442 27 storage/engine/rocksdb.go:119                               Options.statistics: 0000000014689010
I191202 13:14:24.369450 27 storage/engine/rocksdb.go:119                                Options.use_fsync: 0
I191202 13:14:24.369458 27 storage/engine/rocksdb.go:119                        Options.max_log_file_size: 0
I191202 13:14:24.369465 27 storage/engine/rocksdb.go:119                   Options.max_manifest_file_size: 134217728
I191202 13:14:24.369473 27 storage/engine/rocksdb.go:119                    Options.log_file_time_to_roll: 0
I191202 13:14:24.369481 27 storage/engine/rocksdb.go:119                        Options.keep_log_file_num: 1000
I191202 13:14:24.369489 27 storage/engine/rocksdb.go:119                     Options.recycle_log_file_num: 1
I191202 13:14:24.369497 27 storage/engine/rocksdb.go:119                          Options.allow_fallocate: 1
I191202 13:14:24.369505 27 storage/engine/rocksdb.go:119                         Options.allow_mmap_reads: 0
I191202 13:14:24.369513 27 storage/engine/rocksdb.go:119                        Options.allow_mmap_writes: 0
I191202 13:14:24.369521 27 storage/engine/rocksdb.go:119                         Options.use_direct_reads: 0
I191202 13:14:24.369528 27 storage/engine/rocksdb.go:119                         Options.use_direct_io_for_flush_and_compaction: 0
I191202 13:14:24.369536 27 storage/engine/rocksdb.go:119           Options.create_missing_column_families: 0
I191202 13:14:24.369544 27 storage/engine/rocksdb.go:119                               Options.db_log_dir: 
I191202 13:14:24.369552 27 storage/engine/rocksdb.go:119                                  Options.wal_dir: E:\Praxis-Bootcamp\pertemuan\minggu-5\micronaut-crud\databases\cockroach-data
I191202 13:14:24.369560 27 storage/engine/rocksdb.go:119                 Options.table_cache_numshardbits: 6
I191202 13:14:24.369568 27 storage/engine/rocksdb.go:119                       Options.max_subcompactions: 1
I191202 13:14:24.369576 27 storage/engine/rocksdb.go:119                   Options.max_background_flushes: -1
I191202 13:14:24.369584 27 storage/engine/rocksdb.go:119                          Options.WAL_ttl_seconds: 0
I191202 13:14:24.369591 27 storage/engine/rocksdb.go:119                        Options.WAL_size_limit_MB: 0
I191202 13:14:24.369599 27 storage/engine/rocksdb.go:119              Options.manifest_preallocation_size: 4194304
I191202 13:14:24.369607 27 storage/engine/rocksdb.go:119                      Options.is_fd_close_on_exec: 1
I191202 13:14:24.369615 27 storage/engine/rocksdb.go:119                    Options.advise_random_on_open: 1
I191202 13:14:24.369622 27 storage/engine/rocksdb.go:119                     Options.db_write_buffer_size: 0
I191202 13:14:24.369630 27 storage/engine/rocksdb.go:119                     Options.write_buffer_manager: 00000000146f1030
I191202 13:14:24.369638 27 storage/engine/rocksdb.go:119          Options.access_hint_on_compaction_start: 1
I191202 13:14:24.369646 27 storage/engine/rocksdb.go:119   Options.new_table_reader_for_compaction_inputs: 0
I191202 13:14:24.369653 27 storage/engine/rocksdb.go:119            Options.random_access_max_buffer_size: 1048576
I191202 13:14:24.369661 27 storage/engine/rocksdb.go:119                       Options.use_adaptive_mutex: 0
I191202 13:14:24.369669 27 storage/engine/rocksdb.go:119                             Options.rate_limiter: 0000000000000000
I191202 13:14:24.369677 27 storage/engine/rocksdb.go:119      Options.sst_file_manager.rate_bytes_per_sec: 0
I191202 13:14:24.369685 27 storage/engine/rocksdb.go:119                        Options.wal_recovery_mode: 0
I191202 13:14:24.369693 27 storage/engine/rocksdb.go:119                   Options.enable_thread_tracking: 0
I191202 13:14:24.369700 27 storage/engine/rocksdb.go:119                   Options.enable_pipelined_write: 0
I191202 13:14:24.369708 27 storage/engine/rocksdb.go:119          Options.allow_concurrent_memtable_write: 1
I191202 13:14:24.369715 27 storage/engine/rocksdb.go:119       Options.enable_write_thread_adaptive_yield: 1
I191202 13:14:24.369723 27 storage/engine/rocksdb.go:119              Options.write_thread_max_yield_usec: 100
I191202 13:14:24.369731 27 storage/engine/rocksdb.go:119             Options.write_thread_slow_yield_usec: 3
I191202 13:14:24.369739 27 storage/engine/rocksdb.go:119                                Options.row_cache: None
I191202 13:14:24.369747 27 storage/engine/rocksdb.go:119                               Options.wal_filter: None
I191202 13:14:24.369755 27 storage/engine/rocksdb.go:119              Options.avoid_flush_during_recovery: 0
I191202 13:14:24.369762 27 storage/engine/rocksdb.go:119              Options.allow_ingest_behind: 0
I191202 13:14:24.369770 27 storage/engine/rocksdb.go:119              Options.preserve_deletes: 0
I191202 13:14:24.369779 27 storage/engine/rocksdb.go:119              Options.two_write_queues: 0
I191202 13:14:24.369787 27 storage/engine/rocksdb.go:119              Options.manual_wal_flush: 1
I191202 13:14:24.369794 27 storage/engine/rocksdb.go:119              Options.atomic_flush: 0
I191202 13:14:24.369802 27 storage/engine/rocksdb.go:119              Options.avoid_unnecessary_blocking_io: 0
I191202 13:14:24.369810 27 storage/engine/rocksdb.go:119              Options.max_background_jobs: 4
I191202 13:14:24.369818 27 storage/engine/rocksdb.go:119              Options.max_background_compactions: -1
I191202 13:14:24.369825 27 storage/engine/rocksdb.go:119              Options.avoid_flush_during_shutdown: 0
I191202 13:14:24.369833 27 storage/engine/rocksdb.go:119            Options.writable_file_max_buffer_size: 1048576
I191202 13:14:24.369842 27 storage/engine/rocksdb.go:119              Options.delayed_write_rate : 16777216
I191202 13:14:24.369850 27 storage/engine/rocksdb.go:119              Options.max_total_wal_size: 0
I191202 13:14:24.369858 27 storage/engine/rocksdb.go:119              Options.delete_obsolete_files_period_micros: 21600000000
I191202 13:14:24.369866 27 storage/engine/rocksdb.go:119                    Options.stats_dump_period_sec: 0
I191202 13:14:24.369874 27 storage/engine/rocksdb.go:119                  Options.stats_persist_period_sec: 600
I191202 13:14:24.369881 27 storage/engine/rocksdb.go:119                  Options.stats_history_buffer_size: 1048576
I191202 13:14:24.369889 27 storage/engine/rocksdb.go:119                           Options.max_open_files: 10000
I191202 13:14:24.369897 27 storage/engine/rocksdb.go:119                           Options.bytes_per_sync: 524288
I191202 13:14:24.369905 27 storage/engine/rocksdb.go:119                       Options.wal_bytes_per_sync: 0
I191202 13:14:24.369913 27 storage/engine/rocksdb.go:119                    Options.strict_bytes_per_sync: 1
I191202 13:14:24.369920 27 storage/engine/rocksdb.go:119        Options.compaction_readahead_size: 0
I191202 13:14:24.369928 27 storage/engine/rocksdb.go:119  Compression algorithms supported:
I191202 13:14:24.369936 27 storage/engine/rocksdb.go:119  	kZSTDNotFinalCompression supported: 0
I191202 13:14:24.369944 27 storage/engine/rocksdb.go:119  	kZSTD supported: 0
I191202 13:14:24.369957 27 storage/engine/rocksdb.go:119  	kXpressCompression supported: 0
I191202 13:14:24.369974 27 storage/engine/rocksdb.go:119  	kLZ4HCCompression supported: 0
I191202 13:14:24.369984 27 storage/engine/rocksdb.go:119  	kLZ4Compression supported: 0
I191202 13:14:24.369992 27 storage/engine/rocksdb.go:119  	kBZip2Compression supported: 0
I191202 13:14:24.370000 27 storage/engine/rocksdb.go:119  	kZlibCompression supported: 0
I191202 13:14:24.370009 27 storage/engine/rocksdb.go:119  	kSnappyCompression supported: 1
I191202 13:14:24.370020 27 storage/engine/rocksdb.go:119  Fast CRC32 supported: Supported on x86
I191202 13:14:24.592109 27 storage/engine/rocksdb.go:119  [db/version_set.cc:4072] Recovering from manifest file: E:\Praxis-Bootcamp\pertemuan\minggu-5\micronaut-crud\databases\cockroach-data/MANIFEST-000008
I191202 13:14:24.742792 27 storage/engine/rocksdb.go:119  [db/column_family.cc:488] --------------- Options for column family [default]:
I191202 13:14:24.742811 27 storage/engine/rocksdb.go:119                Options.comparator: cockroach_comparator
I191202 13:14:24.742826 27 storage/engine/rocksdb.go:119            Options.merge_operator: cockroach_merge_operator
I191202 13:14:24.742840 27 storage/engine/rocksdb.go:119         Options.compaction_filter: None
I191202 13:14:24.742853 27 storage/engine/rocksdb.go:119         Options.compaction_filter_factory: None
I191202 13:14:24.742866 27 storage/engine/rocksdb.go:119          Options.memtable_factory: SkipListFactory
I191202 13:14:24.742875 27 storage/engine/rocksdb.go:119             Options.table_factory: BlockBasedTable
I191202 13:14:24.742950 27 storage/engine/rocksdb.go:119             table_factory options:   flush_block_policy_factory: FlushBlockBySizePolicyFactory (0000000014688028)
  cache_index_and_filter_blocks: 0
  cache_index_and_filter_blocks_with_high_priority: 0
  pin_l0_filter_and_index_blocks_in_cache: 0
  pin_top_level_index_and_filter: 1
  index_type: 0
  data_block_index_type: 0
  index_shortening: 1
  data_block_hash_table_util_ratio: 0.750000
  hash_index_allow_collision: 1
  checksum: 1
  no_block_cache: 0
  block_cache: 0000000014062010
  block_cache_name: LRUCache
  block_cache_options:
    capacity : 67108864
    num_shard_bits : 4
    strict_capacity_limit : 0
    memory_allocator : None
    high_pri_pool_ratio: 0.000
  block_cache_compressed: 0000000000000000
  persistent_cache: 0000000000000000
  block_size: 32768
  block_size_deviation: 10
  block_restart_interval: 16
  index_block_restart_interval: 1
  metadata_block_size: 4096
  partition_filters: 0
  use_delta_encoding: 1
  filter_policy: rocksdb.BuiltinBloomFilter
  whole_key_filtering: 0
  verify_compression: 0
  read_amp_bytes_per_bit: 0
  format_version: 2
  enable_index_compression: 1
  block_align: 0
I191202 13:14:24.742962 27 storage/engine/rocksdb.go:119         Options.write_buffer_size: 67108864
I191202 13:14:24.742973 27 storage/engine/rocksdb.go:119   Options.max_write_buffer_number: 4
I191202 13:14:24.742982 27 storage/engine/rocksdb.go:119           Options.compression: Snappy
I191202 13:14:24.742990 27 storage/engine/rocksdb.go:119                   Options.bottommost_compression: Disabled
I191202 13:14:24.742998 27 storage/engine/rocksdb.go:119        Options.prefix_extractor: cockroach_prefix_extractor
I191202 13:14:24.743006 27 storage/engine/rocksdb.go:119    Options.memtable_insert_with_hint_prefix_extractor: nullptr
I191202 13:14:24.743014 27 storage/engine/rocksdb.go:119              Options.num_levels: 7
I191202 13:14:24.743022 27 storage/engine/rocksdb.go:119         Options.min_write_buffer_number_to_merge: 1
I191202 13:14:24.743030 27 storage/engine/rocksdb.go:119      Options.max_write_buffer_number_to_maintain: 0
I191202 13:14:24.743038 27 storage/engine/rocksdb.go:119             Options.bottommost_compression_opts.window_bits: -14
I191202 13:14:24.743046 27 storage/engine/rocksdb.go:119                   Options.bottommost_compression_opts.level: 32767
I191202 13:14:24.743054 27 storage/engine/rocksdb.go:119                Options.bottommost_compression_opts.strategy: 0
I191202 13:14:24.743063 27 storage/engine/rocksdb.go:119          Options.bottommost_compression_opts.max_dict_bytes: 0
I191202 13:14:24.743071 27 storage/engine/rocksdb.go:119          Options.bottommost_compression_opts.zstd_max_train_bytes: 0
I191202 13:14:24.743078 27 storage/engine/rocksdb.go:119                   Options.bottommost_compression_opts.enabled: false
I191202 13:14:24.743086 27 storage/engine/rocksdb.go:119             Options.compression_opts.window_bits: -14
I191202 13:14:24.743094 27 storage/engine/rocksdb.go:119                   Options.compression_opts.level: 32767
I191202 13:14:24.743102 27 storage/engine/rocksdb.go:119                Options.compression_opts.strategy: 0
I191202 13:14:24.743110 27 storage/engine/rocksdb.go:119          Options.compression_opts.max_dict_bytes: 0
I191202 13:14:24.743118 27 storage/engine/rocksdb.go:119          Options.compression_opts.zstd_max_train_bytes: 0
I191202 13:14:24.743126 27 storage/engine/rocksdb.go:119                   Options.compression_opts.enabled: false
I191202 13:14:24.743134 27 storage/engine/rocksdb.go:119       Options.level0_file_num_compaction_trigger: 2
I191202 13:14:24.743142 27 storage/engine/rocksdb.go:119           Options.level0_slowdown_writes_trigger: 950
I191202 13:14:24.743150 27 storage/engine/rocksdb.go:119               Options.level0_stop_writes_trigger: 1000
I191202 13:14:24.743158 27 storage/engine/rocksdb.go:119                    Options.target_file_size_base: 4194304
I191202 13:14:24.743166 27 storage/engine/rocksdb.go:119              Options.target_file_size_multiplier: 2
I191202 13:14:24.743173 27 storage/engine/rocksdb.go:119                 Options.max_bytes_for_level_base: 67108864
I191202 13:14:24.743181 27 storage/engine/rocksdb.go:119  Options.level_compaction_dynamic_level_bytes: 1
I191202 13:14:24.743191 27 storage/engine/rocksdb.go:119           Options.max_bytes_for_level_multiplier: 10.000000
I191202 13:14:24.743199 27 storage/engine/rocksdb.go:119  Options.max_bytes_for_level_multiplier_addtl[0]: 1
I191202 13:14:24.743207 27 storage/engine/rocksdb.go:119  Options.max_bytes_for_level_multiplier_addtl[1]: 1
I191202 13:14:24.743215 27 storage/engine/rocksdb.go:119  Options.max_bytes_for_level_multiplier_addtl[2]: 1
I191202 13:14:24.743223 27 storage/engine/rocksdb.go:119  Options.max_bytes_for_level_multiplier_addtl[3]: 1
I191202 13:14:24.743230 27 storage/engine/rocksdb.go:119  Options.max_bytes_for_level_multiplier_addtl[4]: 1
I191202 13:14:24.743238 27 storage/engine/rocksdb.go:119  Options.max_bytes_for_level_multiplier_addtl[5]: 1
I191202 13:14:24.743246 27 storage/engine/rocksdb.go:119  Options.max_bytes_for_level_multiplier_addtl[6]: 1
I191202 13:14:24.743255 27 storage/engine/rocksdb.go:119        Options.max_sequential_skip_in_iterations: 8
I191202 13:14:24.743263 27 storage/engine/rocksdb.go:119                     Options.max_compaction_bytes: 104857600
I191202 13:14:24.743271 27 storage/engine/rocksdb.go:119                         Options.arena_block_size: 8388608
I191202 13:14:24.743279 27 storage/engine/rocksdb.go:119    Options.soft_pending_compaction_bytes_limit: 2199023255552
I191202 13:14:24.743287 27 storage/engine/rocksdb.go:119    Options.hard_pending_compaction_bytes_limit: 4400193994752
I191202 13:14:24.743295 27 storage/engine/rocksdb.go:119        Options.rate_limit_delay_max_milliseconds: 100
I191202 13:14:24.743302 27 storage/engine/rocksdb.go:119                 Options.disable_auto_compactions: 0
I191202 13:14:24.743312 27 storage/engine/rocksdb.go:119                         Options.compaction_style: kCompactionStyleLevel
I191202 13:14:24.743322 27 storage/engine/rocksdb.go:119                           Options.compaction_pri: kMinOverlappingRatio
I191202 13:14:24.743330 27 storage/engine/rocksdb.go:119  Options.compaction_options_universal.size_ratio: 1
I191202 13:14:24.743338 27 storage/engine/rocksdb.go:119  Options.compaction_options_universal.min_merge_width: 2
I191202 13:14:24.743345 27 storage/engine/rocksdb.go:119  Options.compaction_options_universal.max_merge_width: 4294967295
I191202 13:14:24.743353 27 storage/engine/rocksdb.go:119  Options.compaction_options_universal.max_size_amplification_percent: 200
I191202 13:14:24.743361 27 storage/engine/rocksdb.go:119  Options.compaction_options_universal.compression_size_percent: -1
I191202 13:14:24.743370 27 storage/engine/rocksdb.go:119  Options.compaction_options_universal.stop_style: kCompactionStopStyleTotalSize
I191202 13:14:24.743378 27 storage/engine/rocksdb.go:119  Options.compaction_options_fifo.max_table_files_size: 1073741824
I191202 13:14:24.743387 27 storage/engine/rocksdb.go:119  Options.compaction_options_fifo.allow_compaction: 0
I191202 13:14:24.743398 27 storage/engine/rocksdb.go:119                    Options.table_properties_collectors: TimeBoundTblPropCollectorFactory; DeleteRangeTblPropCollectorFactory; 
I191202 13:14:24.743408 27 storage/engine/rocksdb.go:119                    Options.inplace_update_support: 0
I191202 13:14:24.743416 27 storage/engine/rocksdb.go:119                  Options.inplace_update_num_locks: 10000
I191202 13:14:24.743424 27 storage/engine/rocksdb.go:119                Options.memtable_prefix_bloom_size_ratio: 0.000000
I191202 13:14:24.743433 27 storage/engine/rocksdb.go:119                Options.memtable_whole_key_filtering: 0
I191202 13:14:24.743441 27 storage/engine/rocksdb.go:119    Options.memtable_huge_page_size: 0
I191202 13:14:24.743449 27 storage/engine/rocksdb.go:119                            Options.bloom_locality: 0
I191202 13:14:24.743457 27 storage/engine/rocksdb.go:119                     Options.max_successive_merges: 0
I191202 13:14:24.743465 27 storage/engine/rocksdb.go:119                 Options.optimize_filters_for_hits: 1
I191202 13:14:24.743473 27 storage/engine/rocksdb.go:119                 Options.paranoid_file_checks: 0
I191202 13:14:24.743481 27 storage/engine/rocksdb.go:119                 Options.force_consistency_checks: 0
I191202 13:14:24.743489 27 storage/engine/rocksdb.go:119                 Options.report_bg_io_stats: 0
I191202 13:14:24.743497 27 storage/engine/rocksdb.go:119                                Options.ttl: 0
I191202 13:14:24.743505 27 storage/engine/rocksdb.go:119           Options.periodic_compaction_seconds: 0
I191202 13:14:24.873915 27 storage/engine/rocksdb.go:119  [db/version_set.cc:4286] Recovered from manifest file:E:\Praxis-Bootcamp\pertemuan\minggu-5\micronaut-crud\databases\cockroach-data/MANIFEST-000008 succeeded,manifest_file_number is 8, next_file_number is 10, last_sequence is 216142, log_number is 6,prev_log_number is 0,max_column_family is 0,min_log_number_to_keep is 0
I191202 13:14:24.873934 27 storage/engine/rocksdb.go:119  [db/version_set.cc:4295] Column family [default] (ID 0), log number is 6
I191202 13:14:24.890215 27 storage/engine/rocksdb.go:119  EVENT_LOG_v1 {"time_micros": 1575292464884641, "job": 1, "event": "recovery_started", "log_files": [3, 6]}
I191202 13:14:24.890422 27 storage/engine/rocksdb.go:119  [db/db_impl_open.cc:586] Skipping log #3 since it is older than min log to keep #6
I191202 13:14:24.890437 27 storage/engine/rocksdb.go:119  [db/db_impl_open.cc:598] Recovering log #6 mode 0
I191202 13:14:25.690595 27 storage/engine/rocksdb.go:119  EVENT_LOG_v1 {"time_micros": 1575292465690109, "cf_name": "default", "job": 1, "event": "table_file_creation", "file_number": 10, "file_size": 75034, "table_properties": {"data_size": 72365, "index_size": 460, "index_partitions": 0, "top_level_index_size": 0, "index_key_is_user_key": 0, "index_value_is_delta_encoded": 0, "filter_size": 1349, "raw_key_size": 47294, "raw_average_key_size": 44, "raw_value_size": 352991, "raw_average_value_size": 335, "num_data_blocks": 9, "num_entries": 1053, "num_deletions": 230, "num_merge_operands": 664, "num_range_deletions": 664, "format_version": 0, "fixed_key_len": 0, "filter_policy": "rocksdb.BuiltinBloomFilter", "column_family_name": "default", "column_family_id": 0, "comparator": "cockroach_comparator", "merge_operator": "cockroach_merge_operator", "prefix_extractor_name": "cockroach_prefix_extractor", "property_collectors": "[TimeBoundTblPropCollectorFactory,DeleteRangeTblPropCollectorFactory]", "compression": "Snappy", "compression_options": "window_bits=-14; level=32767; strategy=0; max_dict_bytes=0; zstd_max_train_bytes=0; enabled=0; ", "creation_time": 1575292465, "oldest_key_time": 3, "file_creation_time": 0}}
I191202 13:14:25.692197 27 storage/engine/rocksdb.go:119  [db/version_set.cc:3560] Creating manifest 11
I191202 13:14:26.028061 27 storage/engine/rocksdb.go:119  EVENT_LOG_v1 {"time_micros": 1575292466027447, "job": 1, "event": "recovery_finished"}
I191202 13:14:26.154548 27 storage/engine/rocksdb.go:119  DB pointer 0000000014706000
I191202 13:14:26.178739 17 storage/engine/rocksdb.go:119  [db/compaction_job.cc:1647] [default] [JOB 3] Compacting 2@0 files to L6, score 1.00
I191202 13:14:26.178813 17 storage/engine/rocksdb.go:119  [db/compaction_job.cc:1651] [default] Compaction start summary: Base version 2 Base level 0, inputs: [10(73KB) 7(417KB)]
I191202 13:14:26.179007 17 storage/engine/rocksdb.go:119  EVENT_LOG_v1 {"time_micros": 1575292466178673, "job": 3, "event": "compaction_started", "compaction_reason": "LevelL0FilesNum", "files_L0": [10, 7], "score": 1, "input_data_size": 502694}
I191202 13:14:26.486898 17 storage/engine/rocksdb.go:119  [db/compaction_job.cc:1334] [default] [JOB 3] Generated table #15: 2716 keys, 365186 bytes
I191202 13:14:26.487323 17 storage/engine/rocksdb.go:119  EVENT_LOG_v1 {"time_micros": 1575292466486199, "cf_name": "default", "job": 3, "event": "table_file_creation", "file_number": 15, "file_size": 365186, "table_properties": {"data_size": 362041, "index_size": 4562, "index_partitions": 0, "top_level_index_size": 0, "index_key_is_user_key": 0, "index_value_is_delta_encoded": 0, "filter_size": 0, "raw_key_size": 113547, "raw_average_key_size": 41, "raw_value_size": 2280145, "raw_average_value_size": 839, "num_data_blocks": 72, "num_entries": 2716, "num_deletions": 0, "num_merge_operands": 0, "num_range_deletions": 0, "format_version": 0, "fixed_key_len": 0, "filter_policy": "rocksdb.BuiltinBloomFilter", "column_family_name": "default", "column_family_id": 0, "comparator": "cockroach_comparator", "merge_operator": "cockroach_merge_operator", "prefix_extractor_name": "cockroach_prefix_extractor", "property_collectors": "[TimeBoundTblPropCollectorFactory,DeleteRangeTblPropCollectorFactory]", "compression": "Snappy", "compression_options": "window_bits=-14; level=32767; strategy=0; max_dict_bytes=0; zstd_max_train_bytes=0; enabled=0; ", "creation_time": 1575292465, "oldest_key_time": 0, "file_creation_time": 1575292466}}
I191202 13:14:26.489056 17 storage/engine/rocksdb.go:119  [db/compaction_job.cc:1397] [default] [JOB 3] Compacted 2@0 files to L6 => 365186 bytes
I191202 13:14:26.489207 17 storage/engine/rocksdb.go:119  [db/version_set.cc:3086] More existing levels in DB than needed. max_bytes_for_level_multiplier may not be guaranteed.
I191202 13:14:26.723259 17 storage/engine/rocksdb.go:119  (Original Log Time 2019/12/02-20:14:26.722164) [db/compaction_job.cc:770] [default] compacted to: base level 6 level multiplier 10.00 max bytes base 67108864 files[0 0 0 0 0 0 1] max score 0.00, MB/sec: 1.6 rd, 1.2 wr, level 6, files in(2, 0) out(1) MB in(0.5, 0.0) out(0.3), read-write-amplify(1.7) write-amplify(0.7) OK, records in: 9427, records dropped: 6047 output_compression: Snappy
I191202 13:14:26.730740 17 storage/engine/rocksdb.go:119  (Original Log Time 2019/12/02-20:14:26.722164) EVENT_LOG_v1 {"time_micros": 1575292466722164, "job": 3, "event": "compaction_finished", "compaction_time_micros": 309045, "compaction_time_cpu_micros": 0, "output_level": 6, "num_output_files": 1, "total_output_size": 365186, "num_input_records": 8763, "num_output_records": 2716, "num_subcompactions": 1, "output_compression": "Snappy", "num_single_delete_mismatches": 0, "num_single_delete_fallthrough": 0, "lsm_state": [0, 0, 0, 0, 0, 0, 1]}
I191202 13:14:26.731825 17 storage/engine/rocksdb.go:119  EVENT_LOG_v1 {"time_micros": 1575292466730930, "job": 3, "event": "table_file_deletion", "file_number": 10}
I191202 13:14:26.732724 17 storage/engine/rocksdb.go:119  EVENT_LOG_v1 {"time_micros": 1575292466731942, "job": 3, "event": "table_file_deletion", "file_number": 7}
I191202 13:15:00.132595 978 storage/engine/rocksdb.go:119  bloom filter utility:    nan%
I191202 13:15:00.223368 978 storage/engine/rocksdb.go:119  [db/db_impl.cc:392] Shutdown: canceling all background work
I191202 13:15:00.454984 978 storage/engine/rocksdb.go:119  [db/db_impl.cc:565] Shutdown complete
I191202 13:15:00.643911 978 storage/engine/rocksdb.go:119  bloom filter utility:    50.0%
I191202 13:15:00.778891 978 storage/engine/rocksdb.go:119  [db/db_impl.cc:392] Shutdown: canceling all background work
I191202 13:15:01.063185 978 storage/engine/rocksdb.go:119  [db/db_impl.cc:565] Shutdown complete
